Submitting /home/ntamvada/projects/def-gcohenfr/ntamvada/simulations/runscripts/n400_cor_sparse/1.run.job to the cluster
sbatch: NOTE: Your memory request of 131072M was likely submitted as 128G. Please note that Slurm interprets memory requests denominated in G as multiples of 1024M, not 1000M.
Submitted batch job 3286529
Submitting /home/ntamvada/projects/def-gcohenfr/ntamvada/simulations/runscripts/n400_cor_sparse/2.run.job to the cluster
sbatch: NOTE: Your memory request of 131072M was likely submitted as 128G. Please note that Slurm interprets memory requests denominated in G as multiples of 1024M, not 1000M.
Submitted batch job 3286552
Submitting /home/ntamvada/projects/def-gcohenfr/ntamvada/simulations/runscripts/n400_cor_sparse/3.run.job to the cluster
sbatch: NOTE: Your memory request of 131072M was likely submitted as 128G. Please note that Slurm interprets memory requests denominated in G as multiples of 1024M, not 1000M.
Submitted batch job 3286573
Submitting /home/ntamvada/projects/def-gcohenfr/ntamvada/simulations/runscripts/n400_cor_sparse/4.run.job to the cluster
sbatch: NOTE: Your memory request of 131072M was likely submitted as 128G. Please note that Slurm interprets memory requests denominated in G as multiples of 1024M, not 1000M.
Submitted batch job 3286583
Submitting /home/ntamvada/projects/def-gcohenfr/ntamvada/simulations/runscripts/n400_cor_sparse/5.run.job to the cluster
sbatch: NOTE: Your memory request of 131072M was likely submitted as 128G. Please note that Slurm interprets memory requests denominated in G as multiples of 1024M, not 1000M.
Submitted batch job 3286599
Submitting /home/ntamvada/projects/def-gcohenfr/ntamvada/simulations/runscripts/n400_cor_sparse/6.run.job to the cluster
sbatch: NOTE: Your memory request of 131072M was likely submitted as 128G. Please note that Slurm interprets memory requests denominated in G as multiples of 1024M, not 1000M.
Submitted batch job 3286669
Submitting /home/ntamvada/projects/def-gcohenfr/ntamvada/simulations/runscripts/n400_cor_sparse/7.run.job to the cluster
sbatch: NOTE: Your memory request of 131072M was likely submitted as 128G. Please note that Slurm interprets memory requests denominated in G as multiples of 1024M, not 1000M.
Submitted batch job 3286675
Submitting /home/ntamvada/projects/def-gcohenfr/ntamvada/simulations/runscripts/n400_cor_sparse/8.run.job to the cluster
sbatch: NOTE: Your memory request of 131072M was likely submitted as 128G. Please note that Slurm interprets memory requests denominated in G as multiples of 1024M, not 1000M.
Submitted batch job 3286715
Submitting /home/ntamvada/projects/def-gcohenfr/ntamvada/simulations/runscripts/n400_cor_sparse/9.run.job to the cluster
sbatch: NOTE: Your memory request of 131072M was likely submitted as 128G. Please note that Slurm interprets memory requests denominated in G as multiples of 1024M, not 1000M.
Submitted batch job 3286810
Submitting /home/ntamvada/projects/def-gcohenfr/ntamvada/simulations/runscripts/n400_cor_sparse/10.run.job to the cluster
sbatch: NOTE: Your memory request of 131072M was likely submitted as 128G. Please note that Slurm interprets memory requests denominated in G as multiples of 1024M, not 1000M.
Submitted batch job 3286857
Submitting /home/ntamvada/projects/def-gcohenfr/ntamvada/simulations/runscripts/n400_cor_sparse/11.run.job to the cluster
sbatch: NOTE: Your memory request of 131072M was likely submitted as 128G. Please note that Slurm interprets memory requests denominated in G as multiples of 1024M, not 1000M.
Submitted batch job 3286891
Submitting /home/ntamvada/projects/def-gcohenfr/ntamvada/simulations/runscripts/n400_cor_sparse/12.run.job to the cluster
sbatch: NOTE: Your memory request of 131072M was likely submitted as 128G. Please note that Slurm interprets memory requests denominated in G as multiples of 1024M, not 1000M.
Submitted batch job 3286916
Submitting /home/ntamvada/projects/def-gcohenfr/ntamvada/simulations/runscripts/n400_cor_sparse/13.run.job to the cluster
sbatch: NOTE: Your memory request of 131072M was likely submitted as 128G. Please note that Slurm interprets memory requests denominated in G as multiples of 1024M, not 1000M.
Submitted batch job 3286944
Submitting /home/ntamvada/projects/def-gcohenfr/ntamvada/simulations/runscripts/n400_cor_sparse/14.run.job to the cluster
sbatch: NOTE: Your memory request of 131072M was likely submitted as 128G. Please note that Slurm interprets memory requests denominated in G as multiples of 1024M, not 1000M.
Submitted batch job 3286991
Submitting /home/ntamvada/projects/def-gcohenfr/ntamvada/simulations/runscripts/n400_cor_sparse/15.run.job to the cluster
sbatch: NOTE: Your memory request of 131072M was likely submitted as 128G. Please note that Slurm interprets memory requests denominated in G as multiples of 1024M, not 1000M.
Submitted batch job 3286995
Submitting /home/ntamvada/projects/def-gcohenfr/ntamvada/simulations/runscripts/n400_cor_sparse/16.run.job to the cluster
sbatch: NOTE: Your memory request of 131072M was likely submitted as 128G. Please note that Slurm interprets memory requests denominated in G as multiples of 1024M, not 1000M.
Submitted batch job 3287028
Submitting /home/ntamvada/projects/def-gcohenfr/ntamvada/simulations/runscripts/n400_cor_sparse/17.run.job to the cluster
sbatch: NOTE: Your memory request of 131072M was likely submitted as 128G. Please note that Slurm interprets memory requests denominated in G as multiples of 1024M, not 1000M.
Submitted batch job 3287041
Submitting /home/ntamvada/projects/def-gcohenfr/ntamvada/simulations/runscripts/n400_cor_sparse/18.run.job to the cluster
sbatch: NOTE: Your memory request of 131072M was likely submitted as 128G. Please note that Slurm interprets memory requests denominated in G as multiples of 1024M, not 1000M.
Submitted batch job 3287075
Submitting /home/ntamvada/projects/def-gcohenfr/ntamvada/simulations/runscripts/n400_cor_sparse/19.run.job to the cluster
sbatch: NOTE: Your memory request of 131072M was likely submitted as 128G. Please note that Slurm interprets memory requests denominated in G as multiples of 1024M, not 1000M.
Submitted batch job 3287090
Submitting /home/ntamvada/projects/def-gcohenfr/ntamvada/simulations/runscripts/n400_cor_sparse/20.run.job to the cluster
sbatch: NOTE: Your memory request of 131072M was likely submitted as 128G. Please note that Slurm interprets memory requests denominated in G as multiples of 1024M, not 1000M.
Submitted batch job 3287123
Submitting /home/ntamvada/projects/def-gcohenfr/ntamvada/simulations/runscripts/n400_cor_sparse/21.run.job to the cluster
sbatch: NOTE: Your memory request of 131072M was likely submitted as 128G. Please note that Slurm interprets memory requests denominated in G as multiples of 1024M, not 1000M.
Submitted batch job 3287141
Submitting /home/ntamvada/projects/def-gcohenfr/ntamvada/simulations/runscripts/n400_cor_sparse/22.run.job to the cluster
sbatch: NOTE: Your memory request of 131072M was likely submitted as 128G. Please note that Slurm interprets memory requests denominated in G as multiples of 1024M, not 1000M.
Submitted batch job 3287240
Submitting /home/ntamvada/projects/def-gcohenfr/ntamvada/simulations/runscripts/n400_cor_sparse/23.run.job to the cluster
sbatch: NOTE: Your memory request of 131072M was likely submitted as 128G. Please note that Slurm interprets memory requests denominated in G as multiples of 1024M, not 1000M.
Submitted batch job 3287251
Submitting /home/ntamvada/projects/def-gcohenfr/ntamvada/simulations/runscripts/n400_cor_sparse/24.run.job to the cluster
sbatch: NOTE: Your memory request of 131072M was likely submitted as 128G. Please note that Slurm interprets memory requests denominated in G as multiples of 1024M, not 1000M.
Submitted batch job 3287298
Submitting /home/ntamvada/projects/def-gcohenfr/ntamvada/simulations/runscripts/n400_cor_sparse/25.run.job to the cluster
sbatch: NOTE: Your memory request of 131072M was likely submitted as 128G. Please note that Slurm interprets memory requests denominated in G as multiples of 1024M, not 1000M.
Submitted batch job 3287334
Submitting /home/ntamvada/projects/def-gcohenfr/ntamvada/simulations/runscripts/n400_cor_sparse/26.run.job to the cluster
sbatch: NOTE: Your memory request of 131072M was likely submitted as 128G. Please note that Slurm interprets memory requests denominated in G as multiples of 1024M, not 1000M.
Submitted batch job 3287427
Submitting /home/ntamvada/projects/def-gcohenfr/ntamvada/simulations/runscripts/n400_cor_sparse/27.run.job to the cluster
sbatch: NOTE: Your memory request of 131072M was likely submitted as 128G. Please note that Slurm interprets memory requests denominated in G as multiples of 1024M, not 1000M.
Submitted batch job 3287473
Submitting /home/ntamvada/projects/def-gcohenfr/ntamvada/simulations/runscripts/n400_cor_sparse/28.run.job to the cluster
sbatch: NOTE: Your memory request of 131072M was likely submitted as 128G. Please note that Slurm interprets memory requests denominated in G as multiples of 1024M, not 1000M.
Submitted batch job 3287527
Submitting /home/ntamvada/projects/def-gcohenfr/ntamvada/simulations/runscripts/n400_cor_sparse/29.run.job to the cluster
sbatch: NOTE: Your memory request of 131072M was likely submitted as 128G. Please note that Slurm interprets memory requests denominated in G as multiples of 1024M, not 1000M.
Submitted batch job 3287583
Submitting /home/ntamvada/projects/def-gcohenfr/ntamvada/simulations/runscripts/n400_cor_sparse/30.run.job to the cluster
sbatch: NOTE: Your memory request of 131072M was likely submitted as 128G. Please note that Slurm interprets memory requests denominated in G as multiples of 1024M, not 1000M.
Submitted batch job 3287605
Submitting /home/ntamvada/projects/def-gcohenfr/ntamvada/simulations/runscripts/n400_cor_sparse/31.run.job to the cluster
sbatch: NOTE: Your memory request of 131072M was likely submitted as 128G. Please note that Slurm interprets memory requests denominated in G as multiples of 1024M, not 1000M.
Submitted batch job 3287626
Submitting /home/ntamvada/projects/def-gcohenfr/ntamvada/simulations/runscripts/n400_cor_sparse/32.run.job to the cluster
sbatch: NOTE: Your memory request of 131072M was likely submitted as 128G. Please note that Slurm interprets memory requests denominated in G as multiples of 1024M, not 1000M.
Submitted batch job 3287658
Submitting /home/ntamvada/projects/def-gcohenfr/ntamvada/simulations/runscripts/n400_cor_sparse/33.run.job to the cluster
sbatch: NOTE: Your memory request of 131072M was likely submitted as 128G. Please note that Slurm interprets memory requests denominated in G as multiples of 1024M, not 1000M.
Submitted batch job 3287687
Submitting /home/ntamvada/projects/def-gcohenfr/ntamvada/simulations/runscripts/n400_cor_sparse/34.run.job to the cluster
sbatch: NOTE: Your memory request of 131072M was likely submitted as 128G. Please note that Slurm interprets memory requests denominated in G as multiples of 1024M, not 1000M.
Submitted batch job 3287756
Submitting /home/ntamvada/projects/def-gcohenfr/ntamvada/simulations/runscripts/n400_cor_sparse/35.run.job to the cluster
sbatch: NOTE: Your memory request of 131072M was likely submitted as 128G. Please note that Slurm interprets memory requests denominated in G as multiples of 1024M, not 1000M.
Submitted batch job 3287788
Submitting /home/ntamvada/projects/def-gcohenfr/ntamvada/simulations/runscripts/n400_cor_sparse/36.run.job to the cluster
sbatch: NOTE: Your memory request of 131072M was likely submitted as 128G. Please note that Slurm interprets memory requests denominated in G as multiples of 1024M, not 1000M.
Submitted batch job 3287806
Submitting /home/ntamvada/projects/def-gcohenfr/ntamvada/simulations/runscripts/n400_cor_sparse/37.run.job to the cluster
sbatch: NOTE: Your memory request of 131072M was likely submitted as 128G. Please note that Slurm interprets memory requests denominated in G as multiples of 1024M, not 1000M.
Submitted batch job 3287825
Submitting /home/ntamvada/projects/def-gcohenfr/ntamvada/simulations/runscripts/n400_cor_sparse/38.run.job to the cluster
sbatch: NOTE: Your memory request of 131072M was likely submitted as 128G. Please note that Slurm interprets memory requests denominated in G as multiples of 1024M, not 1000M.
Submitted batch job 3287860
Submitting /home/ntamvada/projects/def-gcohenfr/ntamvada/simulations/runscripts/n400_cor_sparse/39.run.job to the cluster
sbatch: NOTE: Your memory request of 131072M was likely submitted as 128G. Please note that Slurm interprets memory requests denominated in G as multiples of 1024M, not 1000M.
Submitted batch job 3287873
Submitting /home/ntamvada/projects/def-gcohenfr/ntamvada/simulations/runscripts/n400_cor_sparse/40.run.job to the cluster
sbatch: NOTE: Your memory request of 131072M was likely submitted as 128G. Please note that Slurm interprets memory requests denominated in G as multiples of 1024M, not 1000M.
Submitted batch job 3287895
Submitting /home/ntamvada/projects/def-gcohenfr/ntamvada/simulations/runscripts/n400_cor_sparse/41.run.job to the cluster
sbatch: NOTE: Your memory request of 131072M was likely submitted as 128G. Please note that Slurm interprets memory requests denominated in G as multiples of 1024M, not 1000M.
Submitted batch job 3287916
Submitting /home/ntamvada/projects/def-gcohenfr/ntamvada/simulations/runscripts/n400_cor_sparse/42.run.job to the cluster
sbatch: NOTE: Your memory request of 131072M was likely submitted as 128G. Please note that Slurm interprets memory requests denominated in G as multiples of 1024M, not 1000M.
Submitted batch job 3287938
Submitting /home/ntamvada/projects/def-gcohenfr/ntamvada/simulations/runscripts/n400_cor_sparse/43.run.job to the cluster
sbatch: NOTE: Your memory request of 131072M was likely submitted as 128G. Please note that Slurm interprets memory requests denominated in G as multiples of 1024M, not 1000M.
Submitted batch job 3287973
Submitting /home/ntamvada/projects/def-gcohenfr/ntamvada/simulations/runscripts/n400_cor_sparse/44.run.job to the cluster
sbatch: NOTE: Your memory request of 131072M was likely submitted as 128G. Please note that Slurm interprets memory requests denominated in G as multiples of 1024M, not 1000M.
Submitted batch job 3287990
Submitting /home/ntamvada/projects/def-gcohenfr/ntamvada/simulations/runscripts/n400_cor_sparse/45.run.job to the cluster
sbatch: NOTE: Your memory request of 131072M was likely submitted as 128G. Please note that Slurm interprets memory requests denominated in G as multiples of 1024M, not 1000M.
Submitted batch job 3288023
Submitting /home/ntamvada/projects/def-gcohenfr/ntamvada/simulations/runscripts/n400_cor_sparse/46.run.job to the cluster
sbatch: NOTE: Your memory request of 131072M was likely submitted as 128G. Please note that Slurm interprets memory requests denominated in G as multiples of 1024M, not 1000M.
Submitted batch job 3288053
Submitting /home/ntamvada/projects/def-gcohenfr/ntamvada/simulations/runscripts/n400_cor_sparse/47.run.job to the cluster
sbatch: NOTE: Your memory request of 131072M was likely submitted as 128G. Please note that Slurm interprets memory requests denominated in G as multiples of 1024M, not 1000M.
Submitted batch job 3288079
Submitting /home/ntamvada/projects/def-gcohenfr/ntamvada/simulations/runscripts/n400_cor_sparse/48.run.job to the cluster
sbatch: NOTE: Your memory request of 131072M was likely submitted as 128G. Please note that Slurm interprets memory requests denominated in G as multiples of 1024M, not 1000M.
Submitted batch job 3288139
Submitting /home/ntamvada/projects/def-gcohenfr/ntamvada/simulations/runscripts/n400_cor_sparse/49.run.job to the cluster
sbatch: NOTE: Your memory request of 131072M was likely submitted as 128G. Please note that Slurm interprets memory requests denominated in G as multiples of 1024M, not 1000M.
Submitted batch job 3288198
Submitting /home/ntamvada/projects/def-gcohenfr/ntamvada/simulations/runscripts/n400_cor_sparse/50.run.job to the cluster
sbatch: NOTE: Your memory request of 131072M was likely submitted as 128G. Please note that Slurm interprets memory requests denominated in G as multiples of 1024M, not 1000M.
Submitted batch job 3288268
Submitting /home/ntamvada/projects/def-gcohenfr/ntamvada/simulations/runscripts/n400_cor_sparse/51.run.job to the cluster
sbatch: NOTE: Your memory request of 131072M was likely submitted as 128G. Please note that Slurm interprets memory requests denominated in G as multiples of 1024M, not 1000M.
Submitted batch job 3288325
Submitting /home/ntamvada/projects/def-gcohenfr/ntamvada/simulations/runscripts/n400_cor_sparse/52.run.job to the cluster
sbatch: NOTE: Your memory request of 131072M was likely submitted as 128G. Please note that Slurm interprets memory requests denominated in G as multiples of 1024M, not 1000M.
Submitted batch job 3288378
Submitting /home/ntamvada/projects/def-gcohenfr/ntamvada/simulations/runscripts/n400_cor_sparse/53.run.job to the cluster
sbatch: NOTE: Your memory request of 131072M was likely submitted as 128G. Please note that Slurm interprets memory requests denominated in G as multiples of 1024M, not 1000M.
Submitted batch job 3288407
Submitting /home/ntamvada/projects/def-gcohenfr/ntamvada/simulations/runscripts/n400_cor_sparse/54.run.job to the cluster
sbatch: NOTE: Your memory request of 131072M was likely submitted as 128G. Please note that Slurm interprets memory requests denominated in G as multiples of 1024M, not 1000M.
Submitted batch job 3288443
Submitting /home/ntamvada/projects/def-gcohenfr/ntamvada/simulations/runscripts/n400_cor_sparse/55.run.job to the cluster
sbatch: NOTE: Your memory request of 131072M was likely submitted as 128G. Please note that Slurm interprets memory requests denominated in G as multiples of 1024M, not 1000M.
Submitted batch job 3288472
Submitting /home/ntamvada/projects/def-gcohenfr/ntamvada/simulations/runscripts/n400_cor_sparse/56.run.job to the cluster
sbatch: NOTE: Your memory request of 131072M was likely submitted as 128G. Please note that Slurm interprets memory requests denominated in G as multiples of 1024M, not 1000M.
Submitted batch job 3288500
Submitting /home/ntamvada/projects/def-gcohenfr/ntamvada/simulations/runscripts/n400_cor_sparse/57.run.job to the cluster
sbatch: NOTE: Your memory request of 131072M was likely submitted as 128G. Please note that Slurm interprets memory requests denominated in G as multiples of 1024M, not 1000M.
Submitted batch job 3288515
Submitting /home/ntamvada/projects/def-gcohenfr/ntamvada/simulations/runscripts/n400_cor_sparse/58.run.job to the cluster
sbatch: NOTE: Your memory request of 131072M was likely submitted as 128G. Please note that Slurm interprets memory requests denominated in G as multiples of 1024M, not 1000M.
Submitted batch job 3288522
Submitting /home/ntamvada/projects/def-gcohenfr/ntamvada/simulations/runscripts/n400_cor_sparse/59.run.job to the cluster
sbatch: NOTE: Your memory request of 131072M was likely submitted as 128G. Please note that Slurm interprets memory requests denominated in G as multiples of 1024M, not 1000M.
Submitted batch job 3288557
Submitting /home/ntamvada/projects/def-gcohenfr/ntamvada/simulations/runscripts/n400_cor_sparse/60.run.job to the cluster
sbatch: NOTE: Your memory request of 131072M was likely submitted as 128G. Please note that Slurm interprets memory requests denominated in G as multiples of 1024M, not 1000M.
Submitted batch job 3288565
Submitting /home/ntamvada/projects/def-gcohenfr/ntamvada/simulations/runscripts/n400_cor_sparse/61.run.job to the cluster
sbatch: NOTE: Your memory request of 131072M was likely submitted as 128G. Please note that Slurm interprets memory requests denominated in G as multiples of 1024M, not 1000M.
Submitted batch job 3288606
Submitting /home/ntamvada/projects/def-gcohenfr/ntamvada/simulations/runscripts/n400_cor_sparse/62.run.job to the cluster
sbatch: NOTE: Your memory request of 131072M was likely submitted as 128G. Please note that Slurm interprets memory requests denominated in G as multiples of 1024M, not 1000M.
Submitted batch job 3288636
Submitting /home/ntamvada/projects/def-gcohenfr/ntamvada/simulations/runscripts/n400_cor_sparse/63.run.job to the cluster
sbatch: NOTE: Your memory request of 131072M was likely submitted as 128G. Please note that Slurm interprets memory requests denominated in G as multiples of 1024M, not 1000M.
Submitted batch job 3288645
Submitting /home/ntamvada/projects/def-gcohenfr/ntamvada/simulations/runscripts/n400_cor_sparse/64.run.job to the cluster
sbatch: NOTE: Your memory request of 131072M was likely submitted as 128G. Please note that Slurm interprets memory requests denominated in G as multiples of 1024M, not 1000M.
Submitted batch job 3288687
Submitting /home/ntamvada/projects/def-gcohenfr/ntamvada/simulations/runscripts/n400_cor_sparse/65.run.job to the cluster
sbatch: error: Batch job submission failed: Socket timed out on send/recv operation
Submitting /home/ntamvada/projects/def-gcohenfr/ntamvada/simulations/runscripts/n400_cor_sparse/66.run.job to the cluster
sbatch: NOTE: Your memory request of 131072M was likely submitted as 128G. Please note that Slurm interprets memory requests denominated in G as multiples of 1024M, not 1000M.
Submitted batch job 3288796
Submitting /home/ntamvada/projects/def-gcohenfr/ntamvada/simulations/runscripts/n400_cor_sparse/67.run.job to the cluster
sbatch: NOTE: Your memory request of 131072M was likely submitted as 128G. Please note that Slurm interprets memory requests denominated in G as multiples of 1024M, not 1000M.
Submitted batch job 3288818
Submitting /home/ntamvada/projects/def-gcohenfr/ntamvada/simulations/runscripts/n400_cor_sparse/68.run.job to the cluster
sbatch: NOTE: Your memory request of 131072M was likely submitted as 128G. Please note that Slurm interprets memory requests denominated in G as multiples of 1024M, not 1000M.
Submitted batch job 3288849
Submitting /home/ntamvada/projects/def-gcohenfr/ntamvada/simulations/runscripts/n400_cor_sparse/69.run.job to the cluster
sbatch: NOTE: Your memory request of 131072M was likely submitted as 128G. Please note that Slurm interprets memory requests denominated in G as multiples of 1024M, not 1000M.
Submitted batch job 3288872
Submitting /home/ntamvada/projects/def-gcohenfr/ntamvada/simulations/runscripts/n400_cor_sparse/70.run.job to the cluster
sbatch: NOTE: Your memory request of 131072M was likely submitted as 128G. Please note that Slurm interprets memory requests denominated in G as multiples of 1024M, not 1000M.
Submitted batch job 3288904
Submitting /home/ntamvada/projects/def-gcohenfr/ntamvada/simulations/runscripts/n400_cor_sparse/71.run.job to the cluster
sbatch: NOTE: Your memory request of 131072M was likely submitted as 128G. Please note that Slurm interprets memory requests denominated in G as multiples of 1024M, not 1000M.
Submitted batch job 3288927
Submitting /home/ntamvada/projects/def-gcohenfr/ntamvada/simulations/runscripts/n400_cor_sparse/72.run.job to the cluster
sbatch: NOTE: Your memory request of 131072M was likely submitted as 128G. Please note that Slurm interprets memory requests denominated in G as multiples of 1024M, not 1000M.
Submitted batch job 3288969
Submitting /home/ntamvada/projects/def-gcohenfr/ntamvada/simulations/runscripts/n400_cor_sparse/73.run.job to the cluster
sbatch: NOTE: Your memory request of 131072M was likely submitted as 128G. Please note that Slurm interprets memory requests denominated in G as multiples of 1024M, not 1000M.
Submitted batch job 3288978
Submitting /home/ntamvada/projects/def-gcohenfr/ntamvada/simulations/runscripts/n400_cor_sparse/74.run.job to the cluster
sbatch: NOTE: Your memory request of 131072M was likely submitted as 128G. Please note that Slurm interprets memory requests denominated in G as multiples of 1024M, not 1000M.
Submitted batch job 3289012
Submitting /home/ntamvada/projects/def-gcohenfr/ntamvada/simulations/runscripts/n400_cor_sparse/75.run.job to the cluster
sbatch: NOTE: Your memory request of 131072M was likely submitted as 128G. Please note that Slurm interprets memory requests denominated in G as multiples of 1024M, not 1000M.
Submitted batch job 3289036
Submitting /home/ntamvada/projects/def-gcohenfr/ntamvada/simulations/runscripts/n400_cor_sparse/76.run.job to the cluster
sbatch: NOTE: Your memory request of 131072M was likely submitted as 128G. Please note that Slurm interprets memory requests denominated in G as multiples of 1024M, not 1000M.
Submitted batch job 3289073
Submitting /home/ntamvada/projects/def-gcohenfr/ntamvada/simulations/runscripts/n400_cor_sparse/77.run.job to the cluster
sbatch: NOTE: Your memory request of 131072M was likely submitted as 128G. Please note that Slurm interprets memory requests denominated in G as multiples of 1024M, not 1000M.
Submitted batch job 3289088
Submitting /home/ntamvada/projects/def-gcohenfr/ntamvada/simulations/runscripts/n400_cor_sparse/78.run.job to the cluster
sbatch: NOTE: Your memory request of 131072M was likely submitted as 128G. Please note that Slurm interprets memory requests denominated in G as multiples of 1024M, not 1000M.
Submitted batch job 3289153
Submitting /home/ntamvada/projects/def-gcohenfr/ntamvada/simulations/runscripts/n400_cor_sparse/79.run.job to the cluster
sbatch: NOTE: Your memory request of 131072M was likely submitted as 128G. Please note that Slurm interprets memory requests denominated in G as multiples of 1024M, not 1000M.
Submitted batch job 3289173
Submitting /home/ntamvada/projects/def-gcohenfr/ntamvada/simulations/runscripts/n400_cor_sparse/80.run.job to the cluster
sbatch: NOTE: Your memory request of 131072M was likely submitted as 128G. Please note that Slurm interprets memory requests denominated in G as multiples of 1024M, not 1000M.
Submitted batch job 3289186
Submitting /home/ntamvada/projects/def-gcohenfr/ntamvada/simulations/runscripts/n400_cor_sparse/81.run.job to the cluster
sbatch: NOTE: Your memory request of 131072M was likely submitted as 128G. Please note that Slurm interprets memory requests denominated in G as multiples of 1024M, not 1000M.
Submitted batch job 3289198
Submitting /home/ntamvada/projects/def-gcohenfr/ntamvada/simulations/runscripts/n400_cor_sparse/82.run.job to the cluster
sbatch: NOTE: Your memory request of 131072M was likely submitted as 128G. Please note that Slurm interprets memory requests denominated in G as multiples of 1024M, not 1000M.
Submitted batch job 3289233
Submitting /home/ntamvada/projects/def-gcohenfr/ntamvada/simulations/runscripts/n400_cor_sparse/83.run.job to the cluster
sbatch: NOTE: Your memory request of 131072M was likely submitted as 128G. Please note that Slurm interprets memory requests denominated in G as multiples of 1024M, not 1000M.
Submitted batch job 3289260
Submitting /home/ntamvada/projects/def-gcohenfr/ntamvada/simulations/runscripts/n400_cor_sparse/84.run.job to the cluster
sbatch: NOTE: Your memory request of 131072M was likely submitted as 128G. Please note that Slurm interprets memory requests denominated in G as multiples of 1024M, not 1000M.
Submitted batch job 3289297
Submitting /home/ntamvada/projects/def-gcohenfr/ntamvada/simulations/runscripts/n400_cor_sparse/85.run.job to the cluster
sbatch: NOTE: Your memory request of 131072M was likely submitted as 128G. Please note that Slurm interprets memory requests denominated in G as multiples of 1024M, not 1000M.
Submitted batch job 3289375
Submitting /home/ntamvada/projects/def-gcohenfr/ntamvada/simulations/runscripts/n400_cor_sparse/86.run.job to the cluster
sbatch: NOTE: Your memory request of 131072M was likely submitted as 128G. Please note that Slurm interprets memory requests denominated in G as multiples of 1024M, not 1000M.
Submitted batch job 3289396
Submitting /home/ntamvada/projects/def-gcohenfr/ntamvada/simulations/runscripts/n400_cor_sparse/87.run.job to the cluster
sbatch: NOTE: Your memory request of 131072M was likely submitted as 128G. Please note that Slurm interprets memory requests denominated in G as multiples of 1024M, not 1000M.
Submitted batch job 3289409
Submitting /home/ntamvada/projects/def-gcohenfr/ntamvada/simulations/runscripts/n400_cor_sparse/88.run.job to the cluster
sbatch: NOTE: Your memory request of 131072M was likely submitted as 128G. Please note that Slurm interprets memory requests denominated in G as multiples of 1024M, not 1000M.
Submitted batch job 3289429
Submitting /home/ntamvada/projects/def-gcohenfr/ntamvada/simulations/runscripts/n400_cor_sparse/89.run.job to the cluster
sbatch: NOTE: Your memory request of 131072M was likely submitted as 128G. Please note that Slurm interprets memory requests denominated in G as multiples of 1024M, not 1000M.
Submitted batch job 3289506
Submitting /home/ntamvada/projects/def-gcohenfr/ntamvada/simulations/runscripts/n400_cor_sparse/90.run.job to the cluster
sbatch: NOTE: Your memory request of 131072M was likely submitted as 128G. Please note that Slurm interprets memory requests denominated in G as multiples of 1024M, not 1000M.
Submitted batch job 3289530
Submitting /home/ntamvada/projects/def-gcohenfr/ntamvada/simulations/runscripts/n400_cor_sparse/91.run.job to the cluster
sbatch: NOTE: Your memory request of 131072M was likely submitted as 128G. Please note that Slurm interprets memory requests denominated in G as multiples of 1024M, not 1000M.
Submitted batch job 3289554
Submitting /home/ntamvada/projects/def-gcohenfr/ntamvada/simulations/runscripts/n400_cor_sparse/92.run.job to the cluster
sbatch: NOTE: Your memory request of 131072M was likely submitted as 128G. Please note that Slurm interprets memory requests denominated in G as multiples of 1024M, not 1000M.
Submitted batch job 3289596
Submitting /home/ntamvada/projects/def-gcohenfr/ntamvada/simulations/runscripts/n400_cor_sparse/93.run.job to the cluster
sbatch: NOTE: Your memory request of 131072M was likely submitted as 128G. Please note that Slurm interprets memory requests denominated in G as multiples of 1024M, not 1000M.
Submitted batch job 3289622
Submitting /home/ntamvada/projects/def-gcohenfr/ntamvada/simulations/runscripts/n400_cor_sparse/94.run.job to the cluster
sbatch: NOTE: Your memory request of 131072M was likely submitted as 128G. Please note that Slurm interprets memory requests denominated in G as multiples of 1024M, not 1000M.
Submitted batch job 3289663
Submitting /home/ntamvada/projects/def-gcohenfr/ntamvada/simulations/runscripts/n400_cor_sparse/95.run.job to the cluster
sbatch: NOTE: Your memory request of 131072M was likely submitted as 128G. Please note that Slurm interprets memory requests denominated in G as multiples of 1024M, not 1000M.
Submitted batch job 3289684
Submitting /home/ntamvada/projects/def-gcohenfr/ntamvada/simulations/runscripts/n400_cor_sparse/96.run.job to the cluster
sbatch: NOTE: Your memory request of 131072M was likely submitted as 128G. Please note that Slurm interprets memory requests denominated in G as multiples of 1024M, not 1000M.
Submitted batch job 3289716
Submitting /home/ntamvada/projects/def-gcohenfr/ntamvada/simulations/runscripts/n400_cor_sparse/97.run.job to the cluster
sbatch: NOTE: Your memory request of 131072M was likely submitted as 128G. Please note that Slurm interprets memory requests denominated in G as multiples of 1024M, not 1000M.
Submitted batch job 3289740
Submitting /home/ntamvada/projects/def-gcohenfr/ntamvada/simulations/runscripts/n400_cor_sparse/98.run.job to the cluster
sbatch: NOTE: Your memory request of 131072M was likely submitted as 128G. Please note that Slurm interprets memory requests denominated in G as multiples of 1024M, not 1000M.
Submitted batch job 3289766
Submitting /home/ntamvada/projects/def-gcohenfr/ntamvada/simulations/runscripts/n400_cor_sparse/99.run.job to the cluster
sbatch: NOTE: Your memory request of 131072M was likely submitted as 128G. Please note that Slurm interprets memory requests denominated in G as multiples of 1024M, not 1000M.
Submitted batch job 3289793
Submitting /home/ntamvada/projects/def-gcohenfr/ntamvada/simulations/runscripts/n400_cor_sparse/100.run.job to the cluster
sbatch: NOTE: Your memory request of 131072M was likely submitted as 128G. Please note that Slurm interprets memory requests denominated in G as multiples of 1024M, not 1000M.
Submitted batch job 3289812
Submitting /home/ntamvada/projects/def-gcohenfr/ntamvada/simulations/runscripts/n400_cor_sparse/101.run.job to the cluster
sbatch: NOTE: Your memory request of 131072M was likely submitted as 128G. Please note that Slurm interprets memory requests denominated in G as multiples of 1024M, not 1000M.
Submitted batch job 3289838
Submitting /home/ntamvada/projects/def-gcohenfr/ntamvada/simulations/runscripts/n400_cor_sparse/102.run.job to the cluster
sbatch: NOTE: Your memory request of 131072M was likely submitted as 128G. Please note that Slurm interprets memory requests denominated in G as multiples of 1024M, not 1000M.
Submitted batch job 3289881
Submitting /home/ntamvada/projects/def-gcohenfr/ntamvada/simulations/runscripts/n400_cor_sparse/103.run.job to the cluster
sbatch: NOTE: Your memory request of 131072M was likely submitted as 128G. Please note that Slurm interprets memory requests denominated in G as multiples of 1024M, not 1000M.
Submitted batch job 3289906
Submitting /home/ntamvada/projects/def-gcohenfr/ntamvada/simulations/runscripts/n400_cor_sparse/104.run.job to the cluster
sbatch: NOTE: Your memory request of 131072M was likely submitted as 128G. Please note that Slurm interprets memory requests denominated in G as multiples of 1024M, not 1000M.
Submitted batch job 3290045
Submitting /home/ntamvada/projects/def-gcohenfr/ntamvada/simulations/runscripts/n400_cor_sparse/105.run.job to the cluster
sbatch: NOTE: Your memory request of 131072M was likely submitted as 128G. Please note that Slurm interprets memory requests denominated in G as multiples of 1024M, not 1000M.
Submitted batch job 3290074
Submitting /home/ntamvada/projects/def-gcohenfr/ntamvada/simulations/runscripts/n400_cor_sparse/106.run.job to the cluster
sbatch: NOTE: Your memory request of 131072M was likely submitted as 128G. Please note that Slurm interprets memory requests denominated in G as multiples of 1024M, not 1000M.
Submitted batch job 3290137
Submitting /home/ntamvada/projects/def-gcohenfr/ntamvada/simulations/runscripts/n400_cor_sparse/107.run.job to the cluster
sbatch: NOTE: Your memory request of 131072M was likely submitted as 128G. Please note that Slurm interprets memory requests denominated in G as multiples of 1024M, not 1000M.
Submitted batch job 3290146
Submitting /home/ntamvada/projects/def-gcohenfr/ntamvada/simulations/runscripts/n400_cor_sparse/108.run.job to the cluster
sbatch: NOTE: Your memory request of 131072M was likely submitted as 128G. Please note that Slurm interprets memory requests denominated in G as multiples of 1024M, not 1000M.
Submitted batch job 3290155
Submitting /home/ntamvada/projects/def-gcohenfr/ntamvada/simulations/runscripts/n400_cor_sparse/109.run.job to the cluster
sbatch: NOTE: Your memory request of 131072M was likely submitted as 128G. Please note that Slurm interprets memory requests denominated in G as multiples of 1024M, not 1000M.
Submitted batch job 3290197
Submitting /home/ntamvada/projects/def-gcohenfr/ntamvada/simulations/runscripts/n400_cor_sparse/110.run.job to the cluster
sbatch: NOTE: Your memory request of 131072M was likely submitted as 128G. Please note that Slurm interprets memory requests denominated in G as multiples of 1024M, not 1000M.
Submitted batch job 3290235
Submitting /home/ntamvada/projects/def-gcohenfr/ntamvada/simulations/runscripts/n400_cor_sparse/111.run.job to the cluster
sbatch: NOTE: Your memory request of 131072M was likely submitted as 128G. Please note that Slurm interprets memory requests denominated in G as multiples of 1024M, not 1000M.
Submitted batch job 3290248
Submitting /home/ntamvada/projects/def-gcohenfr/ntamvada/simulations/runscripts/n400_cor_sparse/112.run.job to the cluster
sbatch: NOTE: Your memory request of 131072M was likely submitted as 128G. Please note that Slurm interprets memory requests denominated in G as multiples of 1024M, not 1000M.
Submitted batch job 3290354
Submitting /home/ntamvada/projects/def-gcohenfr/ntamvada/simulations/runscripts/n400_cor_sparse/113.run.job to the cluster
sbatch: NOTE: Your memory request of 131072M was likely submitted as 128G. Please note that Slurm interprets memory requests denominated in G as multiples of 1024M, not 1000M.
Submitted batch job 3290376
Submitting /home/ntamvada/projects/def-gcohenfr/ntamvada/simulations/runscripts/n400_cor_sparse/114.run.job to the cluster
sbatch: NOTE: Your memory request of 131072M was likely submitted as 128G. Please note that Slurm interprets memory requests denominated in G as multiples of 1024M, not 1000M.
Submitted batch job 3290403
Submitting /home/ntamvada/projects/def-gcohenfr/ntamvada/simulations/runscripts/n400_cor_sparse/115.run.job to the cluster
sbatch: NOTE: Your memory request of 131072M was likely submitted as 128G. Please note that Slurm interprets memory requests denominated in G as multiples of 1024M, not 1000M.
Submitted batch job 3290431
Submitting /home/ntamvada/projects/def-gcohenfr/ntamvada/simulations/runscripts/n400_cor_sparse/116.run.job to the cluster
sbatch: NOTE: Your memory request of 131072M was likely submitted as 128G. Please note that Slurm interprets memory requests denominated in G as multiples of 1024M, not 1000M.
Submitted batch job 3290511
Submitting /home/ntamvada/projects/def-gcohenfr/ntamvada/simulations/runscripts/n400_cor_sparse/117.run.job to the cluster
sbatch: NOTE: Your memory request of 131072M was likely submitted as 128G. Please note that Slurm interprets memory requests denominated in G as multiples of 1024M, not 1000M.
Submitted batch job 3290528
Submitting /home/ntamvada/projects/def-gcohenfr/ntamvada/simulations/runscripts/n400_cor_sparse/118.run.job to the cluster
sbatch: NOTE: Your memory request of 131072M was likely submitted as 128G. Please note that Slurm interprets memory requests denominated in G as multiples of 1024M, not 1000M.
Submitted batch job 3290579
Submitting /home/ntamvada/projects/def-gcohenfr/ntamvada/simulations/runscripts/n400_cor_sparse/119.run.job to the cluster
sbatch: NOTE: Your memory request of 131072M was likely submitted as 128G. Please note that Slurm interprets memory requests denominated in G as multiples of 1024M, not 1000M.
Submitted batch job 3290642
Submitting /home/ntamvada/projects/def-gcohenfr/ntamvada/simulations/runscripts/n400_cor_sparse/120.run.job to the cluster
sbatch: NOTE: Your memory request of 131072M was likely submitted as 128G. Please note that Slurm interprets memory requests denominated in G as multiples of 1024M, not 1000M.
Submitted batch job 3290679
Submitting /home/ntamvada/projects/def-gcohenfr/ntamvada/simulations/runscripts/n400_cor_sparse/121.run.job to the cluster
sbatch: NOTE: Your memory request of 131072M was likely submitted as 128G. Please note that Slurm interprets memory requests denominated in G as multiples of 1024M, not 1000M.
Submitted batch job 3290714
Submitting /home/ntamvada/projects/def-gcohenfr/ntamvada/simulations/runscripts/n400_cor_sparse/122.run.job to the cluster
sbatch: NOTE: Your memory request of 131072M was likely submitted as 128G. Please note that Slurm interprets memory requests denominated in G as multiples of 1024M, not 1000M.
Submitted batch job 3290751
Submitting /home/ntamvada/projects/def-gcohenfr/ntamvada/simulations/runscripts/n400_cor_sparse/123.run.job to the cluster
sbatch: NOTE: Your memory request of 131072M was likely submitted as 128G. Please note that Slurm interprets memory requests denominated in G as multiples of 1024M, not 1000M.
Submitted batch job 3290792
Submitting /home/ntamvada/projects/def-gcohenfr/ntamvada/simulations/runscripts/n400_cor_sparse/124.run.job to the cluster
sbatch: NOTE: Your memory request of 131072M was likely submitted as 128G. Please note that Slurm interprets memory requests denominated in G as multiples of 1024M, not 1000M.
Submitted batch job 3290843
Submitting /home/ntamvada/projects/def-gcohenfr/ntamvada/simulations/runscripts/n400_cor_sparse/125.run.job to the cluster
sbatch: NOTE: Your memory request of 131072M was likely submitted as 128G. Please note that Slurm interprets memory requests denominated in G as multiples of 1024M, not 1000M.
Submitted batch job 3290886
Submitting /home/ntamvada/projects/def-gcohenfr/ntamvada/simulations/runscripts/n400_cor_sparse/126.run.job to the cluster
sbatch: NOTE: Your memory request of 131072M was likely submitted as 128G. Please note that Slurm interprets memory requests denominated in G as multiples of 1024M, not 1000M.
Submitted batch job 3290925
Submitting /home/ntamvada/projects/def-gcohenfr/ntamvada/simulations/runscripts/n400_cor_sparse/127.run.job to the cluster
sbatch: NOTE: Your memory request of 131072M was likely submitted as 128G. Please note that Slurm interprets memory requests denominated in G as multiples of 1024M, not 1000M.
Submitted batch job 3290959
Submitting /home/ntamvada/projects/def-gcohenfr/ntamvada/simulations/runscripts/n400_cor_sparse/128.run.job to the cluster
sbatch: NOTE: Your memory request of 131072M was likely submitted as 128G. Please note that Slurm interprets memory requests denominated in G as multiples of 1024M, not 1000M.
Submitted batch job 3290991
Submitting /home/ntamvada/projects/def-gcohenfr/ntamvada/simulations/runscripts/n400_cor_sparse/129.run.job to the cluster
sbatch: NOTE: Your memory request of 131072M was likely submitted as 128G. Please note that Slurm interprets memory requests denominated in G as multiples of 1024M, not 1000M.
Submitted batch job 3291012
Submitting /home/ntamvada/projects/def-gcohenfr/ntamvada/simulations/runscripts/n400_cor_sparse/130.run.job to the cluster
sbatch: NOTE: Your memory request of 131072M was likely submitted as 128G. Please note that Slurm interprets memory requests denominated in G as multiples of 1024M, not 1000M.
Submitted batch job 3291056
Submitting /home/ntamvada/projects/def-gcohenfr/ntamvada/simulations/runscripts/n400_cor_sparse/131.run.job to the cluster
sbatch: NOTE: Your memory request of 131072M was likely submitted as 128G. Please note that Slurm interprets memory requests denominated in G as multiples of 1024M, not 1000M.
Submitted batch job 3291092
Submitting /home/ntamvada/projects/def-gcohenfr/ntamvada/simulations/runscripts/n400_cor_sparse/132.run.job to the cluster
sbatch: NOTE: Your memory request of 131072M was likely submitted as 128G. Please note that Slurm interprets memory requests denominated in G as multiples of 1024M, not 1000M.
Submitted batch job 3291111
Submitting /home/ntamvada/projects/def-gcohenfr/ntamvada/simulations/runscripts/n400_cor_sparse/133.run.job to the cluster
sbatch: NOTE: Your memory request of 131072M was likely submitted as 128G. Please note that Slurm interprets memory requests denominated in G as multiples of 1024M, not 1000M.
Submitted batch job 3291157
Submitting /home/ntamvada/projects/def-gcohenfr/ntamvada/simulations/runscripts/n400_cor_sparse/134.run.job to the cluster
sbatch: NOTE: Your memory request of 131072M was likely submitted as 128G. Please note that Slurm interprets memory requests denominated in G as multiples of 1024M, not 1000M.
Submitted batch job 3291182
Submitting /home/ntamvada/projects/def-gcohenfr/ntamvada/simulations/runscripts/n400_cor_sparse/135.run.job to the cluster
sbatch: NOTE: Your memory request of 131072M was likely submitted as 128G. Please note that Slurm interprets memory requests denominated in G as multiples of 1024M, not 1000M.
Submitted batch job 3291205
Submitting /home/ntamvada/projects/def-gcohenfr/ntamvada/simulations/runscripts/n400_cor_sparse/136.run.job to the cluster
sbatch: NOTE: Your memory request of 131072M was likely submitted as 128G. Please note that Slurm interprets memory requests denominated in G as multiples of 1024M, not 1000M.
Submitted batch job 3291240
Submitting /home/ntamvada/projects/def-gcohenfr/ntamvada/simulations/runscripts/n400_cor_sparse/137.run.job to the cluster
sbatch: NOTE: Your memory request of 131072M was likely submitted as 128G. Please note that Slurm interprets memory requests denominated in G as multiples of 1024M, not 1000M.
Submitted batch job 3291264
Submitting /home/ntamvada/projects/def-gcohenfr/ntamvada/simulations/runscripts/n400_cor_sparse/138.run.job to the cluster
sbatch: NOTE: Your memory request of 131072M was likely submitted as 128G. Please note that Slurm interprets memory requests denominated in G as multiples of 1024M, not 1000M.
Submitted batch job 3291283
Submitting /home/ntamvada/projects/def-gcohenfr/ntamvada/simulations/runscripts/n400_cor_sparse/139.run.job to the cluster
sbatch: NOTE: Your memory request of 131072M was likely submitted as 128G. Please note that Slurm interprets memory requests denominated in G as multiples of 1024M, not 1000M.
Submitted batch job 3291309
Submitting /home/ntamvada/projects/def-gcohenfr/ntamvada/simulations/runscripts/n400_cor_sparse/140.run.job to the cluster
sbatch: NOTE: Your memory request of 131072M was likely submitted as 128G. Please note that Slurm interprets memory requests denominated in G as multiples of 1024M, not 1000M.
Submitted batch job 3291323
Submitting /home/ntamvada/projects/def-gcohenfr/ntamvada/simulations/runscripts/n400_cor_sparse/141.run.job to the cluster
sbatch: NOTE: Your memory request of 131072M was likely submitted as 128G. Please note that Slurm interprets memory requests denominated in G as multiples of 1024M, not 1000M.
Submitted batch job 3291360
Submitting /home/ntamvada/projects/def-gcohenfr/ntamvada/simulations/runscripts/n400_cor_sparse/142.run.job to the cluster
sbatch: NOTE: Your memory request of 131072M was likely submitted as 128G. Please note that Slurm interprets memory requests denominated in G as multiples of 1024M, not 1000M.
Submitted batch job 3291381
Submitting /home/ntamvada/projects/def-gcohenfr/ntamvada/simulations/runscripts/n400_cor_sparse/143.run.job to the cluster
sbatch: NOTE: Your memory request of 131072M was likely submitted as 128G. Please note that Slurm interprets memory requests denominated in G as multiples of 1024M, not 1000M.
Submitted batch job 3291402
Submitting /home/ntamvada/projects/def-gcohenfr/ntamvada/simulations/runscripts/n400_cor_sparse/144.run.job to the cluster
sbatch: NOTE: Your memory request of 131072M was likely submitted as 128G. Please note that Slurm interprets memory requests denominated in G as multiples of 1024M, not 1000M.
Submitted batch job 3291447
Submitting /home/ntamvada/projects/def-gcohenfr/ntamvada/simulations/runscripts/n400_cor_sparse/145.run.job to the cluster
sbatch: NOTE: Your memory request of 131072M was likely submitted as 128G. Please note that Slurm interprets memory requests denominated in G as multiples of 1024M, not 1000M.
Submitted batch job 3291500
Submitting /home/ntamvada/projects/def-gcohenfr/ntamvada/simulations/runscripts/n400_cor_sparse/146.run.job to the cluster
sbatch: NOTE: Your memory request of 131072M was likely submitted as 128G. Please note that Slurm interprets memory requests denominated in G as multiples of 1024M, not 1000M.
Submitted batch job 3291522
Submitting /home/ntamvada/projects/def-gcohenfr/ntamvada/simulations/runscripts/n400_cor_sparse/147.run.job to the cluster
sbatch: NOTE: Your memory request of 131072M was likely submitted as 128G. Please note that Slurm interprets memory requests denominated in G as multiples of 1024M, not 1000M.
Submitted batch job 3291547
Submitting /home/ntamvada/projects/def-gcohenfr/ntamvada/simulations/runscripts/n400_cor_sparse/148.run.job to the cluster
sbatch: NOTE: Your memory request of 131072M was likely submitted as 128G. Please note that Slurm interprets memory requests denominated in G as multiples of 1024M, not 1000M.
Submitted batch job 3291583
Submitting /home/ntamvada/projects/def-gcohenfr/ntamvada/simulations/runscripts/n400_cor_sparse/149.run.job to the cluster
sbatch: NOTE: Your memory request of 131072M was likely submitted as 128G. Please note that Slurm interprets memory requests denominated in G as multiples of 1024M, not 1000M.
Submitted batch job 3291613
Submitting /home/ntamvada/projects/def-gcohenfr/ntamvada/simulations/runscripts/n400_cor_sparse/150.run.job to the cluster
sbatch: NOTE: Your memory request of 131072M was likely submitted as 128G. Please note that Slurm interprets memory requests denominated in G as multiples of 1024M, not 1000M.
Submitted batch job 3291681
Submitting /home/ntamvada/projects/def-gcohenfr/ntamvada/simulations/runscripts/n400_cor_sparse/151.run.job to the cluster
sbatch: NOTE: Your memory request of 131072M was likely submitted as 128G. Please note that Slurm interprets memory requests denominated in G as multiples of 1024M, not 1000M.
Submitted batch job 3291700
Submitting /home/ntamvada/projects/def-gcohenfr/ntamvada/simulations/runscripts/n400_cor_sparse/152.run.job to the cluster
sbatch: NOTE: Your memory request of 131072M was likely submitted as 128G. Please note that Slurm interprets memory requests denominated in G as multiples of 1024M, not 1000M.
Submitted batch job 3291742
Submitting /home/ntamvada/projects/def-gcohenfr/ntamvada/simulations/runscripts/n400_cor_sparse/153.run.job to the cluster
sbatch: NOTE: Your memory request of 131072M was likely submitted as 128G. Please note that Slurm interprets memory requests denominated in G as multiples of 1024M, not 1000M.
Submitted batch job 3291773
Submitting /home/ntamvada/projects/def-gcohenfr/ntamvada/simulations/runscripts/n400_cor_sparse/154.run.job to the cluster
sbatch: NOTE: Your memory request of 131072M was likely submitted as 128G. Please note that Slurm interprets memory requests denominated in G as multiples of 1024M, not 1000M.
Submitted batch job 3291804
Submitting /home/ntamvada/projects/def-gcohenfr/ntamvada/simulations/runscripts/n400_cor_sparse/155.run.job to the cluster
sbatch: NOTE: Your memory request of 131072M was likely submitted as 128G. Please note that Slurm interprets memory requests denominated in G as multiples of 1024M, not 1000M.
Submitted batch job 3291820
Submitting /home/ntamvada/projects/def-gcohenfr/ntamvada/simulations/runscripts/n400_cor_sparse/156.run.job to the cluster
sbatch: NOTE: Your memory request of 131072M was likely submitted as 128G. Please note that Slurm interprets memory requests denominated in G as multiples of 1024M, not 1000M.
Submitted batch job 3291840
Submitting /home/ntamvada/projects/def-gcohenfr/ntamvada/simulations/runscripts/n400_cor_sparse/157.run.job to the cluster
sbatch: NOTE: Your memory request of 131072M was likely submitted as 128G. Please note that Slurm interprets memory requests denominated in G as multiples of 1024M, not 1000M.
Submitted batch job 3291875
Submitting /home/ntamvada/projects/def-gcohenfr/ntamvada/simulations/runscripts/n400_cor_sparse/158.run.job to the cluster
sbatch: NOTE: Your memory request of 131072M was likely submitted as 128G. Please note that Slurm interprets memory requests denominated in G as multiples of 1024M, not 1000M.
Submitted batch job 3291892
Submitting /home/ntamvada/projects/def-gcohenfr/ntamvada/simulations/runscripts/n400_cor_sparse/159.run.job to the cluster
sbatch: NOTE: Your memory request of 131072M was likely submitted as 128G. Please note that Slurm interprets memory requests denominated in G as multiples of 1024M, not 1000M.
Submitted batch job 3291972
Submitting /home/ntamvada/projects/def-gcohenfr/ntamvada/simulations/runscripts/n400_cor_sparse/160.run.job to the cluster
sbatch: NOTE: Your memory request of 131072M was likely submitted as 128G. Please note that Slurm interprets memory requests denominated in G as multiples of 1024M, not 1000M.
Submitted batch job 3291988
Submitting /home/ntamvada/projects/def-gcohenfr/ntamvada/simulations/runscripts/n400_cor_sparse/161.run.job to the cluster
sbatch: NOTE: Your memory request of 131072M was likely submitted as 128G. Please note that Slurm interprets memory requests denominated in G as multiples of 1024M, not 1000M.
Submitted batch job 3292008
Submitting /home/ntamvada/projects/def-gcohenfr/ntamvada/simulations/runscripts/n400_cor_sparse/162.run.job to the cluster
sbatch: NOTE: Your memory request of 131072M was likely submitted as 128G. Please note that Slurm interprets memory requests denominated in G as multiples of 1024M, not 1000M.
Submitted batch job 3292047
Submitting /home/ntamvada/projects/def-gcohenfr/ntamvada/simulations/runscripts/n400_cor_sparse/163.run.job to the cluster
sbatch: NOTE: Your memory request of 131072M was likely submitted as 128G. Please note that Slurm interprets memory requests denominated in G as multiples of 1024M, not 1000M.
Submitted batch job 3292089
Submitting /home/ntamvada/projects/def-gcohenfr/ntamvada/simulations/runscripts/n400_cor_sparse/164.run.job to the cluster
sbatch: NOTE: Your memory request of 131072M was likely submitted as 128G. Please note that Slurm interprets memory requests denominated in G as multiples of 1024M, not 1000M.
Submitted batch job 3292123
Submitting /home/ntamvada/projects/def-gcohenfr/ntamvada/simulations/runscripts/n400_cor_sparse/165.run.job to the cluster
sbatch: NOTE: Your memory request of 131072M was likely submitted as 128G. Please note that Slurm interprets memory requests denominated in G as multiples of 1024M, not 1000M.
Submitted batch job 3292163
Submitting /home/ntamvada/projects/def-gcohenfr/ntamvada/simulations/runscripts/n400_cor_sparse/166.run.job to the cluster
sbatch: NOTE: Your memory request of 131072M was likely submitted as 128G. Please note that Slurm interprets memory requests denominated in G as multiples of 1024M, not 1000M.
Submitted batch job 3292193
Submitting /home/ntamvada/projects/def-gcohenfr/ntamvada/simulations/runscripts/n400_cor_sparse/167.run.job to the cluster
sbatch: NOTE: Your memory request of 131072M was likely submitted as 128G. Please note that Slurm interprets memory requests denominated in G as multiples of 1024M, not 1000M.
Submitted batch job 3292216
Submitting /home/ntamvada/projects/def-gcohenfr/ntamvada/simulations/runscripts/n400_cor_sparse/168.run.job to the cluster
sbatch: NOTE: Your memory request of 131072M was likely submitted as 128G. Please note that Slurm interprets memory requests denominated in G as multiples of 1024M, not 1000M.
Submitted batch job 3292223
Submitting /home/ntamvada/projects/def-gcohenfr/ntamvada/simulations/runscripts/n400_cor_sparse/169.run.job to the cluster
sbatch: NOTE: Your memory request of 131072M was likely submitted as 128G. Please note that Slurm interprets memory requests denominated in G as multiples of 1024M, not 1000M.
Submitted batch job 3292254
Submitting /home/ntamvada/projects/def-gcohenfr/ntamvada/simulations/runscripts/n400_cor_sparse/170.run.job to the cluster
sbatch: NOTE: Your memory request of 131072M was likely submitted as 128G. Please note that Slurm interprets memory requests denominated in G as multiples of 1024M, not 1000M.
Submitted batch job 3292277
Submitting /home/ntamvada/projects/def-gcohenfr/ntamvada/simulations/runscripts/n400_cor_sparse/171.run.job to the cluster
sbatch: NOTE: Your memory request of 131072M was likely submitted as 128G. Please note that Slurm interprets memory requests denominated in G as multiples of 1024M, not 1000M.
Submitted batch job 3292298
Submitting /home/ntamvada/projects/def-gcohenfr/ntamvada/simulations/runscripts/n400_cor_sparse/172.run.job to the cluster
sbatch: NOTE: Your memory request of 131072M was likely submitted as 128G. Please note that Slurm interprets memory requests denominated in G as multiples of 1024M, not 1000M.
Submitted batch job 3292320
Submitting /home/ntamvada/projects/def-gcohenfr/ntamvada/simulations/runscripts/n400_cor_sparse/173.run.job to the cluster
sbatch: NOTE: Your memory request of 131072M was likely submitted as 128G. Please note that Slurm interprets memory requests denominated in G as multiples of 1024M, not 1000M.
Submitted batch job 3292330
Submitting /home/ntamvada/projects/def-gcohenfr/ntamvada/simulations/runscripts/n400_cor_sparse/174.run.job to the cluster
sbatch: NOTE: Your memory request of 131072M was likely submitted as 128G. Please note that Slurm interprets memory requests denominated in G as multiples of 1024M, not 1000M.
Submitted batch job 3292356
Submitting /home/ntamvada/projects/def-gcohenfr/ntamvada/simulations/runscripts/n400_cor_sparse/175.run.job to the cluster
sbatch: NOTE: Your memory request of 131072M was likely submitted as 128G. Please note that Slurm interprets memory requests denominated in G as multiples of 1024M, not 1000M.
Submitted batch job 3292384
Submitting /home/ntamvada/projects/def-gcohenfr/ntamvada/simulations/runscripts/n400_cor_sparse/176.run.job to the cluster
sbatch: NOTE: Your memory request of 131072M was likely submitted as 128G. Please note that Slurm interprets memory requests denominated in G as multiples of 1024M, not 1000M.
Submitted batch job 3292417
Submitting /home/ntamvada/projects/def-gcohenfr/ntamvada/simulations/runscripts/n400_cor_sparse/177.run.job to the cluster
sbatch: NOTE: Your memory request of 131072M was likely submitted as 128G. Please note that Slurm interprets memory requests denominated in G as multiples of 1024M, not 1000M.
Submitted batch job 3292434
Submitting /home/ntamvada/projects/def-gcohenfr/ntamvada/simulations/runscripts/n400_cor_sparse/178.run.job to the cluster
sbatch: NOTE: Your memory request of 131072M was likely submitted as 128G. Please note that Slurm interprets memory requests denominated in G as multiples of 1024M, not 1000M.
Submitted batch job 3292449
Submitting /home/ntamvada/projects/def-gcohenfr/ntamvada/simulations/runscripts/n400_cor_sparse/179.run.job to the cluster
sbatch: NOTE: Your memory request of 131072M was likely submitted as 128G. Please note that Slurm interprets memory requests denominated in G as multiples of 1024M, not 1000M.
Submitted batch job 3292468
Submitting /home/ntamvada/projects/def-gcohenfr/ntamvada/simulations/runscripts/n400_cor_sparse/180.run.job to the cluster
sbatch: NOTE: Your memory request of 131072M was likely submitted as 128G. Please note that Slurm interprets memory requests denominated in G as multiples of 1024M, not 1000M.
Submitted batch job 3292490
Submitting /home/ntamvada/projects/def-gcohenfr/ntamvada/simulations/runscripts/n400_cor_sparse/181.run.job to the cluster
sbatch: NOTE: Your memory request of 131072M was likely submitted as 128G. Please note that Slurm interprets memory requests denominated in G as multiples of 1024M, not 1000M.
Submitted batch job 3292524
Submitting /home/ntamvada/projects/def-gcohenfr/ntamvada/simulations/runscripts/n400_cor_sparse/182.run.job to the cluster
sbatch: NOTE: Your memory request of 131072M was likely submitted as 128G. Please note that Slurm interprets memory requests denominated in G as multiples of 1024M, not 1000M.
Submitted batch job 3292547
Submitting /home/ntamvada/projects/def-gcohenfr/ntamvada/simulations/runscripts/n400_cor_sparse/183.run.job to the cluster
sbatch: NOTE: Your memory request of 131072M was likely submitted as 128G. Please note that Slurm interprets memory requests denominated in G as multiples of 1024M, not 1000M.
Submitted batch job 3292576
Submitting /home/ntamvada/projects/def-gcohenfr/ntamvada/simulations/runscripts/n400_cor_sparse/184.run.job to the cluster
slurmstepd: error: *** JOB 3207098 ON cdr631 CANCELLED AT 2023-06-01T23:47:13 DUE TO TIME LIMIT ***
