Submitting /home/ntamvada/projects/def-gcohenfr/ntamvada/simulations/runscripts/n400_cor_midsparse/1.run.job to the cluster
sbatch: error: Batch script is empty!
Submitting /home/ntamvada/projects/def-gcohenfr/ntamvada/simulations/runscripts/n400_cor_midsparse/2.run.job to the cluster
sbatch: NOTE: Your memory request of 131072M was likely submitted as 128G. Please note that Slurm interprets memory requests denominated in G as multiples of 1024M, not 1000M.
Submitted batch job 3286543
Submitting /home/ntamvada/projects/def-gcohenfr/ntamvada/simulations/runscripts/n400_cor_midsparse/3.run.job to the cluster
sbatch: NOTE: Your memory request of 131072M was likely submitted as 128G. Please note that Slurm interprets memory requests denominated in G as multiples of 1024M, not 1000M.
Submitted batch job 3286644
Submitting /home/ntamvada/projects/def-gcohenfr/ntamvada/simulations/runscripts/n400_cor_midsparse/4.run.job to the cluster
sbatch: NOTE: Your memory request of 131072M was likely submitted as 128G. Please note that Slurm interprets memory requests denominated in G as multiples of 1024M, not 1000M.
Submitted batch job 3286661
Submitting /home/ntamvada/projects/def-gcohenfr/ntamvada/simulations/runscripts/n400_cor_midsparse/5.run.job to the cluster
sbatch: NOTE: Your memory request of 131072M was likely submitted as 128G. Please note that Slurm interprets memory requests denominated in G as multiples of 1024M, not 1000M.
Submitted batch job 3286686
Submitting /home/ntamvada/projects/def-gcohenfr/ntamvada/simulations/runscripts/n400_cor_midsparse/6.run.job to the cluster
sbatch: NOTE: Your memory request of 131072M was likely submitted as 128G. Please note that Slurm interprets memory requests denominated in G as multiples of 1024M, not 1000M.
Submitted batch job 3286716
Submitting /home/ntamvada/projects/def-gcohenfr/ntamvada/simulations/runscripts/n400_cor_midsparse/7.run.job to the cluster
sbatch: NOTE: Your memory request of 131072M was likely submitted as 128G. Please note that Slurm interprets memory requests denominated in G as multiples of 1024M, not 1000M.
Submitted batch job 3286816
Submitting /home/ntamvada/projects/def-gcohenfr/ntamvada/simulations/runscripts/n400_cor_midsparse/8.run.job to the cluster
sbatch: NOTE: Your memory request of 131072M was likely submitted as 128G. Please note that Slurm interprets memory requests denominated in G as multiples of 1024M, not 1000M.
Submitted batch job 3286842
Submitting /home/ntamvada/projects/def-gcohenfr/ntamvada/simulations/runscripts/n400_cor_midsparse/9.run.job to the cluster
sbatch: NOTE: Your memory request of 131072M was likely submitted as 128G. Please note that Slurm interprets memory requests denominated in G as multiples of 1024M, not 1000M.
Submitted batch job 3286886
Submitting /home/ntamvada/projects/def-gcohenfr/ntamvada/simulations/runscripts/n400_cor_midsparse/10.run.job to the cluster
sbatch: NOTE: Your memory request of 131072M was likely submitted as 128G. Please note that Slurm interprets memory requests denominated in G as multiples of 1024M, not 1000M.
Submitted batch job 3286913
Submitting /home/ntamvada/projects/def-gcohenfr/ntamvada/simulations/runscripts/n400_cor_midsparse/11.run.job to the cluster
sbatch: NOTE: Your memory request of 131072M was likely submitted as 128G. Please note that Slurm interprets memory requests denominated in G as multiples of 1024M, not 1000M.
Submitted batch job 3286934
Submitting /home/ntamvada/projects/def-gcohenfr/ntamvada/simulations/runscripts/n400_cor_midsparse/12.run.job to the cluster
sbatch: NOTE: Your memory request of 131072M was likely submitted as 128G. Please note that Slurm interprets memory requests denominated in G as multiples of 1024M, not 1000M.
Submitted batch job 3286941
Submitting /home/ntamvada/projects/def-gcohenfr/ntamvada/simulations/runscripts/n400_cor_midsparse/13.run.job to the cluster
sbatch: NOTE: Your memory request of 131072M was likely submitted as 128G. Please note that Slurm interprets memory requests denominated in G as multiples of 1024M, not 1000M.
Submitted batch job 3286980
Submitting /home/ntamvada/projects/def-gcohenfr/ntamvada/simulations/runscripts/n400_cor_midsparse/14.run.job to the cluster
sbatch: NOTE: Your memory request of 131072M was likely submitted as 128G. Please note that Slurm interprets memory requests denominated in G as multiples of 1024M, not 1000M.
Submitted batch job 3287033
Submitting /home/ntamvada/projects/def-gcohenfr/ntamvada/simulations/runscripts/n400_cor_midsparse/15.run.job to the cluster
sbatch: NOTE: Your memory request of 131072M was likely submitted as 128G. Please note that Slurm interprets memory requests denominated in G as multiples of 1024M, not 1000M.
Submitted batch job 3287060
Submitting /home/ntamvada/projects/def-gcohenfr/ntamvada/simulations/runscripts/n400_cor_midsparse/16.run.job to the cluster
sbatch: NOTE: Your memory request of 131072M was likely submitted as 128G. Please note that Slurm interprets memory requests denominated in G as multiples of 1024M, not 1000M.
Submitted batch job 3287091
Submitting /home/ntamvada/projects/def-gcohenfr/ntamvada/simulations/runscripts/n400_cor_midsparse/17.run.job to the cluster
sbatch: NOTE: Your memory request of 131072M was likely submitted as 128G. Please note that Slurm interprets memory requests denominated in G as multiples of 1024M, not 1000M.
Submitted batch job 3287100
Submitting /home/ntamvada/projects/def-gcohenfr/ntamvada/simulations/runscripts/n400_cor_midsparse/18.run.job to the cluster
sbatch: NOTE: Your memory request of 131072M was likely submitted as 128G. Please note that Slurm interprets memory requests denominated in G as multiples of 1024M, not 1000M.
Submitted batch job 3287131
Submitting /home/ntamvada/projects/def-gcohenfr/ntamvada/simulations/runscripts/n400_cor_midsparse/19.run.job to the cluster
sbatch: NOTE: Your memory request of 131072M was likely submitted as 128G. Please note that Slurm interprets memory requests denominated in G as multiples of 1024M, not 1000M.
Submitted batch job 3287243
Submitting /home/ntamvada/projects/def-gcohenfr/ntamvada/simulations/runscripts/n400_cor_midsparse/20.run.job to the cluster
sbatch: NOTE: Your memory request of 131072M was likely submitted as 128G. Please note that Slurm interprets memory requests denominated in G as multiples of 1024M, not 1000M.
Submitted batch job 3287253
Submitting /home/ntamvada/projects/def-gcohenfr/ntamvada/simulations/runscripts/n400_cor_midsparse/21.run.job to the cluster
sbatch: NOTE: Your memory request of 131072M was likely submitted as 128G. Please note that Slurm interprets memory requests denominated in G as multiples of 1024M, not 1000M.
Submitted batch job 3287311
Submitting /home/ntamvada/projects/def-gcohenfr/ntamvada/simulations/runscripts/n400_cor_midsparse/22.run.job to the cluster
sbatch: NOTE: Your memory request of 131072M was likely submitted as 128G. Please note that Slurm interprets memory requests denominated in G as multiples of 1024M, not 1000M.
Submitted batch job 3287316
Submitting /home/ntamvada/projects/def-gcohenfr/ntamvada/simulations/runscripts/n400_cor_midsparse/23.run.job to the cluster
sbatch: NOTE: Your memory request of 131072M was likely submitted as 128G. Please note that Slurm interprets memory requests denominated in G as multiples of 1024M, not 1000M.
Submitted batch job 3287326
Submitting /home/ntamvada/projects/def-gcohenfr/ntamvada/simulations/runscripts/n400_cor_midsparse/24.run.job to the cluster
sbatch: NOTE: Your memory request of 131072M was likely submitted as 128G. Please note that Slurm interprets memory requests denominated in G as multiples of 1024M, not 1000M.
Submitted batch job 3287438
Submitting /home/ntamvada/projects/def-gcohenfr/ntamvada/simulations/runscripts/n400_cor_midsparse/25.run.job to the cluster
sbatch: NOTE: Your memory request of 131072M was likely submitted as 128G. Please note that Slurm interprets memory requests denominated in G as multiples of 1024M, not 1000M.
Submitted batch job 3287449
Submitting /home/ntamvada/projects/def-gcohenfr/ntamvada/simulations/runscripts/n400_cor_midsparse/26.run.job to the cluster
sbatch: NOTE: Your memory request of 131072M was likely submitted as 128G. Please note that Slurm interprets memory requests denominated in G as multiples of 1024M, not 1000M.
Submitted batch job 3287551
Submitting /home/ntamvada/projects/def-gcohenfr/ntamvada/simulations/runscripts/n400_cor_midsparse/27.run.job to the cluster
sbatch: NOTE: Your memory request of 131072M was likely submitted as 128G. Please note that Slurm interprets memory requests denominated in G as multiples of 1024M, not 1000M.
Submitted batch job 3287565
Submitting /home/ntamvada/projects/def-gcohenfr/ntamvada/simulations/runscripts/n400_cor_midsparse/28.run.job to the cluster
sbatch: NOTE: Your memory request of 131072M was likely submitted as 128G. Please note that Slurm interprets memory requests denominated in G as multiples of 1024M, not 1000M.
Submitted batch job 3287584
Submitting /home/ntamvada/projects/def-gcohenfr/ntamvada/simulations/runscripts/n400_cor_midsparse/29.run.job to the cluster
sbatch: error: Batch job submission failed: Socket timed out on send/recv operation
Submitting /home/ntamvada/projects/def-gcohenfr/ntamvada/simulations/runscripts/n400_cor_midsparse/30.run.job to the cluster
sbatch: NOTE: Your memory request of 131072M was likely submitted as 128G. Please note that Slurm interprets memory requests denominated in G as multiples of 1024M, not 1000M.
Submitted batch job 3287732
Submitting /home/ntamvada/projects/def-gcohenfr/ntamvada/simulations/runscripts/n400_cor_midsparse/31.run.job to the cluster
sbatch: NOTE: Your memory request of 131072M was likely submitted as 128G. Please note that Slurm interprets memory requests denominated in G as multiples of 1024M, not 1000M.
Submitted batch job 3287753
Submitting /home/ntamvada/projects/def-gcohenfr/ntamvada/simulations/runscripts/n400_cor_midsparse/32.run.job to the cluster
sbatch: NOTE: Your memory request of 131072M was likely submitted as 128G. Please note that Slurm interprets memory requests denominated in G as multiples of 1024M, not 1000M.
Submitted batch job 3287760
Submitting /home/ntamvada/projects/def-gcohenfr/ntamvada/simulations/runscripts/n400_cor_midsparse/33.run.job to the cluster
sbatch: NOTE: Your memory request of 131072M was likely submitted as 128G. Please note that Slurm interprets memory requests denominated in G as multiples of 1024M, not 1000M.
Submitted batch job 3287782
Submitting /home/ntamvada/projects/def-gcohenfr/ntamvada/simulations/runscripts/n400_cor_midsparse/34.run.job to the cluster
sbatch: NOTE: Your memory request of 131072M was likely submitted as 128G. Please note that Slurm interprets memory requests denominated in G as multiples of 1024M, not 1000M.
Submitted batch job 3287799
Submitting /home/ntamvada/projects/def-gcohenfr/ntamvada/simulations/runscripts/n400_cor_midsparse/35.run.job to the cluster
sbatch: NOTE: Your memory request of 131072M was likely submitted as 128G. Please note that Slurm interprets memory requests denominated in G as multiples of 1024M, not 1000M.
Submitted batch job 3287827
Submitting /home/ntamvada/projects/def-gcohenfr/ntamvada/simulations/runscripts/n400_cor_midsparse/36.run.job to the cluster
sbatch: NOTE: Your memory request of 131072M was likely submitted as 128G. Please note that Slurm interprets memory requests denominated in G as multiples of 1024M, not 1000M.
Submitted batch job 3287849
Submitting /home/ntamvada/projects/def-gcohenfr/ntamvada/simulations/runscripts/n400_cor_midsparse/37.run.job to the cluster
sbatch: NOTE: Your memory request of 131072M was likely submitted as 128G. Please note that Slurm interprets memory requests denominated in G as multiples of 1024M, not 1000M.
Submitted batch job 3287871
Submitting /home/ntamvada/projects/def-gcohenfr/ntamvada/simulations/runscripts/n400_cor_midsparse/38.run.job to the cluster
sbatch: NOTE: Your memory request of 131072M was likely submitted as 128G. Please note that Slurm interprets memory requests denominated in G as multiples of 1024M, not 1000M.
Submitted batch job 3287891
Submitting /home/ntamvada/projects/def-gcohenfr/ntamvada/simulations/runscripts/n400_cor_midsparse/39.run.job to the cluster
sbatch: NOTE: Your memory request of 131072M was likely submitted as 128G. Please note that Slurm interprets memory requests denominated in G as multiples of 1024M, not 1000M.
Submitted batch job 3287905
Submitting /home/ntamvada/projects/def-gcohenfr/ntamvada/simulations/runscripts/n400_cor_midsparse/40.run.job to the cluster
sbatch: NOTE: Your memory request of 131072M was likely submitted as 128G. Please note that Slurm interprets memory requests denominated in G as multiples of 1024M, not 1000M.
Submitted batch job 3287929
Submitting /home/ntamvada/projects/def-gcohenfr/ntamvada/simulations/runscripts/n400_cor_midsparse/41.run.job to the cluster
sbatch: NOTE: Your memory request of 131072M was likely submitted as 128G. Please note that Slurm interprets memory requests denominated in G as multiples of 1024M, not 1000M.
Submitted batch job 3287957
Submitting /home/ntamvada/projects/def-gcohenfr/ntamvada/simulations/runscripts/n400_cor_midsparse/42.run.job to the cluster
sbatch: NOTE: Your memory request of 131072M was likely submitted as 128G. Please note that Slurm interprets memory requests denominated in G as multiples of 1024M, not 1000M.
Submitted batch job 3287964
Submitting /home/ntamvada/projects/def-gcohenfr/ntamvada/simulations/runscripts/n400_cor_midsparse/43.run.job to the cluster
sbatch: NOTE: Your memory request of 131072M was likely submitted as 128G. Please note that Slurm interprets memory requests denominated in G as multiples of 1024M, not 1000M.
Submitted batch job 3287994
Submitting /home/ntamvada/projects/def-gcohenfr/ntamvada/simulations/runscripts/n400_cor_midsparse/44.run.job to the cluster
sbatch: NOTE: Your memory request of 131072M was likely submitted as 128G. Please note that Slurm interprets memory requests denominated in G as multiples of 1024M, not 1000M.
Submitted batch job 3288036
Submitting /home/ntamvada/projects/def-gcohenfr/ntamvada/simulations/runscripts/n400_cor_midsparse/45.run.job to the cluster
sbatch: NOTE: Your memory request of 131072M was likely submitted as 128G. Please note that Slurm interprets memory requests denominated in G as multiples of 1024M, not 1000M.
Submitted batch job 3288156
Submitting /home/ntamvada/projects/def-gcohenfr/ntamvada/simulations/runscripts/n400_cor_midsparse/46.run.job to the cluster
sbatch: NOTE: Your memory request of 131072M was likely submitted as 128G. Please note that Slurm interprets memory requests denominated in G as multiples of 1024M, not 1000M.
Submitted batch job 3288250
Submitting /home/ntamvada/projects/def-gcohenfr/ntamvada/simulations/runscripts/n400_cor_midsparse/47.run.job to the cluster
sbatch: NOTE: Your memory request of 131072M was likely submitted as 128G. Please note that Slurm interprets memory requests denominated in G as multiples of 1024M, not 1000M.
Submitted batch job 3288264
Submitting /home/ntamvada/projects/def-gcohenfr/ntamvada/simulations/runscripts/n400_cor_midsparse/48.run.job to the cluster
sbatch: NOTE: Your memory request of 131072M was likely submitted as 128G. Please note that Slurm interprets memory requests denominated in G as multiples of 1024M, not 1000M.
Submitted batch job 3288316
Submitting /home/ntamvada/projects/def-gcohenfr/ntamvada/simulations/runscripts/n400_cor_midsparse/49.run.job to the cluster
sbatch: NOTE: Your memory request of 131072M was likely submitted as 128G. Please note that Slurm interprets memory requests denominated in G as multiples of 1024M, not 1000M.
Submitted batch job 3288370
Submitting /home/ntamvada/projects/def-gcohenfr/ntamvada/simulations/runscripts/n400_cor_midsparse/50.run.job to the cluster
sbatch: NOTE: Your memory request of 131072M was likely submitted as 128G. Please note that Slurm interprets memory requests denominated in G as multiples of 1024M, not 1000M.
Submitted batch job 3288408
Submitting /home/ntamvada/projects/def-gcohenfr/ntamvada/simulations/runscripts/n400_cor_midsparse/51.run.job to the cluster
sbatch: NOTE: Your memory request of 131072M was likely submitted as 128G. Please note that Slurm interprets memory requests denominated in G as multiples of 1024M, not 1000M.
Submitted batch job 3288458
Submitting /home/ntamvada/projects/def-gcohenfr/ntamvada/simulations/runscripts/n400_cor_midsparse/52.run.job to the cluster
sbatch: NOTE: Your memory request of 131072M was likely submitted as 128G. Please note that Slurm interprets memory requests denominated in G as multiples of 1024M, not 1000M.
Submitted batch job 3288485
Submitting /home/ntamvada/projects/def-gcohenfr/ntamvada/simulations/runscripts/n400_cor_midsparse/53.run.job to the cluster
sbatch: NOTE: Your memory request of 131072M was likely submitted as 128G. Please note that Slurm interprets memory requests denominated in G as multiples of 1024M, not 1000M.
Submitted batch job 3288493
Submitting /home/ntamvada/projects/def-gcohenfr/ntamvada/simulations/runscripts/n400_cor_midsparse/54.run.job to the cluster
sbatch: NOTE: Your memory request of 131072M was likely submitted as 128G. Please note that Slurm interprets memory requests denominated in G as multiples of 1024M, not 1000M.
Submitted batch job 3288513
Submitting /home/ntamvada/projects/def-gcohenfr/ntamvada/simulations/runscripts/n400_cor_midsparse/55.run.job to the cluster
sbatch: NOTE: Your memory request of 131072M was likely submitted as 128G. Please note that Slurm interprets memory requests denominated in G as multiples of 1024M, not 1000M.
Submitted batch job 3288526
Submitting /home/ntamvada/projects/def-gcohenfr/ntamvada/simulations/runscripts/n400_cor_midsparse/56.run.job to the cluster
sbatch: NOTE: Your memory request of 131072M was likely submitted as 128G. Please note that Slurm interprets memory requests denominated in G as multiples of 1024M, not 1000M.
Submitted batch job 3288555
Submitting /home/ntamvada/projects/def-gcohenfr/ntamvada/simulations/runscripts/n400_cor_midsparse/57.run.job to the cluster
sbatch: NOTE: Your memory request of 131072M was likely submitted as 128G. Please note that Slurm interprets memory requests denominated in G as multiples of 1024M, not 1000M.
Submitted batch job 3288566
Submitting /home/ntamvada/projects/def-gcohenfr/ntamvada/simulations/runscripts/n400_cor_midsparse/58.run.job to the cluster
sbatch: NOTE: Your memory request of 131072M was likely submitted as 128G. Please note that Slurm interprets memory requests denominated in G as multiples of 1024M, not 1000M.
Submitted batch job 3288619
Submitting /home/ntamvada/projects/def-gcohenfr/ntamvada/simulations/runscripts/n400_cor_midsparse/59.run.job to the cluster
sbatch: NOTE: Your memory request of 131072M was likely submitted as 128G. Please note that Slurm interprets memory requests denominated in G as multiples of 1024M, not 1000M.
Submitted batch job 3288663
Submitting /home/ntamvada/projects/def-gcohenfr/ntamvada/simulations/runscripts/n400_cor_midsparse/60.run.job to the cluster
sbatch: NOTE: Your memory request of 131072M was likely submitted as 128G. Please note that Slurm interprets memory requests denominated in G as multiples of 1024M, not 1000M.
Submitted batch job 3288686
Submitting /home/ntamvada/projects/def-gcohenfr/ntamvada/simulations/runscripts/n400_cor_midsparse/61.run.job to the cluster
sbatch: NOTE: Your memory request of 131072M was likely submitted as 128G. Please note that Slurm interprets memory requests denominated in G as multiples of 1024M, not 1000M.
Submitted batch job 3288746
Submitting /home/ntamvada/projects/def-gcohenfr/ntamvada/simulations/runscripts/n400_cor_midsparse/62.run.job to the cluster
sbatch: NOTE: Your memory request of 131072M was likely submitted as 128G. Please note that Slurm interprets memory requests denominated in G as multiples of 1024M, not 1000M.
Submitted batch job 3288773
Submitting /home/ntamvada/projects/def-gcohenfr/ntamvada/simulations/runscripts/n400_cor_midsparse/63.run.job to the cluster
sbatch: NOTE: Your memory request of 131072M was likely submitted as 128G. Please note that Slurm interprets memory requests denominated in G as multiples of 1024M, not 1000M.
Submitted batch job 3288793
Submitting /home/ntamvada/projects/def-gcohenfr/ntamvada/simulations/runscripts/n400_cor_midsparse/64.run.job to the cluster
sbatch: NOTE: Your memory request of 131072M was likely submitted as 128G. Please note that Slurm interprets memory requests denominated in G as multiples of 1024M, not 1000M.
Submitted batch job 3288816
Submitting /home/ntamvada/projects/def-gcohenfr/ntamvada/simulations/runscripts/n400_cor_midsparse/65.run.job to the cluster
sbatch: NOTE: Your memory request of 131072M was likely submitted as 128G. Please note that Slurm interprets memory requests denominated in G as multiples of 1024M, not 1000M.
Submitted batch job 3288838
Submitting /home/ntamvada/projects/def-gcohenfr/ntamvada/simulations/runscripts/n400_cor_midsparse/66.run.job to the cluster
sbatch: NOTE: Your memory request of 131072M was likely submitted as 128G. Please note that Slurm interprets memory requests denominated in G as multiples of 1024M, not 1000M.
Submitted batch job 3288856
Submitting /home/ntamvada/projects/def-gcohenfr/ntamvada/simulations/runscripts/n400_cor_midsparse/67.run.job to the cluster
sbatch: NOTE: Your memory request of 131072M was likely submitted as 128G. Please note that Slurm interprets memory requests denominated in G as multiples of 1024M, not 1000M.
Submitted batch job 3288885
Submitting /home/ntamvada/projects/def-gcohenfr/ntamvada/simulations/runscripts/n400_cor_midsparse/68.run.job to the cluster
sbatch: NOTE: Your memory request of 131072M was likely submitted as 128G. Please note that Slurm interprets memory requests denominated in G as multiples of 1024M, not 1000M.
Submitted batch job 3288900
Submitting /home/ntamvada/projects/def-gcohenfr/ntamvada/simulations/runscripts/n400_cor_midsparse/69.run.job to the cluster
sbatch: NOTE: Your memory request of 131072M was likely submitted as 128G. Please note that Slurm interprets memory requests denominated in G as multiples of 1024M, not 1000M.
Submitted batch job 3288944
Submitting /home/ntamvada/projects/def-gcohenfr/ntamvada/simulations/runscripts/n400_cor_midsparse/70.run.job to the cluster
sbatch: NOTE: Your memory request of 131072M was likely submitted as 128G. Please note that Slurm interprets memory requests denominated in G as multiples of 1024M, not 1000M.
Submitted batch job 3288958
Submitting /home/ntamvada/projects/def-gcohenfr/ntamvada/simulations/runscripts/n400_cor_midsparse/71.run.job to the cluster
sbatch: NOTE: Your memory request of 131072M was likely submitted as 128G. Please note that Slurm interprets memory requests denominated in G as multiples of 1024M, not 1000M.
Submitted batch job 3288992
Submitting /home/ntamvada/projects/def-gcohenfr/ntamvada/simulations/runscripts/n400_cor_midsparse/72.run.job to the cluster
sbatch: NOTE: Your memory request of 131072M was likely submitted as 128G. Please note that Slurm interprets memory requests denominated in G as multiples of 1024M, not 1000M.
Submitted batch job 3289034
Submitting /home/ntamvada/projects/def-gcohenfr/ntamvada/simulations/runscripts/n400_cor_midsparse/73.run.job to the cluster
sbatch: NOTE: Your memory request of 131072M was likely submitted as 128G. Please note that Slurm interprets memory requests denominated in G as multiples of 1024M, not 1000M.
Submitted batch job 3289101
Submitting /home/ntamvada/projects/def-gcohenfr/ntamvada/simulations/runscripts/n400_cor_midsparse/74.run.job to the cluster
sbatch: NOTE: Your memory request of 131072M was likely submitted as 128G. Please note that Slurm interprets memory requests denominated in G as multiples of 1024M, not 1000M.
Submitted batch job 3289113
Submitting /home/ntamvada/projects/def-gcohenfr/ntamvada/simulations/runscripts/n400_cor_midsparse/75.run.job to the cluster
sbatch: NOTE: Your memory request of 131072M was likely submitted as 128G. Please note that Slurm interprets memory requests denominated in G as multiples of 1024M, not 1000M.
Submitted batch job 3289148
Submitting /home/ntamvada/projects/def-gcohenfr/ntamvada/simulations/runscripts/n400_cor_midsparse/76.run.job to the cluster
sbatch: NOTE: Your memory request of 131072M was likely submitted as 128G. Please note that Slurm interprets memory requests denominated in G as multiples of 1024M, not 1000M.
Submitted batch job 3289170
Submitting /home/ntamvada/projects/def-gcohenfr/ntamvada/simulations/runscripts/n400_cor_midsparse/77.run.job to the cluster
sbatch: NOTE: Your memory request of 131072M was likely submitted as 128G. Please note that Slurm interprets memory requests denominated in G as multiples of 1024M, not 1000M.
Submitted batch job 3289220
Submitting /home/ntamvada/projects/def-gcohenfr/ntamvada/simulations/runscripts/n400_cor_midsparse/78.run.job to the cluster
sbatch: NOTE: Your memory request of 131072M was likely submitted as 128G. Please note that Slurm interprets memory requests denominated in G as multiples of 1024M, not 1000M.
Submitted batch job 3289273
Submitting /home/ntamvada/projects/def-gcohenfr/ntamvada/simulations/runscripts/n400_cor_midsparse/79.run.job to the cluster
sbatch: NOTE: Your memory request of 131072M was likely submitted as 128G. Please note that Slurm interprets memory requests denominated in G as multiples of 1024M, not 1000M.
Submitted batch job 3289286
Submitting /home/ntamvada/projects/def-gcohenfr/ntamvada/simulations/runscripts/n400_cor_midsparse/80.run.job to the cluster
sbatch: NOTE: Your memory request of 131072M was likely submitted as 128G. Please note that Slurm interprets memory requests denominated in G as multiples of 1024M, not 1000M.
Submitted batch job 3289359
Submitting /home/ntamvada/projects/def-gcohenfr/ntamvada/simulations/runscripts/n400_cor_midsparse/81.run.job to the cluster
sbatch: NOTE: Your memory request of 131072M was likely submitted as 128G. Please note that Slurm interprets memory requests denominated in G as multiples of 1024M, not 1000M.
Submitted batch job 3289443
Submitting /home/ntamvada/projects/def-gcohenfr/ntamvada/simulations/runscripts/n400_cor_midsparse/82.run.job to the cluster
sbatch: NOTE: Your memory request of 131072M was likely submitted as 128G. Please note that Slurm interprets memory requests denominated in G as multiples of 1024M, not 1000M.
Submitted batch job 3289453
Submitting /home/ntamvada/projects/def-gcohenfr/ntamvada/simulations/runscripts/n400_cor_midsparse/83.run.job to the cluster
sbatch: NOTE: Your memory request of 131072M was likely submitted as 128G. Please note that Slurm interprets memory requests denominated in G as multiples of 1024M, not 1000M.
Submitted batch job 3289560
Submitting /home/ntamvada/projects/def-gcohenfr/ntamvada/simulations/runscripts/n400_cor_midsparse/84.run.job to the cluster
sbatch: NOTE: Your memory request of 131072M was likely submitted as 128G. Please note that Slurm interprets memory requests denominated in G as multiples of 1024M, not 1000M.
Submitted batch job 3289576
Submitting /home/ntamvada/projects/def-gcohenfr/ntamvada/simulations/runscripts/n400_cor_midsparse/85.run.job to the cluster
sbatch: NOTE: Your memory request of 131072M was likely submitted as 128G. Please note that Slurm interprets memory requests denominated in G as multiples of 1024M, not 1000M.
Submitted batch job 3289602
Submitting /home/ntamvada/projects/def-gcohenfr/ntamvada/simulations/runscripts/n400_cor_midsparse/86.run.job to the cluster
sbatch: NOTE: Your memory request of 131072M was likely submitted as 128G. Please note that Slurm interprets memory requests denominated in G as multiples of 1024M, not 1000M.
Submitted batch job 3289610
Submitting /home/ntamvada/projects/def-gcohenfr/ntamvada/simulations/runscripts/n400_cor_midsparse/87.run.job to the cluster
sbatch: NOTE: Your memory request of 131072M was likely submitted as 128G. Please note that Slurm interprets memory requests denominated in G as multiples of 1024M, not 1000M.
Submitted batch job 3289635
Submitting /home/ntamvada/projects/def-gcohenfr/ntamvada/simulations/runscripts/n400_cor_midsparse/88.run.job to the cluster
sbatch: NOTE: Your memory request of 131072M was likely submitted as 128G. Please note that Slurm interprets memory requests denominated in G as multiples of 1024M, not 1000M.
Submitted batch job 3289655
Submitting /home/ntamvada/projects/def-gcohenfr/ntamvada/simulations/runscripts/n400_cor_midsparse/89.run.job to the cluster
sbatch: NOTE: Your memory request of 131072M was likely submitted as 128G. Please note that Slurm interprets memory requests denominated in G as multiples of 1024M, not 1000M.
Submitted batch job 3289681
Submitting /home/ntamvada/projects/def-gcohenfr/ntamvada/simulations/runscripts/n400_cor_midsparse/90.run.job to the cluster
sbatch: NOTE: Your memory request of 131072M was likely submitted as 128G. Please note that Slurm interprets memory requests denominated in G as multiples of 1024M, not 1000M.
Submitted batch job 3289687
Submitting /home/ntamvada/projects/def-gcohenfr/ntamvada/simulations/runscripts/n400_cor_midsparse/91.run.job to the cluster
sbatch: NOTE: Your memory request of 131072M was likely submitted as 128G. Please note that Slurm interprets memory requests denominated in G as multiples of 1024M, not 1000M.
Submitted batch job 3289700
Submitting /home/ntamvada/projects/def-gcohenfr/ntamvada/simulations/runscripts/n400_cor_midsparse/92.run.job to the cluster
sbatch: NOTE: Your memory request of 131072M was likely submitted as 128G. Please note that Slurm interprets memory requests denominated in G as multiples of 1024M, not 1000M.
Submitted batch job 3289726
Submitting /home/ntamvada/projects/def-gcohenfr/ntamvada/simulations/runscripts/n400_cor_midsparse/93.run.job to the cluster
sbatch: NOTE: Your memory request of 131072M was likely submitted as 128G. Please note that Slurm interprets memory requests denominated in G as multiples of 1024M, not 1000M.
Submitted batch job 3289751
Submitting /home/ntamvada/projects/def-gcohenfr/ntamvada/simulations/runscripts/n400_cor_midsparse/94.run.job to the cluster
sbatch: NOTE: Your memory request of 131072M was likely submitted as 128G. Please note that Slurm interprets memory requests denominated in G as multiples of 1024M, not 1000M.
Submitted batch job 3289775
Submitting /home/ntamvada/projects/def-gcohenfr/ntamvada/simulations/runscripts/n400_cor_midsparse/95.run.job to the cluster
sbatch: NOTE: Your memory request of 131072M was likely submitted as 128G. Please note that Slurm interprets memory requests denominated in G as multiples of 1024M, not 1000M.
Submitted batch job 3289810
Submitting /home/ntamvada/projects/def-gcohenfr/ntamvada/simulations/runscripts/n400_cor_midsparse/96.run.job to the cluster
sbatch: NOTE: Your memory request of 131072M was likely submitted as 128G. Please note that Slurm interprets memory requests denominated in G as multiples of 1024M, not 1000M.
Submitted batch job 3289839
Submitting /home/ntamvada/projects/def-gcohenfr/ntamvada/simulations/runscripts/n400_cor_midsparse/97.run.job to the cluster
sbatch: NOTE: Your memory request of 131072M was likely submitted as 128G. Please note that Slurm interprets memory requests denominated in G as multiples of 1024M, not 1000M.
Submitted batch job 3289862
Submitting /home/ntamvada/projects/def-gcohenfr/ntamvada/simulations/runscripts/n400_cor_midsparse/98.run.job to the cluster
sbatch: NOTE: Your memory request of 131072M was likely submitted as 128G. Please note that Slurm interprets memory requests denominated in G as multiples of 1024M, not 1000M.
Submitted batch job 3289904
Submitting /home/ntamvada/projects/def-gcohenfr/ntamvada/simulations/runscripts/n400_cor_midsparse/99.run.job to the cluster
sbatch: NOTE: Your memory request of 131072M was likely submitted as 128G. Please note that Slurm interprets memory requests denominated in G as multiples of 1024M, not 1000M.
Submitted batch job 3290054
Submitting /home/ntamvada/projects/def-gcohenfr/ntamvada/simulations/runscripts/n400_cor_midsparse/100.run.job to the cluster
sbatch: NOTE: Your memory request of 131072M was likely submitted as 128G. Please note that Slurm interprets memory requests denominated in G as multiples of 1024M, not 1000M.
Submitted batch job 3290140
Submitting /home/ntamvada/projects/def-gcohenfr/ntamvada/simulations/runscripts/n400_cor_midsparse/101.run.job to the cluster
sbatch: NOTE: Your memory request of 131072M was likely submitted as 128G. Please note that Slurm interprets memory requests denominated in G as multiples of 1024M, not 1000M.
Submitted batch job 3290153
Submitting /home/ntamvada/projects/def-gcohenfr/ntamvada/simulations/runscripts/n400_cor_midsparse/102.run.job to the cluster
sbatch: NOTE: Your memory request of 131072M was likely submitted as 128G. Please note that Slurm interprets memory requests denominated in G as multiples of 1024M, not 1000M.
Submitted batch job 3290167
Submitting /home/ntamvada/projects/def-gcohenfr/ntamvada/simulations/runscripts/n400_cor_midsparse/103.run.job to the cluster
sbatch: NOTE: Your memory request of 131072M was likely submitted as 128G. Please note that Slurm interprets memory requests denominated in G as multiples of 1024M, not 1000M.
Submitted batch job 3290201
Submitting /home/ntamvada/projects/def-gcohenfr/ntamvada/simulations/runscripts/n400_cor_midsparse/104.run.job to the cluster
sbatch: NOTE: Your memory request of 131072M was likely submitted as 128G. Please note that Slurm interprets memory requests denominated in G as multiples of 1024M, not 1000M.
Submitted batch job 3290224
Submitting /home/ntamvada/projects/def-gcohenfr/ntamvada/simulations/runscripts/n400_cor_midsparse/105.run.job to the cluster
sbatch: NOTE: Your memory request of 131072M was likely submitted as 128G. Please note that Slurm interprets memory requests denominated in G as multiples of 1024M, not 1000M.
Submitted batch job 3290249
Submitting /home/ntamvada/projects/def-gcohenfr/ntamvada/simulations/runscripts/n400_cor_midsparse/106.run.job to the cluster
sbatch: NOTE: Your memory request of 131072M was likely submitted as 128G. Please note that Slurm interprets memory requests denominated in G as multiples of 1024M, not 1000M.
Submitted batch job 3290269
Submitting /home/ntamvada/projects/def-gcohenfr/ntamvada/simulations/runscripts/n400_cor_midsparse/107.run.job to the cluster
sbatch: NOTE: Your memory request of 131072M was likely submitted as 128G. Please note that Slurm interprets memory requests denominated in G as multiples of 1024M, not 1000M.
Submitted batch job 3290307
Submitting /home/ntamvada/projects/def-gcohenfr/ntamvada/simulations/runscripts/n400_cor_midsparse/108.run.job to the cluster
sbatch: NOTE: Your memory request of 131072M was likely submitted as 128G. Please note that Slurm interprets memory requests denominated in G as multiples of 1024M, not 1000M.
Submitted batch job 3290323
Submitting /home/ntamvada/projects/def-gcohenfr/ntamvada/simulations/runscripts/n400_cor_midsparse/109.run.job to the cluster
sbatch: NOTE: Your memory request of 131072M was likely submitted as 128G. Please note that Slurm interprets memory requests denominated in G as multiples of 1024M, not 1000M.
Submitted batch job 3290344
Submitting /home/ntamvada/projects/def-gcohenfr/ntamvada/simulations/runscripts/n400_cor_midsparse/110.run.job to the cluster
sbatch: NOTE: Your memory request of 131072M was likely submitted as 128G. Please note that Slurm interprets memory requests denominated in G as multiples of 1024M, not 1000M.
Submitted batch job 3290374
Submitting /home/ntamvada/projects/def-gcohenfr/ntamvada/simulations/runscripts/n400_cor_midsparse/111.run.job to the cluster
sbatch: NOTE: Your memory request of 131072M was likely submitted as 128G. Please note that Slurm interprets memory requests denominated in G as multiples of 1024M, not 1000M.
Submitted batch job 3290435
Submitting /home/ntamvada/projects/def-gcohenfr/ntamvada/simulations/runscripts/n400_cor_midsparse/112.run.job to the cluster
sbatch: NOTE: Your memory request of 131072M was likely submitted as 128G. Please note that Slurm interprets memory requests denominated in G as multiples of 1024M, not 1000M.
Submitted batch job 3290474
Submitting /home/ntamvada/projects/def-gcohenfr/ntamvada/simulations/runscripts/n400_cor_midsparse/113.run.job to the cluster
sbatch: NOTE: Your memory request of 131072M was likely submitted as 128G. Please note that Slurm interprets memory requests denominated in G as multiples of 1024M, not 1000M.
Submitted batch job 3290502
Submitting /home/ntamvada/projects/def-gcohenfr/ntamvada/simulations/runscripts/n400_cor_midsparse/114.run.job to the cluster
sbatch: NOTE: Your memory request of 131072M was likely submitted as 128G. Please note that Slurm interprets memory requests denominated in G as multiples of 1024M, not 1000M.
Submitted batch job 3290535
Submitting /home/ntamvada/projects/def-gcohenfr/ntamvada/simulations/runscripts/n400_cor_midsparse/115.run.job to the cluster
sbatch: NOTE: Your memory request of 131072M was likely submitted as 128G. Please note that Slurm interprets memory requests denominated in G as multiples of 1024M, not 1000M.
Submitted batch job 3290551
Submitting /home/ntamvada/projects/def-gcohenfr/ntamvada/simulations/runscripts/n400_cor_midsparse/116.run.job to the cluster
sbatch: NOTE: Your memory request of 131072M was likely submitted as 128G. Please note that Slurm interprets memory requests denominated in G as multiples of 1024M, not 1000M.
Submitted batch job 3290572
Submitting /home/ntamvada/projects/def-gcohenfr/ntamvada/simulations/runscripts/n400_cor_midsparse/117.run.job to the cluster
sbatch: NOTE: Your memory request of 131072M was likely submitted as 128G. Please note that Slurm interprets memory requests denominated in G as multiples of 1024M, not 1000M.
Submitted batch job 3290688
Submitting /home/ntamvada/projects/def-gcohenfr/ntamvada/simulations/runscripts/n400_cor_midsparse/118.run.job to the cluster
sbatch: NOTE: Your memory request of 131072M was likely submitted as 128G. Please note that Slurm interprets memory requests denominated in G as multiples of 1024M, not 1000M.
Submitted batch job 3290728
Submitting /home/ntamvada/projects/def-gcohenfr/ntamvada/simulations/runscripts/n400_cor_midsparse/119.run.job to the cluster
sbatch: NOTE: Your memory request of 131072M was likely submitted as 128G. Please note that Slurm interprets memory requests denominated in G as multiples of 1024M, not 1000M.
Submitted batch job 3290749
Submitting /home/ntamvada/projects/def-gcohenfr/ntamvada/simulations/runscripts/n400_cor_midsparse/120.run.job to the cluster
sbatch: NOTE: Your memory request of 131072M was likely submitted as 128G. Please note that Slurm interprets memory requests denominated in G as multiples of 1024M, not 1000M.
Submitted batch job 3290768
Submitting /home/ntamvada/projects/def-gcohenfr/ntamvada/simulations/runscripts/n400_cor_midsparse/121.run.job to the cluster
sbatch: error: Batch job submission failed: Socket timed out on send/recv operation
Submitting /home/ntamvada/projects/def-gcohenfr/ntamvada/simulations/runscripts/n400_cor_midsparse/122.run.job to the cluster
sbatch: NOTE: Your memory request of 131072M was likely submitted as 128G. Please note that Slurm interprets memory requests denominated in G as multiples of 1024M, not 1000M.
Submitted batch job 3290902
Submitting /home/ntamvada/projects/def-gcohenfr/ntamvada/simulations/runscripts/n400_cor_midsparse/123.run.job to the cluster
sbatch: NOTE: Your memory request of 131072M was likely submitted as 128G. Please note that Slurm interprets memory requests denominated in G as multiples of 1024M, not 1000M.
Submitted batch job 3290941
Submitting /home/ntamvada/projects/def-gcohenfr/ntamvada/simulations/runscripts/n400_cor_midsparse/124.run.job to the cluster
sbatch: NOTE: Your memory request of 131072M was likely submitted as 128G. Please note that Slurm interprets memory requests denominated in G as multiples of 1024M, not 1000M.
Submitted batch job 3290974
Submitting /home/ntamvada/projects/def-gcohenfr/ntamvada/simulations/runscripts/n400_cor_midsparse/125.run.job to the cluster
sbatch: NOTE: Your memory request of 131072M was likely submitted as 128G. Please note that Slurm interprets memory requests denominated in G as multiples of 1024M, not 1000M.
Submitted batch job 3291009
Submitting /home/ntamvada/projects/def-gcohenfr/ntamvada/simulations/runscripts/n400_cor_midsparse/126.run.job to the cluster
sbatch: NOTE: Your memory request of 131072M was likely submitted as 128G. Please note that Slurm interprets memory requests denominated in G as multiples of 1024M, not 1000M.
Submitted batch job 3291034
Submitting /home/ntamvada/projects/def-gcohenfr/ntamvada/simulations/runscripts/n400_cor_midsparse/127.run.job to the cluster
sbatch: NOTE: Your memory request of 131072M was likely submitted as 128G. Please note that Slurm interprets memory requests denominated in G as multiples of 1024M, not 1000M.
Submitted batch job 3291105
Submitting /home/ntamvada/projects/def-gcohenfr/ntamvada/simulations/runscripts/n400_cor_midsparse/128.run.job to the cluster
sbatch: NOTE: Your memory request of 131072M was likely submitted as 128G. Please note that Slurm interprets memory requests denominated in G as multiples of 1024M, not 1000M.
Submitted batch job 3291148
Submitting /home/ntamvada/projects/def-gcohenfr/ntamvada/simulations/runscripts/n400_cor_midsparse/129.run.job to the cluster
sbatch: NOTE: Your memory request of 131072M was likely submitted as 128G. Please note that Slurm interprets memory requests denominated in G as multiples of 1024M, not 1000M.
Submitted batch job 3291171
Submitting /home/ntamvada/projects/def-gcohenfr/ntamvada/simulations/runscripts/n400_cor_midsparse/130.run.job to the cluster
sbatch: NOTE: Your memory request of 131072M was likely submitted as 128G. Please note that Slurm interprets memory requests denominated in G as multiples of 1024M, not 1000M.
Submitted batch job 3291188
Submitting /home/ntamvada/projects/def-gcohenfr/ntamvada/simulations/runscripts/n400_cor_midsparse/131.run.job to the cluster
sbatch: NOTE: Your memory request of 131072M was likely submitted as 128G. Please note that Slurm interprets memory requests denominated in G as multiples of 1024M, not 1000M.
Submitted batch job 3291225
Submitting /home/ntamvada/projects/def-gcohenfr/ntamvada/simulations/runscripts/n400_cor_midsparse/132.run.job to the cluster
sbatch: NOTE: Your memory request of 131072M was likely submitted as 128G. Please note that Slurm interprets memory requests denominated in G as multiples of 1024M, not 1000M.
Submitted batch job 3291234
Submitting /home/ntamvada/projects/def-gcohenfr/ntamvada/simulations/runscripts/n400_cor_midsparse/133.run.job to the cluster
sbatch: NOTE: Your memory request of 131072M was likely submitted as 128G. Please note that Slurm interprets memory requests denominated in G as multiples of 1024M, not 1000M.
Submitted batch job 3291274
Submitting /home/ntamvada/projects/def-gcohenfr/ntamvada/simulations/runscripts/n400_cor_midsparse/134.run.job to the cluster
sbatch: NOTE: Your memory request of 131072M was likely submitted as 128G. Please note that Slurm interprets memory requests denominated in G as multiples of 1024M, not 1000M.
Submitted batch job 3291291
Submitting /home/ntamvada/projects/def-gcohenfr/ntamvada/simulations/runscripts/n400_cor_midsparse/135.run.job to the cluster
sbatch: NOTE: Your memory request of 131072M was likely submitted as 128G. Please note that Slurm interprets memory requests denominated in G as multiples of 1024M, not 1000M.
Submitted batch job 3291316
Submitting /home/ntamvada/projects/def-gcohenfr/ntamvada/simulations/runscripts/n400_cor_midsparse/136.run.job to the cluster
sbatch: NOTE: Your memory request of 131072M was likely submitted as 128G. Please note that Slurm interprets memory requests denominated in G as multiples of 1024M, not 1000M.
Submitted batch job 3291329
Submitting /home/ntamvada/projects/def-gcohenfr/ntamvada/simulations/runscripts/n400_cor_midsparse/137.run.job to the cluster
sbatch: NOTE: Your memory request of 131072M was likely submitted as 128G. Please note that Slurm interprets memory requests denominated in G as multiples of 1024M, not 1000M.
Submitted batch job 3291351
Submitting /home/ntamvada/projects/def-gcohenfr/ntamvada/simulations/runscripts/n400_cor_midsparse/138.run.job to the cluster
sbatch: NOTE: Your memory request of 131072M was likely submitted as 128G. Please note that Slurm interprets memory requests denominated in G as multiples of 1024M, not 1000M.
Submitted batch job 3291393
Submitting /home/ntamvada/projects/def-gcohenfr/ntamvada/simulations/runscripts/n400_cor_midsparse/139.run.job to the cluster
sbatch: NOTE: Your memory request of 131072M was likely submitted as 128G. Please note that Slurm interprets memory requests denominated in G as multiples of 1024M, not 1000M.
Submitted batch job 3291404
Submitting /home/ntamvada/projects/def-gcohenfr/ntamvada/simulations/runscripts/n400_cor_midsparse/140.run.job to the cluster
sbatch: NOTE: Your memory request of 131072M was likely submitted as 128G. Please note that Slurm interprets memory requests denominated in G as multiples of 1024M, not 1000M.
Submitted batch job 3291424
Submitting /home/ntamvada/projects/def-gcohenfr/ntamvada/simulations/runscripts/n400_cor_midsparse/141.run.job to the cluster
sbatch: NOTE: Your memory request of 131072M was likely submitted as 128G. Please note that Slurm interprets memory requests denominated in G as multiples of 1024M, not 1000M.
Submitted batch job 3291443
Submitting /home/ntamvada/projects/def-gcohenfr/ntamvada/simulations/runscripts/n400_cor_midsparse/142.run.job to the cluster
sbatch: NOTE: Your memory request of 131072M was likely submitted as 128G. Please note that Slurm interprets memory requests denominated in G as multiples of 1024M, not 1000M.
Submitted batch job 3291461
Submitting /home/ntamvada/projects/def-gcohenfr/ntamvada/simulations/runscripts/n400_cor_midsparse/143.run.job to the cluster
sbatch: NOTE: Your memory request of 131072M was likely submitted as 128G. Please note that Slurm interprets memory requests denominated in G as multiples of 1024M, not 1000M.
Submitted batch job 3291488
Submitting /home/ntamvada/projects/def-gcohenfr/ntamvada/simulations/runscripts/n400_cor_midsparse/144.run.job to the cluster
sbatch: NOTE: Your memory request of 131072M was likely submitted as 128G. Please note that Slurm interprets memory requests denominated in G as multiples of 1024M, not 1000M.
Submitted batch job 3291511
Submitting /home/ntamvada/projects/def-gcohenfr/ntamvada/simulations/runscripts/n400_cor_midsparse/145.run.job to the cluster
sbatch: NOTE: Your memory request of 131072M was likely submitted as 128G. Please note that Slurm interprets memory requests denominated in G as multiples of 1024M, not 1000M.
Submitted batch job 3291534
Submitting /home/ntamvada/projects/def-gcohenfr/ntamvada/simulations/runscripts/n400_cor_midsparse/146.run.job to the cluster
sbatch: NOTE: Your memory request of 131072M was likely submitted as 128G. Please note that Slurm interprets memory requests denominated in G as multiples of 1024M, not 1000M.
Submitted batch job 3291561
Submitting /home/ntamvada/projects/def-gcohenfr/ntamvada/simulations/runscripts/n400_cor_midsparse/147.run.job to the cluster
sbatch: NOTE: Your memory request of 131072M was likely submitted as 128G. Please note that Slurm interprets memory requests denominated in G as multiples of 1024M, not 1000M.
Submitted batch job 3291585
Submitting /home/ntamvada/projects/def-gcohenfr/ntamvada/simulations/runscripts/n400_cor_midsparse/148.run.job to the cluster
sbatch: NOTE: Your memory request of 131072M was likely submitted as 128G. Please note that Slurm interprets memory requests denominated in G as multiples of 1024M, not 1000M.
Submitted batch job 3291606
Submitting /home/ntamvada/projects/def-gcohenfr/ntamvada/simulations/runscripts/n400_cor_midsparse/149.run.job to the cluster
sbatch: NOTE: Your memory request of 131072M was likely submitted as 128G. Please note that Slurm interprets memory requests denominated in G as multiples of 1024M, not 1000M.
Submitted batch job 3291651
Submitting /home/ntamvada/projects/def-gcohenfr/ntamvada/simulations/runscripts/n400_cor_midsparse/150.run.job to the cluster
sbatch: NOTE: Your memory request of 131072M was likely submitted as 128G. Please note that Slurm interprets memory requests denominated in G as multiples of 1024M, not 1000M.
Submitted batch job 3291674
Submitting /home/ntamvada/projects/def-gcohenfr/ntamvada/simulations/runscripts/n400_cor_midsparse/151.run.job to the cluster
sbatch: NOTE: Your memory request of 131072M was likely submitted as 128G. Please note that Slurm interprets memory requests denominated in G as multiples of 1024M, not 1000M.
Submitted batch job 3291691
Submitting /home/ntamvada/projects/def-gcohenfr/ntamvada/simulations/runscripts/n400_cor_midsparse/152.run.job to the cluster
sbatch: NOTE: Your memory request of 131072M was likely submitted as 128G. Please note that Slurm interprets memory requests denominated in G as multiples of 1024M, not 1000M.
Submitted batch job 3291738
Submitting /home/ntamvada/projects/def-gcohenfr/ntamvada/simulations/runscripts/n400_cor_midsparse/153.run.job to the cluster
sbatch: NOTE: Your memory request of 131072M was likely submitted as 128G. Please note that Slurm interprets memory requests denominated in G as multiples of 1024M, not 1000M.
Submitted batch job 3291759
Submitting /home/ntamvada/projects/def-gcohenfr/ntamvada/simulations/runscripts/n400_cor_midsparse/154.run.job to the cluster
sbatch: NOTE: Your memory request of 131072M was likely submitted as 128G. Please note that Slurm interprets memory requests denominated in G as multiples of 1024M, not 1000M.
Submitted batch job 3291786
Submitting /home/ntamvada/projects/def-gcohenfr/ntamvada/simulations/runscripts/n400_cor_midsparse/155.run.job to the cluster
sbatch: NOTE: Your memory request of 131072M was likely submitted as 128G. Please note that Slurm interprets memory requests denominated in G as multiples of 1024M, not 1000M.
Submitted batch job 3291811
Submitting /home/ntamvada/projects/def-gcohenfr/ntamvada/simulations/runscripts/n400_cor_midsparse/156.run.job to the cluster
sbatch: NOTE: Your memory request of 131072M was likely submitted as 128G. Please note that Slurm interprets memory requests denominated in G as multiples of 1024M, not 1000M.
Submitted batch job 3291848
Submitting /home/ntamvada/projects/def-gcohenfr/ntamvada/simulations/runscripts/n400_cor_midsparse/157.run.job to the cluster
sbatch: NOTE: Your memory request of 131072M was likely submitted as 128G. Please note that Slurm interprets memory requests denominated in G as multiples of 1024M, not 1000M.
Submitted batch job 3291863
Submitting /home/ntamvada/projects/def-gcohenfr/ntamvada/simulations/runscripts/n400_cor_midsparse/158.run.job to the cluster
sbatch: error: Batch job submission failed: Socket timed out on send/recv operation
Submitting /home/ntamvada/projects/def-gcohenfr/ntamvada/simulations/runscripts/n400_cor_midsparse/159.run.job to the cluster
sbatch: NOTE: Your memory request of 131072M was likely submitted as 128G. Please note that Slurm interprets memory requests denominated in G as multiples of 1024M, not 1000M.
Submitted batch job 3291963
Submitting /home/ntamvada/projects/def-gcohenfr/ntamvada/simulations/runscripts/n400_cor_midsparse/160.run.job to the cluster
sbatch: NOTE: Your memory request of 131072M was likely submitted as 128G. Please note that Slurm interprets memory requests denominated in G as multiples of 1024M, not 1000M.
Submitted batch job 3291985
Submitting /home/ntamvada/projects/def-gcohenfr/ntamvada/simulations/runscripts/n400_cor_midsparse/161.run.job to the cluster
sbatch: NOTE: Your memory request of 131072M was likely submitted as 128G. Please note that Slurm interprets memory requests denominated in G as multiples of 1024M, not 1000M.
Submitted batch job 3292017
Submitting /home/ntamvada/projects/def-gcohenfr/ntamvada/simulations/runscripts/n400_cor_midsparse/162.run.job to the cluster
sbatch: NOTE: Your memory request of 131072M was likely submitted as 128G. Please note that Slurm interprets memory requests denominated in G as multiples of 1024M, not 1000M.
Submitted batch job 3292046
Submitting /home/ntamvada/projects/def-gcohenfr/ntamvada/simulations/runscripts/n400_cor_midsparse/163.run.job to the cluster
sbatch: NOTE: Your memory request of 131072M was likely submitted as 128G. Please note that Slurm interprets memory requests denominated in G as multiples of 1024M, not 1000M.
Submitted batch job 3292062
Submitting /home/ntamvada/projects/def-gcohenfr/ntamvada/simulations/runscripts/n400_cor_midsparse/164.run.job to the cluster
sbatch: NOTE: Your memory request of 131072M was likely submitted as 128G. Please note that Slurm interprets memory requests denominated in G as multiples of 1024M, not 1000M.
Submitted batch job 3292111
Submitting /home/ntamvada/projects/def-gcohenfr/ntamvada/simulations/runscripts/n400_cor_midsparse/165.run.job to the cluster
sbatch: NOTE: Your memory request of 131072M was likely submitted as 128G. Please note that Slurm interprets memory requests denominated in G as multiples of 1024M, not 1000M.
Submitted batch job 3292131
Submitting /home/ntamvada/projects/def-gcohenfr/ntamvada/simulations/runscripts/n400_cor_midsparse/166.run.job to the cluster
sbatch: NOTE: Your memory request of 131072M was likely submitted as 128G. Please note that Slurm interprets memory requests denominated in G as multiples of 1024M, not 1000M.
Submitted batch job 3292155
Submitting /home/ntamvada/projects/def-gcohenfr/ntamvada/simulations/runscripts/n400_cor_midsparse/167.run.job to the cluster
sbatch: NOTE: Your memory request of 131072M was likely submitted as 128G. Please note that Slurm interprets memory requests denominated in G as multiples of 1024M, not 1000M.
Submitted batch job 3292172
Submitting /home/ntamvada/projects/def-gcohenfr/ntamvada/simulations/runscripts/n400_cor_midsparse/168.run.job to the cluster
sbatch: NOTE: Your memory request of 131072M was likely submitted as 128G. Please note that Slurm interprets memory requests denominated in G as multiples of 1024M, not 1000M.
Submitted batch job 3292201
Submitting /home/ntamvada/projects/def-gcohenfr/ntamvada/simulations/runscripts/n400_cor_midsparse/169.run.job to the cluster
sbatch: NOTE: Your memory request of 131072M was likely submitted as 128G. Please note that Slurm interprets memory requests denominated in G as multiples of 1024M, not 1000M.
Submitted batch job 3292234
Submitting /home/ntamvada/projects/def-gcohenfr/ntamvada/simulations/runscripts/n400_cor_midsparse/170.run.job to the cluster
sbatch: NOTE: Your memory request of 131072M was likely submitted as 128G. Please note that Slurm interprets memory requests denominated in G as multiples of 1024M, not 1000M.
Submitted batch job 3292261
Submitting /home/ntamvada/projects/def-gcohenfr/ntamvada/simulations/runscripts/n400_cor_midsparse/171.run.job to the cluster
sbatch: NOTE: Your memory request of 131072M was likely submitted as 128G. Please note that Slurm interprets memory requests denominated in G as multiples of 1024M, not 1000M.
Submitted batch job 3292289
Submitting /home/ntamvada/projects/def-gcohenfr/ntamvada/simulations/runscripts/n400_cor_midsparse/172.run.job to the cluster
sbatch: NOTE: Your memory request of 131072M was likely submitted as 128G. Please note that Slurm interprets memory requests denominated in G as multiples of 1024M, not 1000M.
Submitted batch job 3292302
Submitting /home/ntamvada/projects/def-gcohenfr/ntamvada/simulations/runscripts/n400_cor_midsparse/173.run.job to the cluster
sbatch: NOTE: Your memory request of 131072M was likely submitted as 128G. Please note that Slurm interprets memory requests denominated in G as multiples of 1024M, not 1000M.
Submitted batch job 3292337
Submitting /home/ntamvada/projects/def-gcohenfr/ntamvada/simulations/runscripts/n400_cor_midsparse/174.run.job to the cluster
sbatch: NOTE: Your memory request of 131072M was likely submitted as 128G. Please note that Slurm interprets memory requests denominated in G as multiples of 1024M, not 1000M.
Submitted batch job 3292345
Submitting /home/ntamvada/projects/def-gcohenfr/ntamvada/simulations/runscripts/n400_cor_midsparse/175.run.job to the cluster
sbatch: NOTE: Your memory request of 131072M was likely submitted as 128G. Please note that Slurm interprets memory requests denominated in G as multiples of 1024M, not 1000M.
Submitted batch job 3292364
Submitting /home/ntamvada/projects/def-gcohenfr/ntamvada/simulations/runscripts/n400_cor_midsparse/176.run.job to the cluster
sbatch: NOTE: Your memory request of 131072M was likely submitted as 128G. Please note that Slurm interprets memory requests denominated in G as multiples of 1024M, not 1000M.
Submitted batch job 3292388
Submitting /home/ntamvada/projects/def-gcohenfr/ntamvada/simulations/runscripts/n400_cor_midsparse/177.run.job to the cluster
sbatch: NOTE: Your memory request of 131072M was likely submitted as 128G. Please note that Slurm interprets memory requests denominated in G as multiples of 1024M, not 1000M.
Submitted batch job 3292400
Submitting /home/ntamvada/projects/def-gcohenfr/ntamvada/simulations/runscripts/n400_cor_midsparse/178.run.job to the cluster
sbatch: NOTE: Your memory request of 131072M was likely submitted as 128G. Please note that Slurm interprets memory requests denominated in G as multiples of 1024M, not 1000M.
Submitted batch job 3292423
Submitting /home/ntamvada/projects/def-gcohenfr/ntamvada/simulations/runscripts/n400_cor_midsparse/179.run.job to the cluster
sbatch: NOTE: Your memory request of 131072M was likely submitted as 128G. Please note that Slurm interprets memory requests denominated in G as multiples of 1024M, not 1000M.
Submitted batch job 3292446
Submitting /home/ntamvada/projects/def-gcohenfr/ntamvada/simulations/runscripts/n400_cor_midsparse/180.run.job to the cluster
sbatch: NOTE: Your memory request of 131072M was likely submitted as 128G. Please note that Slurm interprets memory requests denominated in G as multiples of 1024M, not 1000M.
Submitted batch job 3292458
Submitting /home/ntamvada/projects/def-gcohenfr/ntamvada/simulations/runscripts/n400_cor_midsparse/181.run.job to the cluster
sbatch: NOTE: Your memory request of 131072M was likely submitted as 128G. Please note that Slurm interprets memory requests denominated in G as multiples of 1024M, not 1000M.
Submitted batch job 3292511
Submitting /home/ntamvada/projects/def-gcohenfr/ntamvada/simulations/runscripts/n400_cor_midsparse/182.run.job to the cluster
sbatch: NOTE: Your memory request of 131072M was likely submitted as 128G. Please note that Slurm interprets memory requests denominated in G as multiples of 1024M, not 1000M.
Submitted batch job 3292548
Submitting /home/ntamvada/projects/def-gcohenfr/ntamvada/simulations/runscripts/n400_cor_midsparse/183.run.job to the cluster
sbatch: NOTE: Your memory request of 131072M was likely submitted as 128G. Please note that Slurm interprets memory requests denominated in G as multiples of 1024M, not 1000M.
Submitted batch job 3292575
Submitting /home/ntamvada/projects/def-gcohenfr/ntamvada/simulations/runscripts/n400_cor_midsparse/184.run.job to the cluster
slurmstepd: error: *** JOB 3207101 ON cdr693 CANCELLED AT 2023-06-01T23:47:13 DUE TO TIME LIMIT ***
