Submitting /home/ntamvada/projects/def-gcohenfr/ntamvada/simulations/runscripts/n400_iid_midsparse/1.run.job to the cluster
sbatch: NOTE: Your memory request of 131072M was likely submitted as 128G. Please note that Slurm interprets memory requests denominated in G as multiples of 1024M, not 1000M.
Submitted batch job 3286544
Submitting /home/ntamvada/projects/def-gcohenfr/ntamvada/simulations/runscripts/n400_iid_midsparse/2.run.job to the cluster
sbatch: NOTE: Your memory request of 131072M was likely submitted as 128G. Please note that Slurm interprets memory requests denominated in G as multiples of 1024M, not 1000M.
Submitted batch job 3286559
Submitting /home/ntamvada/projects/def-gcohenfr/ntamvada/simulations/runscripts/n400_iid_midsparse/3.run.job to the cluster
sbatch: NOTE: Your memory request of 131072M was likely submitted as 128G. Please note that Slurm interprets memory requests denominated in G as multiples of 1024M, not 1000M.
Submitted batch job 3286582
Submitting /home/ntamvada/projects/def-gcohenfr/ntamvada/simulations/runscripts/n400_iid_midsparse/4.run.job to the cluster
sbatch: NOTE: Your memory request of 131072M was likely submitted as 128G. Please note that Slurm interprets memory requests denominated in G as multiples of 1024M, not 1000M.
Submitted batch job 3286598
Submitting /home/ntamvada/projects/def-gcohenfr/ntamvada/simulations/runscripts/n400_iid_midsparse/5.run.job to the cluster
sbatch: NOTE: Your memory request of 131072M was likely submitted as 128G. Please note that Slurm interprets memory requests denominated in G as multiples of 1024M, not 1000M.
Submitted batch job 3286634
Submitting /home/ntamvada/projects/def-gcohenfr/ntamvada/simulations/runscripts/n400_iid_midsparse/6.run.job to the cluster
sbatch: NOTE: Your memory request of 131072M was likely submitted as 128G. Please note that Slurm interprets memory requests denominated in G as multiples of 1024M, not 1000M.
Submitted batch job 3286668
Submitting /home/ntamvada/projects/def-gcohenfr/ntamvada/simulations/runscripts/n400_iid_midsparse/7.run.job to the cluster
sbatch: NOTE: Your memory request of 131072M was likely submitted as 128G. Please note that Slurm interprets memory requests denominated in G as multiples of 1024M, not 1000M.
Submitted batch job 3286697
Submitting /home/ntamvada/projects/def-gcohenfr/ntamvada/simulations/runscripts/n400_iid_midsparse/8.run.job to the cluster
sbatch: NOTE: Your memory request of 131072M was likely submitted as 128G. Please note that Slurm interprets memory requests denominated in G as multiples of 1024M, not 1000M.
Submitted batch job 3286725
Submitting /home/ntamvada/projects/def-gcohenfr/ntamvada/simulations/runscripts/n400_iid_midsparse/9.run.job to the cluster
sbatch: NOTE: Your memory request of 131072M was likely submitted as 128G. Please note that Slurm interprets memory requests denominated in G as multiples of 1024M, not 1000M.
Submitted batch job 3286814
Submitting /home/ntamvada/projects/def-gcohenfr/ntamvada/simulations/runscripts/n400_iid_midsparse/10.run.job to the cluster
sbatch: NOTE: Your memory request of 131072M was likely submitted as 128G. Please note that Slurm interprets memory requests denominated in G as multiples of 1024M, not 1000M.
Submitted batch job 3286855
Submitting /home/ntamvada/projects/def-gcohenfr/ntamvada/simulations/runscripts/n400_iid_midsparse/11.run.job to the cluster
sbatch: error: Batch job submission failed: Socket timed out on send/recv operation
Submitting /home/ntamvada/projects/def-gcohenfr/ntamvada/simulations/runscripts/n400_iid_midsparse/12.run.job to the cluster
sbatch: NOTE: Your memory request of 131072M was likely submitted as 128G. Please note that Slurm interprets memory requests denominated in G as multiples of 1024M, not 1000M.
Submitted batch job 3286961
Submitting /home/ntamvada/projects/def-gcohenfr/ntamvada/simulations/runscripts/n400_iid_midsparse/13.run.job to the cluster
sbatch: NOTE: Your memory request of 131072M was likely submitted as 128G. Please note that Slurm interprets memory requests denominated in G as multiples of 1024M, not 1000M.
Submitted batch job 3286992
Submitting /home/ntamvada/projects/def-gcohenfr/ntamvada/simulations/runscripts/n400_iid_midsparse/14.run.job to the cluster
sbatch: NOTE: Your memory request of 131072M was likely submitted as 128G. Please note that Slurm interprets memory requests denominated in G as multiples of 1024M, not 1000M.
Submitted batch job 3287025
Submitting /home/ntamvada/projects/def-gcohenfr/ntamvada/simulations/runscripts/n400_iid_midsparse/15.run.job to the cluster
sbatch: NOTE: Your memory request of 131072M was likely submitted as 128G. Please note that Slurm interprets memory requests denominated in G as multiples of 1024M, not 1000M.
Submitted batch job 3287049
Submitting /home/ntamvada/projects/def-gcohenfr/ntamvada/simulations/runscripts/n400_iid_midsparse/16.run.job to the cluster
sbatch: NOTE: Your memory request of 131072M was likely submitted as 128G. Please note that Slurm interprets memory requests denominated in G as multiples of 1024M, not 1000M.
Submitted batch job 3287066
Submitting /home/ntamvada/projects/def-gcohenfr/ntamvada/simulations/runscripts/n400_iid_midsparse/17.run.job to the cluster
sbatch: NOTE: Your memory request of 131072M was likely submitted as 128G. Please note that Slurm interprets memory requests denominated in G as multiples of 1024M, not 1000M.
Submitted batch job 3287093
Submitting /home/ntamvada/projects/def-gcohenfr/ntamvada/simulations/runscripts/n400_iid_midsparse/18.run.job to the cluster
sbatch: NOTE: Your memory request of 131072M was likely submitted as 128G. Please note that Slurm interprets memory requests denominated in G as multiples of 1024M, not 1000M.
Submitted batch job 3287125
Submitting /home/ntamvada/projects/def-gcohenfr/ntamvada/simulations/runscripts/n400_iid_midsparse/19.run.job to the cluster
sbatch: NOTE: Your memory request of 131072M was likely submitted as 128G. Please note that Slurm interprets memory requests denominated in G as multiples of 1024M, not 1000M.
Submitted batch job 3287234
Submitting /home/ntamvada/projects/def-gcohenfr/ntamvada/simulations/runscripts/n400_iid_midsparse/20.run.job to the cluster
sbatch: NOTE: Your memory request of 131072M was likely submitted as 128G. Please note that Slurm interprets memory requests denominated in G as multiples of 1024M, not 1000M.
Submitted batch job 3287249
Submitting /home/ntamvada/projects/def-gcohenfr/ntamvada/simulations/runscripts/n400_iid_midsparse/21.run.job to the cluster
sbatch: NOTE: Your memory request of 131072M was likely submitted as 128G. Please note that Slurm interprets memory requests denominated in G as multiples of 1024M, not 1000M.
Submitted batch job 3287274
Submitting /home/ntamvada/projects/def-gcohenfr/ntamvada/simulations/runscripts/n400_iid_midsparse/22.run.job to the cluster
sbatch: NOTE: Your memory request of 131072M was likely submitted as 128G. Please note that Slurm interprets memory requests denominated in G as multiples of 1024M, not 1000M.
Submitted batch job 3287323
Submitting /home/ntamvada/projects/def-gcohenfr/ntamvada/simulations/runscripts/n400_iid_midsparse/23.run.job to the cluster
sbatch: NOTE: Your memory request of 131072M was likely submitted as 128G. Please note that Slurm interprets memory requests denominated in G as multiples of 1024M, not 1000M.
Submitted batch job 3287446
Submitting /home/ntamvada/projects/def-gcohenfr/ntamvada/simulations/runscripts/n400_iid_midsparse/24.run.job to the cluster
sbatch: NOTE: Your memory request of 131072M was likely submitted as 128G. Please note that Slurm interprets memory requests denominated in G as multiples of 1024M, not 1000M.
Submitted batch job 3287482
Submitting /home/ntamvada/projects/def-gcohenfr/ntamvada/simulations/runscripts/n400_iid_midsparse/25.run.job to the cluster
sbatch: NOTE: Your memory request of 131072M was likely submitted as 128G. Please note that Slurm interprets memory requests denominated in G as multiples of 1024M, not 1000M.
Submitted batch job 3287494
Submitting /home/ntamvada/projects/def-gcohenfr/ntamvada/simulations/runscripts/n400_iid_midsparse/26.run.job to the cluster
sbatch: NOTE: Your memory request of 131072M was likely submitted as 128G. Please note that Slurm interprets memory requests denominated in G as multiples of 1024M, not 1000M.
Submitted batch job 3287582
Submitting /home/ntamvada/projects/def-gcohenfr/ntamvada/simulations/runscripts/n400_iid_midsparse/27.run.job to the cluster
sbatch: NOTE: Your memory request of 131072M was likely submitted as 128G. Please note that Slurm interprets memory requests denominated in G as multiples of 1024M, not 1000M.
Submitted batch job 3287601
Submitting /home/ntamvada/projects/def-gcohenfr/ntamvada/simulations/runscripts/n400_iid_midsparse/28.run.job to the cluster
sbatch: NOTE: Your memory request of 131072M was likely submitted as 128G. Please note that Slurm interprets memory requests denominated in G as multiples of 1024M, not 1000M.
Submitted batch job 3287662
Submitting /home/ntamvada/projects/def-gcohenfr/ntamvada/simulations/runscripts/n400_iid_midsparse/29.run.job to the cluster
sbatch: NOTE: Your memory request of 131072M was likely submitted as 128G. Please note that Slurm interprets memory requests denominated in G as multiples of 1024M, not 1000M.
Submitted batch job 3287723
Submitting /home/ntamvada/projects/def-gcohenfr/ntamvada/simulations/runscripts/n400_iid_midsparse/30.run.job to the cluster
sbatch: NOTE: Your memory request of 131072M was likely submitted as 128G. Please note that Slurm interprets memory requests denominated in G as multiples of 1024M, not 1000M.
Submitted batch job 3287769
Submitting /home/ntamvada/projects/def-gcohenfr/ntamvada/simulations/runscripts/n400_iid_midsparse/31.run.job to the cluster
sbatch: NOTE: Your memory request of 131072M was likely submitted as 128G. Please note that Slurm interprets memory requests denominated in G as multiples of 1024M, not 1000M.
Submitted batch job 3287778
Submitting /home/ntamvada/projects/def-gcohenfr/ntamvada/simulations/runscripts/n400_iid_midsparse/32.run.job to the cluster
sbatch: NOTE: Your memory request of 131072M was likely submitted as 128G. Please note that Slurm interprets memory requests denominated in G as multiples of 1024M, not 1000M.
Submitted batch job 3287816
Submitting /home/ntamvada/projects/def-gcohenfr/ntamvada/simulations/runscripts/n400_iid_midsparse/33.run.job to the cluster
sbatch: NOTE: Your memory request of 131072M was likely submitted as 128G. Please note that Slurm interprets memory requests denominated in G as multiples of 1024M, not 1000M.
Submitted batch job 3287861
Submitting /home/ntamvada/projects/def-gcohenfr/ntamvada/simulations/runscripts/n400_iid_midsparse/34.run.job to the cluster
sbatch: NOTE: Your memory request of 131072M was likely submitted as 128G. Please note that Slurm interprets memory requests denominated in G as multiples of 1024M, not 1000M.
Submitted batch job 3287913
Submitting /home/ntamvada/projects/def-gcohenfr/ntamvada/simulations/runscripts/n400_iid_midsparse/35.run.job to the cluster
sbatch: NOTE: Your memory request of 131072M was likely submitted as 128G. Please note that Slurm interprets memory requests denominated in G as multiples of 1024M, not 1000M.
Submitted batch job 3287930
Submitting /home/ntamvada/projects/def-gcohenfr/ntamvada/simulations/runscripts/n400_iid_midsparse/36.run.job to the cluster
sbatch: NOTE: Your memory request of 131072M was likely submitted as 128G. Please note that Slurm interprets memory requests denominated in G as multiples of 1024M, not 1000M.
Submitted batch job 3287962
Submitting /home/ntamvada/projects/def-gcohenfr/ntamvada/simulations/runscripts/n400_iid_midsparse/37.run.job to the cluster
sbatch: NOTE: Your memory request of 131072M was likely submitted as 128G. Please note that Slurm interprets memory requests denominated in G as multiples of 1024M, not 1000M.
Submitted batch job 3288012
Submitting /home/ntamvada/projects/def-gcohenfr/ntamvada/simulations/runscripts/n400_iid_midsparse/38.run.job to the cluster
sbatch: NOTE: Your memory request of 131072M was likely submitted as 128G. Please note that Slurm interprets memory requests denominated in G as multiples of 1024M, not 1000M.
Submitted batch job 3288026
Submitting /home/ntamvada/projects/def-gcohenfr/ntamvada/simulations/runscripts/n400_iid_midsparse/39.run.job to the cluster
sbatch: NOTE: Your memory request of 131072M was likely submitted as 128G. Please note that Slurm interprets memory requests denominated in G as multiples of 1024M, not 1000M.
Submitted batch job 3288032
Submitting /home/ntamvada/projects/def-gcohenfr/ntamvada/simulations/runscripts/n400_iid_midsparse/40.run.job to the cluster
sbatch: NOTE: Your memory request of 131072M was likely submitted as 128G. Please note that Slurm interprets memory requests denominated in G as multiples of 1024M, not 1000M.
Submitted batch job 3288069
Submitting /home/ntamvada/projects/def-gcohenfr/ntamvada/simulations/runscripts/n400_iid_midsparse/41.run.job to the cluster
sbatch: NOTE: Your memory request of 131072M was likely submitted as 128G. Please note that Slurm interprets memory requests denominated in G as multiples of 1024M, not 1000M.
Submitted batch job 3288145
Submitting /home/ntamvada/projects/def-gcohenfr/ntamvada/simulations/runscripts/n400_iid_midsparse/42.run.job to the cluster
sbatch: NOTE: Your memory request of 131072M was likely submitted as 128G. Please note that Slurm interprets memory requests denominated in G as multiples of 1024M, not 1000M.
Submitted batch job 3288179
Submitting /home/ntamvada/projects/def-gcohenfr/ntamvada/simulations/runscripts/n400_iid_midsparse/43.run.job to the cluster
sbatch: NOTE: Your memory request of 131072M was likely submitted as 128G. Please note that Slurm interprets memory requests denominated in G as multiples of 1024M, not 1000M.
Submitted batch job 3288262
Submitting /home/ntamvada/projects/def-gcohenfr/ntamvada/simulations/runscripts/n400_iid_midsparse/44.run.job to the cluster
sbatch: NOTE: Your memory request of 131072M was likely submitted as 128G. Please note that Slurm interprets memory requests denominated in G as multiples of 1024M, not 1000M.
Submitted batch job 3288284
Submitting /home/ntamvada/projects/def-gcohenfr/ntamvada/simulations/runscripts/n400_iid_midsparse/45.run.job to the cluster
sbatch: NOTE: Your memory request of 131072M was likely submitted as 128G. Please note that Slurm interprets memory requests denominated in G as multiples of 1024M, not 1000M.
Submitted batch job 3288332
Submitting /home/ntamvada/projects/def-gcohenfr/ntamvada/simulations/runscripts/n400_iid_midsparse/46.run.job to the cluster
sbatch: NOTE: Your memory request of 131072M was likely submitted as 128G. Please note that Slurm interprets memory requests denominated in G as multiples of 1024M, not 1000M.
Submitted batch job 3288382
Submitting /home/ntamvada/projects/def-gcohenfr/ntamvada/simulations/runscripts/n400_iid_midsparse/47.run.job to the cluster
sbatch: NOTE: Your memory request of 131072M was likely submitted as 128G. Please note that Slurm interprets memory requests denominated in G as multiples of 1024M, not 1000M.
Submitted batch job 3288398
Submitting /home/ntamvada/projects/def-gcohenfr/ntamvada/simulations/runscripts/n400_iid_midsparse/48.run.job to the cluster
sbatch: NOTE: Your memory request of 131072M was likely submitted as 128G. Please note that Slurm interprets memory requests denominated in G as multiples of 1024M, not 1000M.
Submitted batch job 3288420
Submitting /home/ntamvada/projects/def-gcohenfr/ntamvada/simulations/runscripts/n400_iid_midsparse/49.run.job to the cluster
sbatch: NOTE: Your memory request of 131072M was likely submitted as 128G. Please note that Slurm interprets memory requests denominated in G as multiples of 1024M, not 1000M.
Submitted batch job 3288461
Submitting /home/ntamvada/projects/def-gcohenfr/ntamvada/simulations/runscripts/n400_iid_midsparse/50.run.job to the cluster
sbatch: NOTE: Your memory request of 131072M was likely submitted as 128G. Please note that Slurm interprets memory requests denominated in G as multiples of 1024M, not 1000M.
Submitted batch job 3288506
Submitting /home/ntamvada/projects/def-gcohenfr/ntamvada/simulations/runscripts/n400_iid_midsparse/51.run.job to the cluster
sbatch: NOTE: Your memory request of 131072M was likely submitted as 128G. Please note that Slurm interprets memory requests denominated in G as multiples of 1024M, not 1000M.
Submitted batch job 3288540
Submitting /home/ntamvada/projects/def-gcohenfr/ntamvada/simulations/runscripts/n400_iid_midsparse/52.run.job to the cluster
sbatch: NOTE: Your memory request of 131072M was likely submitted as 128G. Please note that Slurm interprets memory requests denominated in G as multiples of 1024M, not 1000M.
Submitted batch job 3288579
Submitting /home/ntamvada/projects/def-gcohenfr/ntamvada/simulations/runscripts/n400_iid_midsparse/53.run.job to the cluster
sbatch: NOTE: Your memory request of 131072M was likely submitted as 128G. Please note that Slurm interprets memory requests denominated in G as multiples of 1024M, not 1000M.
Submitted batch job 3288591
Submitting /home/ntamvada/projects/def-gcohenfr/ntamvada/simulations/runscripts/n400_iid_midsparse/54.run.job to the cluster
sbatch: NOTE: Your memory request of 131072M was likely submitted as 128G. Please note that Slurm interprets memory requests denominated in G as multiples of 1024M, not 1000M.
Submitted batch job 3288605
Submitting /home/ntamvada/projects/def-gcohenfr/ntamvada/simulations/runscripts/n400_iid_midsparse/55.run.job to the cluster
sbatch: NOTE: Your memory request of 131072M was likely submitted as 128G. Please note that Slurm interprets memory requests denominated in G as multiples of 1024M, not 1000M.
Submitted batch job 3288664
Submitting /home/ntamvada/projects/def-gcohenfr/ntamvada/simulations/runscripts/n400_iid_midsparse/56.run.job to the cluster
sbatch: NOTE: Your memory request of 131072M was likely submitted as 128G. Please note that Slurm interprets memory requests denominated in G as multiples of 1024M, not 1000M.
Submitted batch job 3288683
Submitting /home/ntamvada/projects/def-gcohenfr/ntamvada/simulations/runscripts/n400_iid_midsparse/57.run.job to the cluster
sbatch: NOTE: Your memory request of 131072M was likely submitted as 128G. Please note that Slurm interprets memory requests denominated in G as multiples of 1024M, not 1000M.
Submitted batch job 3288692
Submitting /home/ntamvada/projects/def-gcohenfr/ntamvada/simulations/runscripts/n400_iid_midsparse/58.run.job to the cluster
sbatch: NOTE: Your memory request of 131072M was likely submitted as 128G. Please note that Slurm interprets memory requests denominated in G as multiples of 1024M, not 1000M.
Submitted batch job 3288754
Submitting /home/ntamvada/projects/def-gcohenfr/ntamvada/simulations/runscripts/n400_iid_midsparse/59.run.job to the cluster
sbatch: NOTE: Your memory request of 131072M was likely submitted as 128G. Please note that Slurm interprets memory requests denominated in G as multiples of 1024M, not 1000M.
Submitted batch job 3288770
Submitting /home/ntamvada/projects/def-gcohenfr/ntamvada/simulations/runscripts/n400_iid_midsparse/60.run.job to the cluster
sbatch: NOTE: Your memory request of 131072M was likely submitted as 128G. Please note that Slurm interprets memory requests denominated in G as multiples of 1024M, not 1000M.
Submitted batch job 3288799
Submitting /home/ntamvada/projects/def-gcohenfr/ntamvada/simulations/runscripts/n400_iid_midsparse/61.run.job to the cluster
sbatch: NOTE: Your memory request of 131072M was likely submitted as 128G. Please note that Slurm interprets memory requests denominated in G as multiples of 1024M, not 1000M.
Submitted batch job 3288827
Submitting /home/ntamvada/projects/def-gcohenfr/ntamvada/simulations/runscripts/n400_iid_midsparse/62.run.job to the cluster
sbatch: NOTE: Your memory request of 131072M was likely submitted as 128G. Please note that Slurm interprets memory requests denominated in G as multiples of 1024M, not 1000M.
Submitted batch job 3288855
Submitting /home/ntamvada/projects/def-gcohenfr/ntamvada/simulations/runscripts/n400_iid_midsparse/63.run.job to the cluster
sbatch: NOTE: Your memory request of 131072M was likely submitted as 128G. Please note that Slurm interprets memory requests denominated in G as multiples of 1024M, not 1000M.
Submitted batch job 3288882
Submitting /home/ntamvada/projects/def-gcohenfr/ntamvada/simulations/runscripts/n400_iid_midsparse/64.run.job to the cluster
sbatch: NOTE: Your memory request of 131072M was likely submitted as 128G. Please note that Slurm interprets memory requests denominated in G as multiples of 1024M, not 1000M.
Submitted batch job 3288908
Submitting /home/ntamvada/projects/def-gcohenfr/ntamvada/simulations/runscripts/n400_iid_midsparse/65.run.job to the cluster
sbatch: NOTE: Your memory request of 131072M was likely submitted as 128G. Please note that Slurm interprets memory requests denominated in G as multiples of 1024M, not 1000M.
Submitted batch job 3288929
Submitting /home/ntamvada/projects/def-gcohenfr/ntamvada/simulations/runscripts/n400_iid_midsparse/66.run.job to the cluster
sbatch: NOTE: Your memory request of 131072M was likely submitted as 128G. Please note that Slurm interprets memory requests denominated in G as multiples of 1024M, not 1000M.
Submitted batch job 3288955
Submitting /home/ntamvada/projects/def-gcohenfr/ntamvada/simulations/runscripts/n400_iid_midsparse/67.run.job to the cluster
sbatch: NOTE: Your memory request of 131072M was likely submitted as 128G. Please note that Slurm interprets memory requests denominated in G as multiples of 1024M, not 1000M.
Submitted batch job 3288976
Submitting /home/ntamvada/projects/def-gcohenfr/ntamvada/simulations/runscripts/n400_iid_midsparse/68.run.job to the cluster
sbatch: NOTE: Your memory request of 131072M was likely submitted as 128G. Please note that Slurm interprets memory requests denominated in G as multiples of 1024M, not 1000M.
Submitted batch job 3289011
Submitting /home/ntamvada/projects/def-gcohenfr/ntamvada/simulations/runscripts/n400_iid_midsparse/69.run.job to the cluster
sbatch: NOTE: Your memory request of 131072M was likely submitted as 128G. Please note that Slurm interprets memory requests denominated in G as multiples of 1024M, not 1000M.
Submitted batch job 3289027
Submitting /home/ntamvada/projects/def-gcohenfr/ntamvada/simulations/runscripts/n400_iid_midsparse/70.run.job to the cluster
sbatch: NOTE: Your memory request of 131072M was likely submitted as 128G. Please note that Slurm interprets memory requests denominated in G as multiples of 1024M, not 1000M.
Submitted batch job 3289072
Submitting /home/ntamvada/projects/def-gcohenfr/ntamvada/simulations/runscripts/n400_iid_midsparse/71.run.job to the cluster
sbatch: NOTE: Your memory request of 131072M was likely submitted as 128G. Please note that Slurm interprets memory requests denominated in G as multiples of 1024M, not 1000M.
Submitted batch job 3289090
Submitting /home/ntamvada/projects/def-gcohenfr/ntamvada/simulations/runscripts/n400_iid_midsparse/72.run.job to the cluster
sbatch: NOTE: Your memory request of 131072M was likely submitted as 128G. Please note that Slurm interprets memory requests denominated in G as multiples of 1024M, not 1000M.
Submitted batch job 3289158
Submitting /home/ntamvada/projects/def-gcohenfr/ntamvada/simulations/runscripts/n400_iid_midsparse/73.run.job to the cluster
sbatch: NOTE: Your memory request of 131072M was likely submitted as 128G. Please note that Slurm interprets memory requests denominated in G as multiples of 1024M, not 1000M.
Submitted batch job 3289208
Submitting /home/ntamvada/projects/def-gcohenfr/ntamvada/simulations/runscripts/n400_iid_midsparse/74.run.job to the cluster
sbatch: NOTE: Your memory request of 131072M was likely submitted as 128G. Please note that Slurm interprets memory requests denominated in G as multiples of 1024M, not 1000M.
Submitted batch job 3289256
Submitting /home/ntamvada/projects/def-gcohenfr/ntamvada/simulations/runscripts/n400_iid_midsparse/75.run.job to the cluster
sbatch: NOTE: Your memory request of 131072M was likely submitted as 128G. Please note that Slurm interprets memory requests denominated in G as multiples of 1024M, not 1000M.
Submitted batch job 3289264
Submitting /home/ntamvada/projects/def-gcohenfr/ntamvada/simulations/runscripts/n400_iid_midsparse/76.run.job to the cluster
sbatch: NOTE: Your memory request of 131072M was likely submitted as 128G. Please note that Slurm interprets memory requests denominated in G as multiples of 1024M, not 1000M.
Submitted batch job 3289284
Submitting /home/ntamvada/projects/def-gcohenfr/ntamvada/simulations/runscripts/n400_iid_midsparse/77.run.job to the cluster
sbatch: NOTE: Your memory request of 131072M was likely submitted as 128G. Please note that Slurm interprets memory requests denominated in G as multiples of 1024M, not 1000M.
Submitted batch job 3289321
Submitting /home/ntamvada/projects/def-gcohenfr/ntamvada/simulations/runscripts/n400_iid_midsparse/78.run.job to the cluster
sbatch: NOTE: Your memory request of 131072M was likely submitted as 128G. Please note that Slurm interprets memory requests denominated in G as multiples of 1024M, not 1000M.
Submitted batch job 3289383
Submitting /home/ntamvada/projects/def-gcohenfr/ntamvada/simulations/runscripts/n400_iid_midsparse/79.run.job to the cluster
sbatch: NOTE: Your memory request of 131072M was likely submitted as 128G. Please note that Slurm interprets memory requests denominated in G as multiples of 1024M, not 1000M.
Submitted batch job 3289440
Submitting /home/ntamvada/projects/def-gcohenfr/ntamvada/simulations/runscripts/n400_iid_midsparse/80.run.job to the cluster
sbatch: NOTE: Your memory request of 131072M was likely submitted as 128G. Please note that Slurm interprets memory requests denominated in G as multiples of 1024M, not 1000M.
Submitted batch job 3289523
Submitting /home/ntamvada/projects/def-gcohenfr/ntamvada/simulations/runscripts/n400_iid_midsparse/81.run.job to the cluster
sbatch: NOTE: Your memory request of 131072M was likely submitted as 128G. Please note that Slurm interprets memory requests denominated in G as multiples of 1024M, not 1000M.
Submitted batch job 3289559
Submitting /home/ntamvada/projects/def-gcohenfr/ntamvada/simulations/runscripts/n400_iid_midsparse/82.run.job to the cluster
sbatch: NOTE: Your memory request of 131072M was likely submitted as 128G. Please note that Slurm interprets memory requests denominated in G as multiples of 1024M, not 1000M.
Submitted batch job 3289574
Submitting /home/ntamvada/projects/def-gcohenfr/ntamvada/simulations/runscripts/n400_iid_midsparse/83.run.job to the cluster
sbatch: NOTE: Your memory request of 131072M was likely submitted as 128G. Please note that Slurm interprets memory requests denominated in G as multiples of 1024M, not 1000M.
Submitted batch job 3289590
Submitting /home/ntamvada/projects/def-gcohenfr/ntamvada/simulations/runscripts/n400_iid_midsparse/84.run.job to the cluster
sbatch: NOTE: Your memory request of 131072M was likely submitted as 128G. Please note that Slurm interprets memory requests denominated in G as multiples of 1024M, not 1000M.
Submitted batch job 3289615
Submitting /home/ntamvada/projects/def-gcohenfr/ntamvada/simulations/runscripts/n400_iid_midsparse/85.run.job to the cluster
sbatch: NOTE: Your memory request of 131072M was likely submitted as 128G. Please note that Slurm interprets memory requests denominated in G as multiples of 1024M, not 1000M.
Submitted batch job 3289644
Submitting /home/ntamvada/projects/def-gcohenfr/ntamvada/simulations/runscripts/n400_iid_midsparse/86.run.job to the cluster
sbatch: NOTE: Your memory request of 131072M was likely submitted as 128G. Please note that Slurm interprets memory requests denominated in G as multiples of 1024M, not 1000M.
Submitted batch job 3289670
Submitting /home/ntamvada/projects/def-gcohenfr/ntamvada/simulations/runscripts/n400_iid_midsparse/87.run.job to the cluster
sbatch: NOTE: Your memory request of 131072M was likely submitted as 128G. Please note that Slurm interprets memory requests denominated in G as multiples of 1024M, not 1000M.
Submitted batch job 3289685
Submitting /home/ntamvada/projects/def-gcohenfr/ntamvada/simulations/runscripts/n400_iid_midsparse/88.run.job to the cluster
sbatch: NOTE: Your memory request of 131072M was likely submitted as 128G. Please note that Slurm interprets memory requests denominated in G as multiples of 1024M, not 1000M.
Submitted batch job 3289717
Submitting /home/ntamvada/projects/def-gcohenfr/ntamvada/simulations/runscripts/n400_iid_midsparse/89.run.job to the cluster
sbatch: NOTE: Your memory request of 131072M was likely submitted as 128G. Please note that Slurm interprets memory requests denominated in G as multiples of 1024M, not 1000M.
Submitted batch job 3289747
Submitting /home/ntamvada/projects/def-gcohenfr/ntamvada/simulations/runscripts/n400_iid_midsparse/90.run.job to the cluster
sbatch: NOTE: Your memory request of 131072M was likely submitted as 128G. Please note that Slurm interprets memory requests denominated in G as multiples of 1024M, not 1000M.
Submitted batch job 3289831
Submitting /home/ntamvada/projects/def-gcohenfr/ntamvada/simulations/runscripts/n400_iid_midsparse/91.run.job to the cluster
sbatch: NOTE: Your memory request of 131072M was likely submitted as 128G. Please note that Slurm interprets memory requests denominated in G as multiples of 1024M, not 1000M.
Submitted batch job 3289851
Submitting /home/ntamvada/projects/def-gcohenfr/ntamvada/simulations/runscripts/n400_iid_midsparse/92.run.job to the cluster
sbatch: NOTE: Your memory request of 131072M was likely submitted as 128G. Please note that Slurm interprets memory requests denominated in G as multiples of 1024M, not 1000M.
Submitted batch job 3289871
Submitting /home/ntamvada/projects/def-gcohenfr/ntamvada/simulations/runscripts/n400_iid_midsparse/93.run.job to the cluster
sbatch: NOTE: Your memory request of 131072M was likely submitted as 128G. Please note that Slurm interprets memory requests denominated in G as multiples of 1024M, not 1000M.
Submitted batch job 3289903
Submitting /home/ntamvada/projects/def-gcohenfr/ntamvada/simulations/runscripts/n400_iid_midsparse/94.run.job to the cluster
sbatch: NOTE: Your memory request of 131072M was likely submitted as 128G. Please note that Slurm interprets memory requests denominated in G as multiples of 1024M, not 1000M.
Submitted batch job 3290029
Submitting /home/ntamvada/projects/def-gcohenfr/ntamvada/simulations/runscripts/n400_iid_midsparse/95.run.job to the cluster
sbatch: NOTE: Your memory request of 131072M was likely submitted as 128G. Please note that Slurm interprets memory requests denominated in G as multiples of 1024M, not 1000M.
Submitted batch job 3290060
Submitting /home/ntamvada/projects/def-gcohenfr/ntamvada/simulations/runscripts/n400_iid_midsparse/96.run.job to the cluster
sbatch: NOTE: Your memory request of 131072M was likely submitted as 128G. Please note that Slurm interprets memory requests denominated in G as multiples of 1024M, not 1000M.
Submitted batch job 3290122
Submitting /home/ntamvada/projects/def-gcohenfr/ntamvada/simulations/runscripts/n400_iid_midsparse/97.run.job to the cluster
sbatch: NOTE: Your memory request of 131072M was likely submitted as 128G. Please note that Slurm interprets memory requests denominated in G as multiples of 1024M, not 1000M.
Submitted batch job 3290164
Submitting /home/ntamvada/projects/def-gcohenfr/ntamvada/simulations/runscripts/n400_iid_midsparse/98.run.job to the cluster
sbatch: NOTE: Your memory request of 131072M was likely submitted as 128G. Please note that Slurm interprets memory requests denominated in G as multiples of 1024M, not 1000M.
Submitted batch job 3290207
Submitting /home/ntamvada/projects/def-gcohenfr/ntamvada/simulations/runscripts/n400_iid_midsparse/99.run.job to the cluster
sbatch: NOTE: Your memory request of 131072M was likely submitted as 128G. Please note that Slurm interprets memory requests denominated in G as multiples of 1024M, not 1000M.
Submitted batch job 3290228
Submitting /home/ntamvada/projects/def-gcohenfr/ntamvada/simulations/runscripts/n400_iid_midsparse/100.run.job to the cluster
sbatch: NOTE: Your memory request of 131072M was likely submitted as 128G. Please note that Slurm interprets memory requests denominated in G as multiples of 1024M, not 1000M.
Submitted batch job 3290278
Submitting /home/ntamvada/projects/def-gcohenfr/ntamvada/simulations/runscripts/n400_iid_midsparse/101.run.job to the cluster
sbatch: NOTE: Your memory request of 131072M was likely submitted as 128G. Please note that Slurm interprets memory requests denominated in G as multiples of 1024M, not 1000M.
Submitted batch job 3290314
Submitting /home/ntamvada/projects/def-gcohenfr/ntamvada/simulations/runscripts/n400_iid_midsparse/102.run.job to the cluster
sbatch: NOTE: Your memory request of 131072M was likely submitted as 128G. Please note that Slurm interprets memory requests denominated in G as multiples of 1024M, not 1000M.
Submitted batch job 3290336
Submitting /home/ntamvada/projects/def-gcohenfr/ntamvada/simulations/runscripts/n400_iid_midsparse/103.run.job to the cluster
sbatch: NOTE: Your memory request of 131072M was likely submitted as 128G. Please note that Slurm interprets memory requests denominated in G as multiples of 1024M, not 1000M.
Submitted batch job 3290346
Submitting /home/ntamvada/projects/def-gcohenfr/ntamvada/simulations/runscripts/n400_iid_midsparse/104.run.job to the cluster
sbatch: NOTE: Your memory request of 131072M was likely submitted as 128G. Please note that Slurm interprets memory requests denominated in G as multiples of 1024M, not 1000M.
Submitted batch job 3290367
Submitting /home/ntamvada/projects/def-gcohenfr/ntamvada/simulations/runscripts/n400_iid_midsparse/105.run.job to the cluster
sbatch: NOTE: Your memory request of 131072M was likely submitted as 128G. Please note that Slurm interprets memory requests denominated in G as multiples of 1024M, not 1000M.
Submitted batch job 3290391
Submitting /home/ntamvada/projects/def-gcohenfr/ntamvada/simulations/runscripts/n400_iid_midsparse/106.run.job to the cluster
sbatch: NOTE: Your memory request of 131072M was likely submitted as 128G. Please note that Slurm interprets memory requests denominated in G as multiples of 1024M, not 1000M.
Submitted batch job 3290448
Submitting /home/ntamvada/projects/def-gcohenfr/ntamvada/simulations/runscripts/n400_iid_midsparse/107.run.job to the cluster
sbatch: NOTE: Your memory request of 131072M was likely submitted as 128G. Please note that Slurm interprets memory requests denominated in G as multiples of 1024M, not 1000M.
Submitted batch job 3290493
Submitting /home/ntamvada/projects/def-gcohenfr/ntamvada/simulations/runscripts/n400_iid_midsparse/108.run.job to the cluster
sbatch: NOTE: Your memory request of 131072M was likely submitted as 128G. Please note that Slurm interprets memory requests denominated in G as multiples of 1024M, not 1000M.
Submitted batch job 3290532
Submitting /home/ntamvada/projects/def-gcohenfr/ntamvada/simulations/runscripts/n400_iid_midsparse/109.run.job to the cluster
sbatch: NOTE: Your memory request of 131072M was likely submitted as 128G. Please note that Slurm interprets memory requests denominated in G as multiples of 1024M, not 1000M.
Submitted batch job 3290578
Submitting /home/ntamvada/projects/def-gcohenfr/ntamvada/simulations/runscripts/n400_iid_midsparse/110.run.job to the cluster
sbatch: NOTE: Your memory request of 131072M was likely submitted as 128G. Please note that Slurm interprets memory requests denominated in G as multiples of 1024M, not 1000M.
Submitted batch job 3290649
Submitting /home/ntamvada/projects/def-gcohenfr/ntamvada/simulations/runscripts/n400_iid_midsparse/111.run.job to the cluster
sbatch: NOTE: Your memory request of 131072M was likely submitted as 128G. Please note that Slurm interprets memory requests denominated in G as multiples of 1024M, not 1000M.
Submitted batch job 3290686
Submitting /home/ntamvada/projects/def-gcohenfr/ntamvada/simulations/runscripts/n400_iid_midsparse/112.run.job to the cluster
sbatch: NOTE: Your memory request of 131072M was likely submitted as 128G. Please note that Slurm interprets memory requests denominated in G as multiples of 1024M, not 1000M.
Submitted batch job 3290730
Submitting /home/ntamvada/projects/def-gcohenfr/ntamvada/simulations/runscripts/n400_iid_midsparse/113.run.job to the cluster
sbatch: NOTE: Your memory request of 131072M was likely submitted as 128G. Please note that Slurm interprets memory requests denominated in G as multiples of 1024M, not 1000M.
Submitted batch job 3290777
Submitting /home/ntamvada/projects/def-gcohenfr/ntamvada/simulations/runscripts/n400_iid_midsparse/114.run.job to the cluster
sbatch: NOTE: Your memory request of 131072M was likely submitted as 128G. Please note that Slurm interprets memory requests denominated in G as multiples of 1024M, not 1000M.
Submitted batch job 3290838
Submitting /home/ntamvada/projects/def-gcohenfr/ntamvada/simulations/runscripts/n400_iid_midsparse/115.run.job to the cluster
sbatch: NOTE: Your memory request of 131072M was likely submitted as 128G. Please note that Slurm interprets memory requests denominated in G as multiples of 1024M, not 1000M.
Submitted batch job 3290855
Submitting /home/ntamvada/projects/def-gcohenfr/ntamvada/simulations/runscripts/n400_iid_midsparse/116.run.job to the cluster
sbatch: NOTE: Your memory request of 131072M was likely submitted as 128G. Please note that Slurm interprets memory requests denominated in G as multiples of 1024M, not 1000M.
Submitted batch job 3290881
Submitting /home/ntamvada/projects/def-gcohenfr/ntamvada/simulations/runscripts/n400_iid_midsparse/117.run.job to the cluster
sbatch: NOTE: Your memory request of 131072M was likely submitted as 128G. Please note that Slurm interprets memory requests denominated in G as multiples of 1024M, not 1000M.
Submitted batch job 3290899
Submitting /home/ntamvada/projects/def-gcohenfr/ntamvada/simulations/runscripts/n400_iid_midsparse/118.run.job to the cluster
sbatch: NOTE: Your memory request of 131072M was likely submitted as 128G. Please note that Slurm interprets memory requests denominated in G as multiples of 1024M, not 1000M.
Submitted batch job 3290940
Submitting /home/ntamvada/projects/def-gcohenfr/ntamvada/simulations/runscripts/n400_iid_midsparse/119.run.job to the cluster
sbatch: NOTE: Your memory request of 131072M was likely submitted as 128G. Please note that Slurm interprets memory requests denominated in G as multiples of 1024M, not 1000M.
Submitted batch job 3290972
Submitting /home/ntamvada/projects/def-gcohenfr/ntamvada/simulations/runscripts/n400_iid_midsparse/120.run.job to the cluster
sbatch: NOTE: Your memory request of 131072M was likely submitted as 128G. Please note that Slurm interprets memory requests denominated in G as multiples of 1024M, not 1000M.
Submitted batch job 3291015
Submitting /home/ntamvada/projects/def-gcohenfr/ntamvada/simulations/runscripts/n400_iid_midsparse/121.run.job to the cluster
sbatch: NOTE: Your memory request of 131072M was likely submitted as 128G. Please note that Slurm interprets memory requests denominated in G as multiples of 1024M, not 1000M.
Submitted batch job 3291050
Submitting /home/ntamvada/projects/def-gcohenfr/ntamvada/simulations/runscripts/n400_iid_midsparse/122.run.job to the cluster
sbatch: NOTE: Your memory request of 131072M was likely submitted as 128G. Please note that Slurm interprets memory requests denominated in G as multiples of 1024M, not 1000M.
Submitted batch job 3291084
Submitting /home/ntamvada/projects/def-gcohenfr/ntamvada/simulations/runscripts/n400_iid_midsparse/123.run.job to the cluster
sbatch: NOTE: Your memory request of 131072M was likely submitted as 128G. Please note that Slurm interprets memory requests denominated in G as multiples of 1024M, not 1000M.
Submitted batch job 3291116
Submitting /home/ntamvada/projects/def-gcohenfr/ntamvada/simulations/runscripts/n400_iid_midsparse/124.run.job to the cluster
sbatch: NOTE: Your memory request of 131072M was likely submitted as 128G. Please note that Slurm interprets memory requests denominated in G as multiples of 1024M, not 1000M.
Submitted batch job 3291134
Submitting /home/ntamvada/projects/def-gcohenfr/ntamvada/simulations/runscripts/n400_iid_midsparse/125.run.job to the cluster
sbatch: NOTE: Your memory request of 131072M was likely submitted as 128G. Please note that Slurm interprets memory requests denominated in G as multiples of 1024M, not 1000M.
Submitted batch job 3291156
Submitting /home/ntamvada/projects/def-gcohenfr/ntamvada/simulations/runscripts/n400_iid_midsparse/126.run.job to the cluster
sbatch: NOTE: Your memory request of 131072M was likely submitted as 128G. Please note that Slurm interprets memory requests denominated in G as multiples of 1024M, not 1000M.
Submitted batch job 3291199
Submitting /home/ntamvada/projects/def-gcohenfr/ntamvada/simulations/runscripts/n400_iid_midsparse/127.run.job to the cluster
sbatch: NOTE: Your memory request of 131072M was likely submitted as 128G. Please note that Slurm interprets memory requests denominated in G as multiples of 1024M, not 1000M.
Submitted batch job 3291211
Submitting /home/ntamvada/projects/def-gcohenfr/ntamvada/simulations/runscripts/n400_iid_midsparse/128.run.job to the cluster
sbatch: NOTE: Your memory request of 131072M was likely submitted as 128G. Please note that Slurm interprets memory requests denominated in G as multiples of 1024M, not 1000M.
Submitted batch job 3291249
Submitting /home/ntamvada/projects/def-gcohenfr/ntamvada/simulations/runscripts/n400_iid_midsparse/129.run.job to the cluster
sbatch: NOTE: Your memory request of 131072M was likely submitted as 128G. Please note that Slurm interprets memory requests denominated in G as multiples of 1024M, not 1000M.
Submitted batch job 3291258
Submitting /home/ntamvada/projects/def-gcohenfr/ntamvada/simulations/runscripts/n400_iid_midsparse/130.run.job to the cluster
sbatch: NOTE: Your memory request of 131072M was likely submitted as 128G. Please note that Slurm interprets memory requests denominated in G as multiples of 1024M, not 1000M.
Submitted batch job 3291304
Submitting /home/ntamvada/projects/def-gcohenfr/ntamvada/simulations/runscripts/n400_iid_midsparse/131.run.job to the cluster
sbatch: NOTE: Your memory request of 131072M was likely submitted as 128G. Please note that Slurm interprets memory requests denominated in G as multiples of 1024M, not 1000M.
Submitted batch job 3291320
Submitting /home/ntamvada/projects/def-gcohenfr/ntamvada/simulations/runscripts/n400_iid_midsparse/132.run.job to the cluster
sbatch: NOTE: Your memory request of 131072M was likely submitted as 128G. Please note that Slurm interprets memory requests denominated in G as multiples of 1024M, not 1000M.
Submitted batch job 3291353
Submitting /home/ntamvada/projects/def-gcohenfr/ntamvada/simulations/runscripts/n400_iid_midsparse/133.run.job to the cluster
sbatch: NOTE: Your memory request of 131072M was likely submitted as 128G. Please note that Slurm interprets memory requests denominated in G as multiples of 1024M, not 1000M.
Submitted batch job 3291373
Submitting /home/ntamvada/projects/def-gcohenfr/ntamvada/simulations/runscripts/n400_iid_midsparse/134.run.job to the cluster
sbatch: NOTE: Your memory request of 131072M was likely submitted as 128G. Please note that Slurm interprets memory requests denominated in G as multiples of 1024M, not 1000M.
Submitted batch job 3291412
Submitting /home/ntamvada/projects/def-gcohenfr/ntamvada/simulations/runscripts/n400_iid_midsparse/135.run.job to the cluster
sbatch: NOTE: Your memory request of 131072M was likely submitted as 128G. Please note that Slurm interprets memory requests denominated in G as multiples of 1024M, not 1000M.
Submitted batch job 3291462
Submitting /home/ntamvada/projects/def-gcohenfr/ntamvada/simulations/runscripts/n400_iid_midsparse/136.run.job to the cluster
sbatch: NOTE: Your memory request of 131072M was likely submitted as 128G. Please note that Slurm interprets memory requests denominated in G as multiples of 1024M, not 1000M.
Submitted batch job 3291485
Submitting /home/ntamvada/projects/def-gcohenfr/ntamvada/simulations/runscripts/n400_iid_midsparse/137.run.job to the cluster
sbatch: NOTE: Your memory request of 131072M was likely submitted as 128G. Please note that Slurm interprets memory requests denominated in G as multiples of 1024M, not 1000M.
Submitted batch job 3291512
Submitting /home/ntamvada/projects/def-gcohenfr/ntamvada/simulations/runscripts/n400_iid_midsparse/138.run.job to the cluster
sbatch: NOTE: Your memory request of 131072M was likely submitted as 128G. Please note that Slurm interprets memory requests denominated in G as multiples of 1024M, not 1000M.
Submitted batch job 3291527
Submitting /home/ntamvada/projects/def-gcohenfr/ntamvada/simulations/runscripts/n400_iid_midsparse/139.run.job to the cluster
sbatch: NOTE: Your memory request of 131072M was likely submitted as 128G. Please note that Slurm interprets memory requests denominated in G as multiples of 1024M, not 1000M.
Submitted batch job 3291555
Submitting /home/ntamvada/projects/def-gcohenfr/ntamvada/simulations/runscripts/n400_iid_midsparse/140.run.job to the cluster
sbatch: NOTE: Your memory request of 131072M was likely submitted as 128G. Please note that Slurm interprets memory requests denominated in G as multiples of 1024M, not 1000M.
Submitted batch job 3291578
Submitting /home/ntamvada/projects/def-gcohenfr/ntamvada/simulations/runscripts/n400_iid_midsparse/141.run.job to the cluster
sbatch: NOTE: Your memory request of 131072M was likely submitted as 128G. Please note that Slurm interprets memory requests denominated in G as multiples of 1024M, not 1000M.
Submitted batch job 3291609
Submitting /home/ntamvada/projects/def-gcohenfr/ntamvada/simulations/runscripts/n400_iid_midsparse/142.run.job to the cluster
sbatch: NOTE: Your memory request of 131072M was likely submitted as 128G. Please note that Slurm interprets memory requests denominated in G as multiples of 1024M, not 1000M.
Submitted batch job 3291654
Submitting /home/ntamvada/projects/def-gcohenfr/ntamvada/simulations/runscripts/n400_iid_midsparse/143.run.job to the cluster
sbatch: NOTE: Your memory request of 131072M was likely submitted as 128G. Please note that Slurm interprets memory requests denominated in G as multiples of 1024M, not 1000M.
Submitted batch job 3291662
Submitting /home/ntamvada/projects/def-gcohenfr/ntamvada/simulations/runscripts/n400_iid_midsparse/144.run.job to the cluster
sbatch: NOTE: Your memory request of 131072M was likely submitted as 128G. Please note that Slurm interprets memory requests denominated in G as multiples of 1024M, not 1000M.
Submitted batch job 3291686
Submitting /home/ntamvada/projects/def-gcohenfr/ntamvada/simulations/runscripts/n400_iid_midsparse/145.run.job to the cluster
sbatch: NOTE: Your memory request of 131072M was likely submitted as 128G. Please note that Slurm interprets memory requests denominated in G as multiples of 1024M, not 1000M.
Submitted batch job 3291735
Submitting /home/ntamvada/projects/def-gcohenfr/ntamvada/simulations/runscripts/n400_iid_midsparse/146.run.job to the cluster
sbatch: NOTE: Your memory request of 131072M was likely submitted as 128G. Please note that Slurm interprets memory requests denominated in G as multiples of 1024M, not 1000M.
Submitted batch job 3291761
Submitting /home/ntamvada/projects/def-gcohenfr/ntamvada/simulations/runscripts/n400_iid_midsparse/147.run.job to the cluster
sbatch: NOTE: Your memory request of 131072M was likely submitted as 128G. Please note that Slurm interprets memory requests denominated in G as multiples of 1024M, not 1000M.
Submitted batch job 3291792
Submitting /home/ntamvada/projects/def-gcohenfr/ntamvada/simulations/runscripts/n400_iid_midsparse/148.run.job to the cluster
sbatch: NOTE: Your memory request of 131072M was likely submitted as 128G. Please note that Slurm interprets memory requests denominated in G as multiples of 1024M, not 1000M.
Submitted batch job 3291815
Submitting /home/ntamvada/projects/def-gcohenfr/ntamvada/simulations/runscripts/n400_iid_midsparse/149.run.job to the cluster
sbatch: NOTE: Your memory request of 131072M was likely submitted as 128G. Please note that Slurm interprets memory requests denominated in G as multiples of 1024M, not 1000M.
Submitted batch job 3291853
Submitting /home/ntamvada/projects/def-gcohenfr/ntamvada/simulations/runscripts/n400_iid_midsparse/150.run.job to the cluster
sbatch: NOTE: Your memory request of 131072M was likely submitted as 128G. Please note that Slurm interprets memory requests denominated in G as multiples of 1024M, not 1000M.
Submitted batch job 3291893
Submitting /home/ntamvada/projects/def-gcohenfr/ntamvada/simulations/runscripts/n400_iid_midsparse/151.run.job to the cluster
sbatch: NOTE: Your memory request of 131072M was likely submitted as 128G. Please note that Slurm interprets memory requests denominated in G as multiples of 1024M, not 1000M.
Submitted batch job 3291916
Submitting /home/ntamvada/projects/def-gcohenfr/ntamvada/simulations/runscripts/n400_iid_midsparse/152.run.job to the cluster
sbatch: NOTE: Your memory request of 131072M was likely submitted as 128G. Please note that Slurm interprets memory requests denominated in G as multiples of 1024M, not 1000M.
Submitted batch job 3291975
Submitting /home/ntamvada/projects/def-gcohenfr/ntamvada/simulations/runscripts/n400_iid_midsparse/153.run.job to the cluster
sbatch: NOTE: Your memory request of 131072M was likely submitted as 128G. Please note that Slurm interprets memory requests denominated in G as multiples of 1024M, not 1000M.
Submitted batch job 3291991
Submitting /home/ntamvada/projects/def-gcohenfr/ntamvada/simulations/runscripts/n400_iid_midsparse/154.run.job to the cluster
sbatch: NOTE: Your memory request of 131072M was likely submitted as 128G. Please note that Slurm interprets memory requests denominated in G as multiples of 1024M, not 1000M.
Submitted batch job 3292015
Submitting /home/ntamvada/projects/def-gcohenfr/ntamvada/simulations/runscripts/n400_iid_midsparse/155.run.job to the cluster
sbatch: NOTE: Your memory request of 131072M was likely submitted as 128G. Please note that Slurm interprets memory requests denominated in G as multiples of 1024M, not 1000M.
Submitted batch job 3292030
Submitting /home/ntamvada/projects/def-gcohenfr/ntamvada/simulations/runscripts/n400_iid_midsparse/156.run.job to the cluster
sbatch: NOTE: Your memory request of 131072M was likely submitted as 128G. Please note that Slurm interprets memory requests denominated in G as multiples of 1024M, not 1000M.
Submitted batch job 3292060
Submitting /home/ntamvada/projects/def-gcohenfr/ntamvada/simulations/runscripts/n400_iid_midsparse/157.run.job to the cluster
sbatch: NOTE: Your memory request of 131072M was likely submitted as 128G. Please note that Slurm interprets memory requests denominated in G as multiples of 1024M, not 1000M.
Submitted batch job 3292078
Submitting /home/ntamvada/projects/def-gcohenfr/ntamvada/simulations/runscripts/n400_iid_midsparse/158.run.job to the cluster
sbatch: NOTE: Your memory request of 131072M was likely submitted as 128G. Please note that Slurm interprets memory requests denominated in G as multiples of 1024M, not 1000M.
Submitted batch job 3292087
Submitting /home/ntamvada/projects/def-gcohenfr/ntamvada/simulations/runscripts/n400_iid_midsparse/159.run.job to the cluster
sbatch: NOTE: Your memory request of 131072M was likely submitted as 128G. Please note that Slurm interprets memory requests denominated in G as multiples of 1024M, not 1000M.
Submitted batch job 3292097
Submitting /home/ntamvada/projects/def-gcohenfr/ntamvada/simulations/runscripts/n400_iid_midsparse/160.run.job to the cluster
sbatch: NOTE: Your memory request of 131072M was likely submitted as 128G. Please note that Slurm interprets memory requests denominated in G as multiples of 1024M, not 1000M.
Submitted batch job 3292144
Submitting /home/ntamvada/projects/def-gcohenfr/ntamvada/simulations/runscripts/n400_iid_midsparse/161.run.job to the cluster
sbatch: NOTE: Your memory request of 131072M was likely submitted as 128G. Please note that Slurm interprets memory requests denominated in G as multiples of 1024M, not 1000M.
Submitted batch job 3292165
Submitting /home/ntamvada/projects/def-gcohenfr/ntamvada/simulations/runscripts/n400_iid_midsparse/162.run.job to the cluster
sbatch: NOTE: Your memory request of 131072M was likely submitted as 128G. Please note that Slurm interprets memory requests denominated in G as multiples of 1024M, not 1000M.
Submitted batch job 3292178
Submitting /home/ntamvada/projects/def-gcohenfr/ntamvada/simulations/runscripts/n400_iid_midsparse/163.run.job to the cluster
sbatch: NOTE: Your memory request of 131072M was likely submitted as 128G. Please note that Slurm interprets memory requests denominated in G as multiples of 1024M, not 1000M.
Submitted batch job 3292218
Submitting /home/ntamvada/projects/def-gcohenfr/ntamvada/simulations/runscripts/n400_iid_midsparse/164.run.job to the cluster
sbatch: NOTE: Your memory request of 131072M was likely submitted as 128G. Please note that Slurm interprets memory requests denominated in G as multiples of 1024M, not 1000M.
Submitted batch job 3292222
Submitting /home/ntamvada/projects/def-gcohenfr/ntamvada/simulations/runscripts/n400_iid_midsparse/165.run.job to the cluster
sbatch: NOTE: Your memory request of 131072M was likely submitted as 128G. Please note that Slurm interprets memory requests denominated in G as multiples of 1024M, not 1000M.
Submitted batch job 3292256
Submitting /home/ntamvada/projects/def-gcohenfr/ntamvada/simulations/runscripts/n400_iid_midsparse/166.run.job to the cluster
sbatch: NOTE: Your memory request of 131072M was likely submitted as 128G. Please note that Slurm interprets memory requests denominated in G as multiples of 1024M, not 1000M.
Submitted batch job 3292291
Submitting /home/ntamvada/projects/def-gcohenfr/ntamvada/simulations/runscripts/n400_iid_midsparse/167.run.job to the cluster
sbatch: NOTE: Your memory request of 131072M was likely submitted as 128G. Please note that Slurm interprets memory requests denominated in G as multiples of 1024M, not 1000M.
Submitted batch job 3292327
Submitting /home/ntamvada/projects/def-gcohenfr/ntamvada/simulations/runscripts/n400_iid_midsparse/168.run.job to the cluster
sbatch: NOTE: Your memory request of 131072M was likely submitted as 128G. Please note that Slurm interprets memory requests denominated in G as multiples of 1024M, not 1000M.
Submitted batch job 3292359
Submitting /home/ntamvada/projects/def-gcohenfr/ntamvada/simulations/runscripts/n400_iid_midsparse/169.run.job to the cluster
sbatch: NOTE: Your memory request of 131072M was likely submitted as 128G. Please note that Slurm interprets memory requests denominated in G as multiples of 1024M, not 1000M.
Submitted batch job 3292380
Submitting /home/ntamvada/projects/def-gcohenfr/ntamvada/simulations/runscripts/n400_iid_midsparse/170.run.job to the cluster
sbatch: NOTE: Your memory request of 131072M was likely submitted as 128G. Please note that Slurm interprets memory requests denominated in G as multiples of 1024M, not 1000M.
Submitted batch job 3292418
Submitting /home/ntamvada/projects/def-gcohenfr/ntamvada/simulations/runscripts/n400_iid_midsparse/171.run.job to the cluster
sbatch: NOTE: Your memory request of 131072M was likely submitted as 128G. Please note that Slurm interprets memory requests denominated in G as multiples of 1024M, not 1000M.
Submitted batch job 3292433
Submitting /home/ntamvada/projects/def-gcohenfr/ntamvada/simulations/runscripts/n400_iid_midsparse/172.run.job to the cluster
sbatch: NOTE: Your memory request of 131072M was likely submitted as 128G. Please note that Slurm interprets memory requests denominated in G as multiples of 1024M, not 1000M.
Submitted batch job 3292451
Submitting /home/ntamvada/projects/def-gcohenfr/ntamvada/simulations/runscripts/n400_iid_midsparse/173.run.job to the cluster
sbatch: NOTE: Your memory request of 131072M was likely submitted as 128G. Please note that Slurm interprets memory requests denominated in G as multiples of 1024M, not 1000M.
Submitted batch job 3292465
Submitting /home/ntamvada/projects/def-gcohenfr/ntamvada/simulations/runscripts/n400_iid_midsparse/174.run.job to the cluster
sbatch: NOTE: Your memory request of 131072M was likely submitted as 128G. Please note that Slurm interprets memory requests denominated in G as multiples of 1024M, not 1000M.
Submitted batch job 3292507
Submitting /home/ntamvada/projects/def-gcohenfr/ntamvada/simulations/runscripts/n400_iid_midsparse/175.run.job to the cluster
sbatch: NOTE: Your memory request of 131072M was likely submitted as 128G. Please note that Slurm interprets memory requests denominated in G as multiples of 1024M, not 1000M.
Submitted batch job 3292520
Submitting /home/ntamvada/projects/def-gcohenfr/ntamvada/simulations/runscripts/n400_iid_midsparse/176.run.job to the cluster
sbatch: NOTE: Your memory request of 131072M was likely submitted as 128G. Please note that Slurm interprets memory requests denominated in G as multiples of 1024M, not 1000M.
Submitted batch job 3292556
Submitting /home/ntamvada/projects/def-gcohenfr/ntamvada/simulations/runscripts/n400_iid_midsparse/177.run.job to the cluster
sbatch: NOTE: Your memory request of 131072M was likely submitted as 128G. Please note that Slurm interprets memory requests denominated in G as multiples of 1024M, not 1000M.
Submitted batch job 3292582
Submitting /home/ntamvada/projects/def-gcohenfr/ntamvada/simulations/runscripts/n400_iid_midsparse/178.run.job to the cluster
slurmstepd: error: *** JOB 3221388 ON cdr693 CANCELLED AT 2023-06-01T23:47:13 DUE TO TIME LIMIT ***
