Submitting /home/ntamvada/projects/def-gcohenfr/ntamvada/simulations/runscripts/n400_cor_nonsparse/1.run.job to the cluster
sbatch: NOTE: Your memory request of 131072M was likely submitted as 128G. Please note that Slurm interprets memory requests denominated in G as multiples of 1024M, not 1000M.
Submitted batch job 3286521
Submitting /home/ntamvada/projects/def-gcohenfr/ntamvada/simulations/runscripts/n400_cor_nonsparse/2.run.job to the cluster
sbatch: NOTE: Your memory request of 131072M was likely submitted as 128G. Please note that Slurm interprets memory requests denominated in G as multiples of 1024M, not 1000M.
Submitted batch job 3286555
Submitting /home/ntamvada/projects/def-gcohenfr/ntamvada/simulations/runscripts/n400_cor_nonsparse/3.run.job to the cluster
sbatch: NOTE: Your memory request of 131072M was likely submitted as 128G. Please note that Slurm interprets memory requests denominated in G as multiples of 1024M, not 1000M.
Submitted batch job 3286574
Submitting /home/ntamvada/projects/def-gcohenfr/ntamvada/simulations/runscripts/n400_cor_nonsparse/4.run.job to the cluster
sbatch: NOTE: Your memory request of 131072M was likely submitted as 128G. Please note that Slurm interprets memory requests denominated in G as multiples of 1024M, not 1000M.
Submitted batch job 3286600
Submitting /home/ntamvada/projects/def-gcohenfr/ntamvada/simulations/runscripts/n400_cor_nonsparse/5.run.job to the cluster
sbatch: NOTE: Your memory request of 131072M was likely submitted as 128G. Please note that Slurm interprets memory requests denominated in G as multiples of 1024M, not 1000M.
Submitted batch job 3286656
Submitting /home/ntamvada/projects/def-gcohenfr/ntamvada/simulations/runscripts/n400_cor_nonsparse/6.run.job to the cluster
sbatch: NOTE: Your memory request of 131072M was likely submitted as 128G. Please note that Slurm interprets memory requests denominated in G as multiples of 1024M, not 1000M.
Submitted batch job 3286690
Submitting /home/ntamvada/projects/def-gcohenfr/ntamvada/simulations/runscripts/n400_cor_nonsparse/7.run.job to the cluster
sbatch: NOTE: Your memory request of 131072M was likely submitted as 128G. Please note that Slurm interprets memory requests denominated in G as multiples of 1024M, not 1000M.
Submitted batch job 3286712
Submitting /home/ntamvada/projects/def-gcohenfr/ntamvada/simulations/runscripts/n400_cor_nonsparse/8.run.job to the cluster
sbatch: NOTE: Your memory request of 131072M was likely submitted as 128G. Please note that Slurm interprets memory requests denominated in G as multiples of 1024M, not 1000M.
Submitted batch job 3286809
Submitting /home/ntamvada/projects/def-gcohenfr/ntamvada/simulations/runscripts/n400_cor_nonsparse/9.run.job to the cluster
sbatch: NOTE: Your memory request of 131072M was likely submitted as 128G. Please note that Slurm interprets memory requests denominated in G as multiples of 1024M, not 1000M.
Submitted batch job 3286863
Submitting /home/ntamvada/projects/def-gcohenfr/ntamvada/simulations/runscripts/n400_cor_nonsparse/10.run.job to the cluster
sbatch: NOTE: Your memory request of 131072M was likely submitted as 128G. Please note that Slurm interprets memory requests denominated in G as multiples of 1024M, not 1000M.
Submitted batch job 3286875
Submitting /home/ntamvada/projects/def-gcohenfr/ntamvada/simulations/runscripts/n400_cor_nonsparse/11.run.job to the cluster
sbatch: NOTE: Your memory request of 131072M was likely submitted as 128G. Please note that Slurm interprets memory requests denominated in G as multiples of 1024M, not 1000M.
Submitted batch job 3286894
Submitting /home/ntamvada/projects/def-gcohenfr/ntamvada/simulations/runscripts/n400_cor_nonsparse/12.run.job to the cluster
sbatch: NOTE: Your memory request of 131072M was likely submitted as 128G. Please note that Slurm interprets memory requests denominated in G as multiples of 1024M, not 1000M.
Submitted batch job 3286915
Submitting /home/ntamvada/projects/def-gcohenfr/ntamvada/simulations/runscripts/n400_cor_nonsparse/13.run.job to the cluster
sbatch: NOTE: Your memory request of 131072M was likely submitted as 128G. Please note that Slurm interprets memory requests denominated in G as multiples of 1024M, not 1000M.
Submitted batch job 3286928
Submitting /home/ntamvada/projects/def-gcohenfr/ntamvada/simulations/runscripts/n400_cor_nonsparse/14.run.job to the cluster
sbatch: NOTE: Your memory request of 131072M was likely submitted as 128G. Please note that Slurm interprets memory requests denominated in G as multiples of 1024M, not 1000M.
Submitted batch job 3286945
Submitting /home/ntamvada/projects/def-gcohenfr/ntamvada/simulations/runscripts/n400_cor_nonsparse/15.run.job to the cluster
sbatch: NOTE: Your memory request of 131072M was likely submitted as 128G. Please note that Slurm interprets memory requests denominated in G as multiples of 1024M, not 1000M.
Submitted batch job 3286971
Submitting /home/ntamvada/projects/def-gcohenfr/ntamvada/simulations/runscripts/n400_cor_nonsparse/16.run.job to the cluster
sbatch: NOTE: Your memory request of 131072M was likely submitted as 128G. Please note that Slurm interprets memory requests denominated in G as multiples of 1024M, not 1000M.
Submitted batch job 3286997
Submitting /home/ntamvada/projects/def-gcohenfr/ntamvada/simulations/runscripts/n400_cor_nonsparse/17.run.job to the cluster
sbatch: NOTE: Your memory request of 131072M was likely submitted as 128G. Please note that Slurm interprets memory requests denominated in G as multiples of 1024M, not 1000M.
Submitted batch job 3287039
Submitting /home/ntamvada/projects/def-gcohenfr/ntamvada/simulations/runscripts/n400_cor_nonsparse/18.run.job to the cluster
sbatch: NOTE: Your memory request of 131072M was likely submitted as 128G. Please note that Slurm interprets memory requests denominated in G as multiples of 1024M, not 1000M.
Submitted batch job 3287097
Submitting /home/ntamvada/projects/def-gcohenfr/ntamvada/simulations/runscripts/n400_cor_nonsparse/19.run.job to the cluster
sbatch: NOTE: Your memory request of 131072M was likely submitted as 128G. Please note that Slurm interprets memory requests denominated in G as multiples of 1024M, not 1000M.
Submitted batch job 3287126
Submitting /home/ntamvada/projects/def-gcohenfr/ntamvada/simulations/runscripts/n400_cor_nonsparse/20.run.job to the cluster
sbatch: NOTE: Your memory request of 131072M was likely submitted as 128G. Please note that Slurm interprets memory requests denominated in G as multiples of 1024M, not 1000M.
Submitted batch job 3287232
Submitting /home/ntamvada/projects/def-gcohenfr/ntamvada/simulations/runscripts/n400_cor_nonsparse/21.run.job to the cluster
sbatch: NOTE: Your memory request of 131072M was likely submitted as 128G. Please note that Slurm interprets memory requests denominated in G as multiples of 1024M, not 1000M.
Submitted batch job 3287267
Submitting /home/ntamvada/projects/def-gcohenfr/ntamvada/simulations/runscripts/n400_cor_nonsparse/22.run.job to the cluster
sbatch: NOTE: Your memory request of 131072M was likely submitted as 128G. Please note that Slurm interprets memory requests denominated in G as multiples of 1024M, not 1000M.
Submitted batch job 3287288
Submitting /home/ntamvada/projects/def-gcohenfr/ntamvada/simulations/runscripts/n400_cor_nonsparse/23.run.job to the cluster
sbatch: NOTE: Your memory request of 131072M was likely submitted as 128G. Please note that Slurm interprets memory requests denominated in G as multiples of 1024M, not 1000M.
Submitted batch job 3287330
Submitting /home/ntamvada/projects/def-gcohenfr/ntamvada/simulations/runscripts/n400_cor_nonsparse/24.run.job to the cluster
sbatch: NOTE: Your memory request of 131072M was likely submitted as 128G. Please note that Slurm interprets memory requests denominated in G as multiples of 1024M, not 1000M.
Submitted batch job 3287424
Submitting /home/ntamvada/projects/def-gcohenfr/ntamvada/simulations/runscripts/n400_cor_nonsparse/25.run.job to the cluster
sbatch: NOTE: Your memory request of 131072M was likely submitted as 128G. Please note that Slurm interprets memory requests denominated in G as multiples of 1024M, not 1000M.
Submitted batch job 3287467
Submitting /home/ntamvada/projects/def-gcohenfr/ntamvada/simulations/runscripts/n400_cor_nonsparse/26.run.job to the cluster
sbatch: NOTE: Your memory request of 131072M was likely submitted as 128G. Please note that Slurm interprets memory requests denominated in G as multiples of 1024M, not 1000M.
Submitted batch job 3287488
Submitting /home/ntamvada/projects/def-gcohenfr/ntamvada/simulations/runscripts/n400_cor_nonsparse/27.run.job to the cluster
sbatch: NOTE: Your memory request of 131072M was likely submitted as 128G. Please note that Slurm interprets memory requests denominated in G as multiples of 1024M, not 1000M.
Submitted batch job 3287558
Submitting /home/ntamvada/projects/def-gcohenfr/ntamvada/simulations/runscripts/n400_cor_nonsparse/28.run.job to the cluster
sbatch: NOTE: Your memory request of 131072M was likely submitted as 128G. Please note that Slurm interprets memory requests denominated in G as multiples of 1024M, not 1000M.
Submitted batch job 3287669
Submitting /home/ntamvada/projects/def-gcohenfr/ntamvada/simulations/runscripts/n400_cor_nonsparse/29.run.job to the cluster
sbatch: NOTE: Your memory request of 131072M was likely submitted as 128G. Please note that Slurm interprets memory requests denominated in G as multiples of 1024M, not 1000M.
Submitted batch job 3287740
Submitting /home/ntamvada/projects/def-gcohenfr/ntamvada/simulations/runscripts/n400_cor_nonsparse/30.run.job to the cluster
sbatch: NOTE: Your memory request of 131072M was likely submitted as 128G. Please note that Slurm interprets memory requests denominated in G as multiples of 1024M, not 1000M.
Submitted batch job 3287757
Submitting /home/ntamvada/projects/def-gcohenfr/ntamvada/simulations/runscripts/n400_cor_nonsparse/31.run.job to the cluster
sbatch: NOTE: Your memory request of 131072M was likely submitted as 128G. Please note that Slurm interprets memory requests denominated in G as multiples of 1024M, not 1000M.
Submitted batch job 3287784
Submitting /home/ntamvada/projects/def-gcohenfr/ntamvada/simulations/runscripts/n400_cor_nonsparse/32.run.job to the cluster
sbatch: NOTE: Your memory request of 131072M was likely submitted as 128G. Please note that Slurm interprets memory requests denominated in G as multiples of 1024M, not 1000M.
Submitted batch job 3287798
Submitting /home/ntamvada/projects/def-gcohenfr/ntamvada/simulations/runscripts/n400_cor_nonsparse/33.run.job to the cluster
sbatch: NOTE: Your memory request of 131072M was likely submitted as 128G. Please note that Slurm interprets memory requests denominated in G as multiples of 1024M, not 1000M.
Submitted batch job 3287845
Submitting /home/ntamvada/projects/def-gcohenfr/ntamvada/simulations/runscripts/n400_cor_nonsparse/34.run.job to the cluster
sbatch: NOTE: Your memory request of 131072M was likely submitted as 128G. Please note that Slurm interprets memory requests denominated in G as multiples of 1024M, not 1000M.
Submitted batch job 3287867
Submitting /home/ntamvada/projects/def-gcohenfr/ntamvada/simulations/runscripts/n400_cor_nonsparse/35.run.job to the cluster
sbatch: NOTE: Your memory request of 131072M was likely submitted as 128G. Please note that Slurm interprets memory requests denominated in G as multiples of 1024M, not 1000M.
Submitted batch job 3287887
Submitting /home/ntamvada/projects/def-gcohenfr/ntamvada/simulations/runscripts/n400_cor_nonsparse/36.run.job to the cluster
sbatch: NOTE: Your memory request of 131072M was likely submitted as 128G. Please note that Slurm interprets memory requests denominated in G as multiples of 1024M, not 1000M.
Submitted batch job 3287922
Submitting /home/ntamvada/projects/def-gcohenfr/ntamvada/simulations/runscripts/n400_cor_nonsparse/37.run.job to the cluster
sbatch: NOTE: Your memory request of 131072M was likely submitted as 128G. Please note that Slurm interprets memory requests denominated in G as multiples of 1024M, not 1000M.
Submitted batch job 3287935
Submitting /home/ntamvada/projects/def-gcohenfr/ntamvada/simulations/runscripts/n400_cor_nonsparse/38.run.job to the cluster
sbatch: NOTE: Your memory request of 131072M was likely submitted as 128G. Please note that Slurm interprets memory requests denominated in G as multiples of 1024M, not 1000M.
Submitted batch job 3287963
Submitting /home/ntamvada/projects/def-gcohenfr/ntamvada/simulations/runscripts/n400_cor_nonsparse/39.run.job to the cluster
sbatch: NOTE: Your memory request of 131072M was likely submitted as 128G. Please note that Slurm interprets memory requests denominated in G as multiples of 1024M, not 1000M.
Submitted batch job 3288002
Submitting /home/ntamvada/projects/def-gcohenfr/ntamvada/simulations/runscripts/n400_cor_nonsparse/40.run.job to the cluster
sbatch: NOTE: Your memory request of 131072M was likely submitted as 128G. Please note that Slurm interprets memory requests denominated in G as multiples of 1024M, not 1000M.
Submitted batch job 3288062
Submitting /home/ntamvada/projects/def-gcohenfr/ntamvada/simulations/runscripts/n400_cor_nonsparse/41.run.job to the cluster
sbatch: NOTE: Your memory request of 131072M was likely submitted as 128G. Please note that Slurm interprets memory requests denominated in G as multiples of 1024M, not 1000M.
Submitted batch job 3288081
Submitting /home/ntamvada/projects/def-gcohenfr/ntamvada/simulations/runscripts/n400_cor_nonsparse/42.run.job to the cluster
sbatch: NOTE: Your memory request of 131072M was likely submitted as 128G. Please note that Slurm interprets memory requests denominated in G as multiples of 1024M, not 1000M.
Submitted batch job 3288200
Submitting /home/ntamvada/projects/def-gcohenfr/ntamvada/simulations/runscripts/n400_cor_nonsparse/43.run.job to the cluster
sbatch: NOTE: Your memory request of 131072M was likely submitted as 128G. Please note that Slurm interprets memory requests denominated in G as multiples of 1024M, not 1000M.
Submitted batch job 3288277
Submitting /home/ntamvada/projects/def-gcohenfr/ntamvada/simulations/runscripts/n400_cor_nonsparse/44.run.job to the cluster
sbatch: NOTE: Your memory request of 131072M was likely submitted as 128G. Please note that Slurm interprets memory requests denominated in G as multiples of 1024M, not 1000M.
Submitted batch job 3288290
Submitting /home/ntamvada/projects/def-gcohenfr/ntamvada/simulations/runscripts/n400_cor_nonsparse/45.run.job to the cluster
sbatch: NOTE: Your memory request of 131072M was likely submitted as 128G. Please note that Slurm interprets memory requests denominated in G as multiples of 1024M, not 1000M.
Submitted batch job 3288358
Submitting /home/ntamvada/projects/def-gcohenfr/ntamvada/simulations/runscripts/n400_cor_nonsparse/46.run.job to the cluster
sbatch: NOTE: Your memory request of 131072M was likely submitted as 128G. Please note that Slurm interprets memory requests denominated in G as multiples of 1024M, not 1000M.
Submitted batch job 3288395
Submitting /home/ntamvada/projects/def-gcohenfr/ntamvada/simulations/runscripts/n400_cor_nonsparse/47.run.job to the cluster
sbatch: NOTE: Your memory request of 131072M was likely submitted as 128G. Please note that Slurm interprets memory requests denominated in G as multiples of 1024M, not 1000M.
Submitted batch job 3288415
Submitting /home/ntamvada/projects/def-gcohenfr/ntamvada/simulations/runscripts/n400_cor_nonsparse/48.run.job to the cluster
sbatch: NOTE: Your memory request of 131072M was likely submitted as 128G. Please note that Slurm interprets memory requests denominated in G as multiples of 1024M, not 1000M.
Submitted batch job 3288438
Submitting /home/ntamvada/projects/def-gcohenfr/ntamvada/simulations/runscripts/n400_cor_nonsparse/49.run.job to the cluster
sbatch: NOTE: Your memory request of 131072M was likely submitted as 128G. Please note that Slurm interprets memory requests denominated in G as multiples of 1024M, not 1000M.
Submitted batch job 3288483
Submitting /home/ntamvada/projects/def-gcohenfr/ntamvada/simulations/runscripts/n400_cor_nonsparse/50.run.job to the cluster
sbatch: NOTE: Your memory request of 131072M was likely submitted as 128G. Please note that Slurm interprets memory requests denominated in G as multiples of 1024M, not 1000M.
Submitted batch job 3288503
Submitting /home/ntamvada/projects/def-gcohenfr/ntamvada/simulations/runscripts/n400_cor_nonsparse/51.run.job to the cluster
sbatch: NOTE: Your memory request of 131072M was likely submitted as 128G. Please note that Slurm interprets memory requests denominated in G as multiples of 1024M, not 1000M.
Submitted batch job 3288520
Submitting /home/ntamvada/projects/def-gcohenfr/ntamvada/simulations/runscripts/n400_cor_nonsparse/52.run.job to the cluster
sbatch: NOTE: Your memory request of 131072M was likely submitted as 128G. Please note that Slurm interprets memory requests denominated in G as multiples of 1024M, not 1000M.
Submitted batch job 3288539
Submitting /home/ntamvada/projects/def-gcohenfr/ntamvada/simulations/runscripts/n400_cor_nonsparse/53.run.job to the cluster
sbatch: NOTE: Your memory request of 131072M was likely submitted as 128G. Please note that Slurm interprets memory requests denominated in G as multiples of 1024M, not 1000M.
Submitted batch job 3288574
Submitting /home/ntamvada/projects/def-gcohenfr/ntamvada/simulations/runscripts/n400_cor_nonsparse/54.run.job to the cluster
sbatch: NOTE: Your memory request of 131072M was likely submitted as 128G. Please note that Slurm interprets memory requests denominated in G as multiples of 1024M, not 1000M.
Submitted batch job 3288586
Submitting /home/ntamvada/projects/def-gcohenfr/ntamvada/simulations/runscripts/n400_cor_nonsparse/55.run.job to the cluster
sbatch: NOTE: Your memory request of 131072M was likely submitted as 128G. Please note that Slurm interprets memory requests denominated in G as multiples of 1024M, not 1000M.
Submitted batch job 3288604
Submitting /home/ntamvada/projects/def-gcohenfr/ntamvada/simulations/runscripts/n400_cor_nonsparse/56.run.job to the cluster
sbatch: NOTE: Your memory request of 131072M was likely submitted as 128G. Please note that Slurm interprets memory requests denominated in G as multiples of 1024M, not 1000M.
Submitted batch job 3288641
Submitting /home/ntamvada/projects/def-gcohenfr/ntamvada/simulations/runscripts/n400_cor_nonsparse/57.run.job to the cluster
sbatch: NOTE: Your memory request of 131072M was likely submitted as 128G. Please note that Slurm interprets memory requests denominated in G as multiples of 1024M, not 1000M.
Submitted batch job 3288671
Submitting /home/ntamvada/projects/def-gcohenfr/ntamvada/simulations/runscripts/n400_cor_nonsparse/58.run.job to the cluster
sbatch: NOTE: Your memory request of 131072M was likely submitted as 128G. Please note that Slurm interprets memory requests denominated in G as multiples of 1024M, not 1000M.
Submitted batch job 3288691
Submitting /home/ntamvada/projects/def-gcohenfr/ntamvada/simulations/runscripts/n400_cor_nonsparse/59.run.job to the cluster
sbatch: NOTE: Your memory request of 131072M was likely submitted as 128G. Please note that Slurm interprets memory requests denominated in G as multiples of 1024M, not 1000M.
Submitted batch job 3288756
Submitting /home/ntamvada/projects/def-gcohenfr/ntamvada/simulations/runscripts/n400_cor_nonsparse/60.run.job to the cluster
sbatch: NOTE: Your memory request of 131072M was likely submitted as 128G. Please note that Slurm interprets memory requests denominated in G as multiples of 1024M, not 1000M.
Submitted batch job 3288798
Submitting /home/ntamvada/projects/def-gcohenfr/ntamvada/simulations/runscripts/n400_cor_nonsparse/61.run.job to the cluster
sbatch: NOTE: Your memory request of 131072M was likely submitted as 128G. Please note that Slurm interprets memory requests denominated in G as multiples of 1024M, not 1000M.
Submitted batch job 3288829
Submitting /home/ntamvada/projects/def-gcohenfr/ntamvada/simulations/runscripts/n400_cor_nonsparse/62.run.job to the cluster
sbatch: NOTE: Your memory request of 131072M was likely submitted as 128G. Please note that Slurm interprets memory requests denominated in G as multiples of 1024M, not 1000M.
Submitted batch job 3288864
Submitting /home/ntamvada/projects/def-gcohenfr/ntamvada/simulations/runscripts/n400_cor_nonsparse/63.run.job to the cluster
sbatch: NOTE: Your memory request of 131072M was likely submitted as 128G. Please note that Slurm interprets memory requests denominated in G as multiples of 1024M, not 1000M.
Submitted batch job 3288867
Submitting /home/ntamvada/projects/def-gcohenfr/ntamvada/simulations/runscripts/n400_cor_nonsparse/64.run.job to the cluster
sbatch: NOTE: Your memory request of 131072M was likely submitted as 128G. Please note that Slurm interprets memory requests denominated in G as multiples of 1024M, not 1000M.
Submitted batch job 3288911
Submitting /home/ntamvada/projects/def-gcohenfr/ntamvada/simulations/runscripts/n400_cor_nonsparse/65.run.job to the cluster
sbatch: NOTE: Your memory request of 131072M was likely submitted as 128G. Please note that Slurm interprets memory requests denominated in G as multiples of 1024M, not 1000M.
Submitted batch job 3288920
Submitting /home/ntamvada/projects/def-gcohenfr/ntamvada/simulations/runscripts/n400_cor_nonsparse/66.run.job to the cluster
sbatch: NOTE: Your memory request of 131072M was likely submitted as 128G. Please note that Slurm interprets memory requests denominated in G as multiples of 1024M, not 1000M.
Submitted batch job 3288947
Submitting /home/ntamvada/projects/def-gcohenfr/ntamvada/simulations/runscripts/n400_cor_nonsparse/67.run.job to the cluster
sbatch: NOTE: Your memory request of 131072M was likely submitted as 128G. Please note that Slurm interprets memory requests denominated in G as multiples of 1024M, not 1000M.
Submitted batch job 3289001
Submitting /home/ntamvada/projects/def-gcohenfr/ntamvada/simulations/runscripts/n400_cor_nonsparse/68.run.job to the cluster
sbatch: NOTE: Your memory request of 131072M was likely submitted as 128G. Please note that Slurm interprets memory requests denominated in G as multiples of 1024M, not 1000M.
Submitted batch job 3289061
Submitting /home/ntamvada/projects/def-gcohenfr/ntamvada/simulations/runscripts/n400_cor_nonsparse/69.run.job to the cluster
sbatch: NOTE: Your memory request of 131072M was likely submitted as 128G. Please note that Slurm interprets memory requests denominated in G as multiples of 1024M, not 1000M.
Submitted batch job 3289089
Submitting /home/ntamvada/projects/def-gcohenfr/ntamvada/simulations/runscripts/n400_cor_nonsparse/70.run.job to the cluster
sbatch: NOTE: Your memory request of 131072M was likely submitted as 128G. Please note that Slurm interprets memory requests denominated in G as multiples of 1024M, not 1000M.
Submitted batch job 3289121
Submitting /home/ntamvada/projects/def-gcohenfr/ntamvada/simulations/runscripts/n400_cor_nonsparse/71.run.job to the cluster
sbatch: NOTE: Your memory request of 131072M was likely submitted as 128G. Please note that Slurm interprets memory requests denominated in G as multiples of 1024M, not 1000M.
Submitted batch job 3289142
Submitting /home/ntamvada/projects/def-gcohenfr/ntamvada/simulations/runscripts/n400_cor_nonsparse/72.run.job to the cluster
sbatch: NOTE: Your memory request of 131072M was likely submitted as 128G. Please note that Slurm interprets memory requests denominated in G as multiples of 1024M, not 1000M.
Submitted batch job 3289179
Submitting /home/ntamvada/projects/def-gcohenfr/ntamvada/simulations/runscripts/n400_cor_nonsparse/73.run.job to the cluster
sbatch: NOTE: Your memory request of 131072M was likely submitted as 128G. Please note that Slurm interprets memory requests denominated in G as multiples of 1024M, not 1000M.
Submitted batch job 3289204
Submitting /home/ntamvada/projects/def-gcohenfr/ntamvada/simulations/runscripts/n400_cor_nonsparse/74.run.job to the cluster
sbatch: NOTE: Your memory request of 131072M was likely submitted as 128G. Please note that Slurm interprets memory requests denominated in G as multiples of 1024M, not 1000M.
Submitted batch job 3289229
Submitting /home/ntamvada/projects/def-gcohenfr/ntamvada/simulations/runscripts/n400_cor_nonsparse/75.run.job to the cluster
sbatch: NOTE: Your memory request of 131072M was likely submitted as 128G. Please note that Slurm interprets memory requests denominated in G as multiples of 1024M, not 1000M.
Submitted batch job 3289276
Submitting /home/ntamvada/projects/def-gcohenfr/ntamvada/simulations/runscripts/n400_cor_nonsparse/76.run.job to the cluster
sbatch: NOTE: Your memory request of 131072M was likely submitted as 128G. Please note that Slurm interprets memory requests denominated in G as multiples of 1024M, not 1000M.
Submitted batch job 3289304
Submitting /home/ntamvada/projects/def-gcohenfr/ntamvada/simulations/runscripts/n400_cor_nonsparse/77.run.job to the cluster
sbatch: NOTE: Your memory request of 131072M was likely submitted as 128G. Please note that Slurm interprets memory requests denominated in G as multiples of 1024M, not 1000M.
Submitted batch job 3289334
Submitting /home/ntamvada/projects/def-gcohenfr/ntamvada/simulations/runscripts/n400_cor_nonsparse/78.run.job to the cluster
sbatch: NOTE: Your memory request of 131072M was likely submitted as 128G. Please note that Slurm interprets memory requests denominated in G as multiples of 1024M, not 1000M.
Submitted batch job 3289354
Submitting /home/ntamvada/projects/def-gcohenfr/ntamvada/simulations/runscripts/n400_cor_nonsparse/79.run.job to the cluster
sbatch: NOTE: Your memory request of 131072M was likely submitted as 128G. Please note that Slurm interprets memory requests denominated in G as multiples of 1024M, not 1000M.
Submitted batch job 3289373
Submitting /home/ntamvada/projects/def-gcohenfr/ntamvada/simulations/runscripts/n400_cor_nonsparse/80.run.job to the cluster
sbatch: NOTE: Your memory request of 131072M was likely submitted as 128G. Please note that Slurm interprets memory requests denominated in G as multiples of 1024M, not 1000M.
Submitted batch job 3289399
Submitting /home/ntamvada/projects/def-gcohenfr/ntamvada/simulations/runscripts/n400_cor_nonsparse/81.run.job to the cluster
sbatch: NOTE: Your memory request of 131072M was likely submitted as 128G. Please note that Slurm interprets memory requests denominated in G as multiples of 1024M, not 1000M.
Submitted batch job 3289408
Submitting /home/ntamvada/projects/def-gcohenfr/ntamvada/simulations/runscripts/n400_cor_nonsparse/82.run.job to the cluster
sbatch: NOTE: Your memory request of 131072M was likely submitted as 128G. Please note that Slurm interprets memory requests denominated in G as multiples of 1024M, not 1000M.
Submitted batch job 3289418
Submitting /home/ntamvada/projects/def-gcohenfr/ntamvada/simulations/runscripts/n400_cor_nonsparse/83.run.job to the cluster
sbatch: NOTE: Your memory request of 131072M was likely submitted as 128G. Please note that Slurm interprets memory requests denominated in G as multiples of 1024M, not 1000M.
Submitted batch job 3289434
Submitting /home/ntamvada/projects/def-gcohenfr/ntamvada/simulations/runscripts/n400_cor_nonsparse/84.run.job to the cluster
sbatch: NOTE: Your memory request of 131072M was likely submitted as 128G. Please note that Slurm interprets memory requests denominated in G as multiples of 1024M, not 1000M.
Submitted batch job 3289534
Submitting /home/ntamvada/projects/def-gcohenfr/ntamvada/simulations/runscripts/n400_cor_nonsparse/85.run.job to the cluster
sbatch: NOTE: Your memory request of 131072M was likely submitted as 128G. Please note that Slurm interprets memory requests denominated in G as multiples of 1024M, not 1000M.
Submitted batch job 3289550
Submitting /home/ntamvada/projects/def-gcohenfr/ntamvada/simulations/runscripts/n400_cor_nonsparse/86.run.job to the cluster
sbatch: NOTE: Your memory request of 131072M was likely submitted as 128G. Please note that Slurm interprets memory requests denominated in G as multiples of 1024M, not 1000M.
Submitted batch job 3289565
Submitting /home/ntamvada/projects/def-gcohenfr/ntamvada/simulations/runscripts/n400_cor_nonsparse/87.run.job to the cluster
sbatch: NOTE: Your memory request of 131072M was likely submitted as 128G. Please note that Slurm interprets memory requests denominated in G as multiples of 1024M, not 1000M.
Submitted batch job 3289600
Submitting /home/ntamvada/projects/def-gcohenfr/ntamvada/simulations/runscripts/n400_cor_nonsparse/88.run.job to the cluster
sbatch: NOTE: Your memory request of 131072M was likely submitted as 128G. Please note that Slurm interprets memory requests denominated in G as multiples of 1024M, not 1000M.
Submitted batch job 3289633
Submitting /home/ntamvada/projects/def-gcohenfr/ntamvada/simulations/runscripts/n400_cor_nonsparse/89.run.job to the cluster
sbatch: NOTE: Your memory request of 131072M was likely submitted as 128G. Please note that Slurm interprets memory requests denominated in G as multiples of 1024M, not 1000M.
Submitted batch job 3289660
Submitting /home/ntamvada/projects/def-gcohenfr/ntamvada/simulations/runscripts/n400_cor_nonsparse/90.run.job to the cluster
sbatch: NOTE: Your memory request of 131072M was likely submitted as 128G. Please note that Slurm interprets memory requests denominated in G as multiples of 1024M, not 1000M.
Submitted batch job 3289689
Submitting /home/ntamvada/projects/def-gcohenfr/ntamvada/simulations/runscripts/n400_cor_nonsparse/91.run.job to the cluster
sbatch: NOTE: Your memory request of 131072M was likely submitted as 128G. Please note that Slurm interprets memory requests denominated in G as multiples of 1024M, not 1000M.
Submitted batch job 3289725
Submitting /home/ntamvada/projects/def-gcohenfr/ntamvada/simulations/runscripts/n400_cor_nonsparse/92.run.job to the cluster
sbatch: NOTE: Your memory request of 131072M was likely submitted as 128G. Please note that Slurm interprets memory requests denominated in G as multiples of 1024M, not 1000M.
Submitted batch job 3289737
Submitting /home/ntamvada/projects/def-gcohenfr/ntamvada/simulations/runscripts/n400_cor_nonsparse/93.run.job to the cluster
sbatch: NOTE: Your memory request of 131072M was likely submitted as 128G. Please note that Slurm interprets memory requests denominated in G as multiples of 1024M, not 1000M.
Submitted batch job 3289760
Submitting /home/ntamvada/projects/def-gcohenfr/ntamvada/simulations/runscripts/n400_cor_nonsparse/94.run.job to the cluster
sbatch: NOTE: Your memory request of 131072M was likely submitted as 128G. Please note that Slurm interprets memory requests denominated in G as multiples of 1024M, not 1000M.
Submitted batch job 3289807
Submitting /home/ntamvada/projects/def-gcohenfr/ntamvada/simulations/runscripts/n400_cor_nonsparse/95.run.job to the cluster
sbatch: NOTE: Your memory request of 131072M was likely submitted as 128G. Please note that Slurm interprets memory requests denominated in G as multiples of 1024M, not 1000M.
Submitted batch job 3289817
Submitting /home/ntamvada/projects/def-gcohenfr/ntamvada/simulations/runscripts/n400_cor_nonsparse/96.run.job to the cluster
sbatch: NOTE: Your memory request of 131072M was likely submitted as 128G. Please note that Slurm interprets memory requests denominated in G as multiples of 1024M, not 1000M.
Submitted batch job 3289844
Submitting /home/ntamvada/projects/def-gcohenfr/ntamvada/simulations/runscripts/n400_cor_nonsparse/97.run.job to the cluster
sbatch: NOTE: Your memory request of 131072M was likely submitted as 128G. Please note that Slurm interprets memory requests denominated in G as multiples of 1024M, not 1000M.
Submitted batch job 3289859
Submitting /home/ntamvada/projects/def-gcohenfr/ntamvada/simulations/runscripts/n400_cor_nonsparse/98.run.job to the cluster
sbatch: NOTE: Your memory request of 131072M was likely submitted as 128G. Please note that Slurm interprets memory requests denominated in G as multiples of 1024M, not 1000M.
Submitted batch job 3289867
Submitting /home/ntamvada/projects/def-gcohenfr/ntamvada/simulations/runscripts/n400_cor_nonsparse/99.run.job to the cluster
sbatch: NOTE: Your memory request of 131072M was likely submitted as 128G. Please note that Slurm interprets memory requests denominated in G as multiples of 1024M, not 1000M.
Submitted batch job 3289896
Submitting /home/ntamvada/projects/def-gcohenfr/ntamvada/simulations/runscripts/n400_cor_nonsparse/100.run.job to the cluster
sbatch: NOTE: Your memory request of 131072M was likely submitted as 128G. Please note that Slurm interprets memory requests denominated in G as multiples of 1024M, not 1000M.
Submitted batch job 3290018
Submitting /home/ntamvada/projects/def-gcohenfr/ntamvada/simulations/runscripts/n400_cor_nonsparse/101.run.job to the cluster
sbatch: NOTE: Your memory request of 131072M was likely submitted as 128G. Please note that Slurm interprets memory requests denominated in G as multiples of 1024M, not 1000M.
Submitted batch job 3290068
Submitting /home/ntamvada/projects/def-gcohenfr/ntamvada/simulations/runscripts/n400_cor_nonsparse/102.run.job to the cluster
sbatch: NOTE: Your memory request of 131072M was likely submitted as 128G. Please note that Slurm interprets memory requests denominated in G as multiples of 1024M, not 1000M.
Submitted batch job 3290121
Submitting /home/ntamvada/projects/def-gcohenfr/ntamvada/simulations/runscripts/n400_cor_nonsparse/103.run.job to the cluster
sbatch: NOTE: Your memory request of 131072M was likely submitted as 128G. Please note that Slurm interprets memory requests denominated in G as multiples of 1024M, not 1000M.
Submitted batch job 3290136
Submitting /home/ntamvada/projects/def-gcohenfr/ntamvada/simulations/runscripts/n400_cor_nonsparse/104.run.job to the cluster
sbatch: NOTE: Your memory request of 131072M was likely submitted as 128G. Please note that Slurm interprets memory requests denominated in G as multiples of 1024M, not 1000M.
Submitted batch job 3290176
Submitting /home/ntamvada/projects/def-gcohenfr/ntamvada/simulations/runscripts/n400_cor_nonsparse/105.run.job to the cluster
sbatch: NOTE: Your memory request of 131072M was likely submitted as 128G. Please note that Slurm interprets memory requests denominated in G as multiples of 1024M, not 1000M.
Submitted batch job 3290184
Submitting /home/ntamvada/projects/def-gcohenfr/ntamvada/simulations/runscripts/n400_cor_nonsparse/106.run.job to the cluster
sbatch: NOTE: Your memory request of 131072M was likely submitted as 128G. Please note that Slurm interprets memory requests denominated in G as multiples of 1024M, not 1000M.
Submitted batch job 3290217
Submitting /home/ntamvada/projects/def-gcohenfr/ntamvada/simulations/runscripts/n400_cor_nonsparse/107.run.job to the cluster
sbatch: NOTE: Your memory request of 131072M was likely submitted as 128G. Please note that Slurm interprets memory requests denominated in G as multiples of 1024M, not 1000M.
Submitted batch job 3290258
Submitting /home/ntamvada/projects/def-gcohenfr/ntamvada/simulations/runscripts/n400_cor_nonsparse/108.run.job to the cluster
sbatch: NOTE: Your memory request of 131072M was likely submitted as 128G. Please note that Slurm interprets memory requests denominated in G as multiples of 1024M, not 1000M.
Submitted batch job 3290295
Submitting /home/ntamvada/projects/def-gcohenfr/ntamvada/simulations/runscripts/n400_cor_nonsparse/109.run.job to the cluster
sbatch: error: Batch job submission failed: Socket timed out on send/recv operation
Submitting /home/ntamvada/projects/def-gcohenfr/ntamvada/simulations/runscripts/n400_cor_nonsparse/110.run.job to the cluster
sbatch: NOTE: Your memory request of 131072M was likely submitted as 128G. Please note that Slurm interprets memory requests denominated in G as multiples of 1024M, not 1000M.
Submitted batch job 3290452
Submitting /home/ntamvada/projects/def-gcohenfr/ntamvada/simulations/runscripts/n400_cor_nonsparse/111.run.job to the cluster
sbatch: NOTE: Your memory request of 131072M was likely submitted as 128G. Please note that Slurm interprets memory requests denominated in G as multiples of 1024M, not 1000M.
Submitted batch job 3290500
Submitting /home/ntamvada/projects/def-gcohenfr/ntamvada/simulations/runscripts/n400_cor_nonsparse/112.run.job to the cluster
sbatch: NOTE: Your memory request of 131072M was likely submitted as 128G. Please note that Slurm interprets memory requests denominated in G as multiples of 1024M, not 1000M.
Submitted batch job 3290531
Submitting /home/ntamvada/projects/def-gcohenfr/ntamvada/simulations/runscripts/n400_cor_nonsparse/113.run.job to the cluster
sbatch: NOTE: Your memory request of 131072M was likely submitted as 128G. Please note that Slurm interprets memory requests denominated in G as multiples of 1024M, not 1000M.
Submitted batch job 3290564
Submitting /home/ntamvada/projects/def-gcohenfr/ntamvada/simulations/runscripts/n400_cor_nonsparse/114.run.job to the cluster
sbatch: NOTE: Your memory request of 131072M was likely submitted as 128G. Please note that Slurm interprets memory requests denominated in G as multiples of 1024M, not 1000M.
Submitted batch job 3290692
Submitting /home/ntamvada/projects/def-gcohenfr/ntamvada/simulations/runscripts/n400_cor_nonsparse/115.run.job to the cluster
sbatch: NOTE: Your memory request of 131072M was likely submitted as 128G. Please note that Slurm interprets memory requests denominated in G as multiples of 1024M, not 1000M.
Submitted batch job 3290771
Submitting /home/ntamvada/projects/def-gcohenfr/ntamvada/simulations/runscripts/n400_cor_nonsparse/116.run.job to the cluster
sbatch: NOTE: Your memory request of 131072M was likely submitted as 128G. Please note that Slurm interprets memory requests denominated in G as multiples of 1024M, not 1000M.
Submitted batch job 3290849
Submitting /home/ntamvada/projects/def-gcohenfr/ntamvada/simulations/runscripts/n400_cor_nonsparse/117.run.job to the cluster
sbatch: NOTE: Your memory request of 131072M was likely submitted as 128G. Please note that Slurm interprets memory requests denominated in G as multiples of 1024M, not 1000M.
Submitted batch job 3290867
Submitting /home/ntamvada/projects/def-gcohenfr/ntamvada/simulations/runscripts/n400_cor_nonsparse/118.run.job to the cluster
sbatch: NOTE: Your memory request of 131072M was likely submitted as 128G. Please note that Slurm interprets memory requests denominated in G as multiples of 1024M, not 1000M.
Submitted batch job 3290877
Submitting /home/ntamvada/projects/def-gcohenfr/ntamvada/simulations/runscripts/n400_cor_nonsparse/119.run.job to the cluster
sbatch: NOTE: Your memory request of 131072M was likely submitted as 128G. Please note that Slurm interprets memory requests denominated in G as multiples of 1024M, not 1000M.
Submitted batch job 3290894
Submitting /home/ntamvada/projects/def-gcohenfr/ntamvada/simulations/runscripts/n400_cor_nonsparse/120.run.job to the cluster
sbatch: NOTE: Your memory request of 131072M was likely submitted as 128G. Please note that Slurm interprets memory requests denominated in G as multiples of 1024M, not 1000M.
Submitted batch job 3290926
Submitting /home/ntamvada/projects/def-gcohenfr/ntamvada/simulations/runscripts/n400_cor_nonsparse/121.run.job to the cluster
sbatch: NOTE: Your memory request of 131072M was likely submitted as 128G. Please note that Slurm interprets memory requests denominated in G as multiples of 1024M, not 1000M.
Submitted batch job 3290945
Submitting /home/ntamvada/projects/def-gcohenfr/ntamvada/simulations/runscripts/n400_cor_nonsparse/122.run.job to the cluster
sbatch: NOTE: Your memory request of 131072M was likely submitted as 128G. Please note that Slurm interprets memory requests denominated in G as multiples of 1024M, not 1000M.
Submitted batch job 3290970
Submitting /home/ntamvada/projects/def-gcohenfr/ntamvada/simulations/runscripts/n400_cor_nonsparse/123.run.job to the cluster
sbatch: NOTE: Your memory request of 131072M was likely submitted as 128G. Please note that Slurm interprets memory requests denominated in G as multiples of 1024M, not 1000M.
Submitted batch job 3290995
Submitting /home/ntamvada/projects/def-gcohenfr/ntamvada/simulations/runscripts/n400_cor_nonsparse/124.run.job to the cluster
sbatch: NOTE: Your memory request of 131072M was likely submitted as 128G. Please note that Slurm interprets memory requests denominated in G as multiples of 1024M, not 1000M.
Submitted batch job 3291045
Submitting /home/ntamvada/projects/def-gcohenfr/ntamvada/simulations/runscripts/n400_cor_nonsparse/125.run.job to the cluster
sbatch: NOTE: Your memory request of 131072M was likely submitted as 128G. Please note that Slurm interprets memory requests denominated in G as multiples of 1024M, not 1000M.
Submitted batch job 3291059
Submitting /home/ntamvada/projects/def-gcohenfr/ntamvada/simulations/runscripts/n400_cor_nonsparse/126.run.job to the cluster
sbatch: NOTE: Your memory request of 131072M was likely submitted as 128G. Please note that Slurm interprets memory requests denominated in G as multiples of 1024M, not 1000M.
Submitted batch job 3291083
Submitting /home/ntamvada/projects/def-gcohenfr/ntamvada/simulations/runscripts/n400_cor_nonsparse/127.run.job to the cluster
sbatch: NOTE: Your memory request of 131072M was likely submitted as 128G. Please note that Slurm interprets memory requests denominated in G as multiples of 1024M, not 1000M.
Submitted batch job 3291101
Submitting /home/ntamvada/projects/def-gcohenfr/ntamvada/simulations/runscripts/n400_cor_nonsparse/128.run.job to the cluster
sbatch: NOTE: Your memory request of 131072M was likely submitted as 128G. Please note that Slurm interprets memory requests denominated in G as multiples of 1024M, not 1000M.
Submitted batch job 3291113
Submitting /home/ntamvada/projects/def-gcohenfr/ntamvada/simulations/runscripts/n400_cor_nonsparse/129.run.job to the cluster
sbatch: NOTE: Your memory request of 131072M was likely submitted as 128G. Please note that Slurm interprets memory requests denominated in G as multiples of 1024M, not 1000M.
Submitted batch job 3291143
Submitting /home/ntamvada/projects/def-gcohenfr/ntamvada/simulations/runscripts/n400_cor_nonsparse/130.run.job to the cluster
sbatch: NOTE: Your memory request of 131072M was likely submitted as 128G. Please note that Slurm interprets memory requests denominated in G as multiples of 1024M, not 1000M.
Submitted batch job 3291178
Submitting /home/ntamvada/projects/def-gcohenfr/ntamvada/simulations/runscripts/n400_cor_nonsparse/131.run.job to the cluster
sbatch: NOTE: Your memory request of 131072M was likely submitted as 128G. Please note that Slurm interprets memory requests denominated in G as multiples of 1024M, not 1000M.
Submitted batch job 3291203
Submitting /home/ntamvada/projects/def-gcohenfr/ntamvada/simulations/runscripts/n400_cor_nonsparse/132.run.job to the cluster
sbatch: NOTE: Your memory request of 131072M was likely submitted as 128G. Please note that Slurm interprets memory requests denominated in G as multiples of 1024M, not 1000M.
Submitted batch job 3291227
Submitting /home/ntamvada/projects/def-gcohenfr/ntamvada/simulations/runscripts/n400_cor_nonsparse/133.run.job to the cluster
sbatch: NOTE: Your memory request of 131072M was likely submitted as 128G. Please note that Slurm interprets memory requests denominated in G as multiples of 1024M, not 1000M.
Submitted batch job 3291260
Submitting /home/ntamvada/projects/def-gcohenfr/ntamvada/simulations/runscripts/n400_cor_nonsparse/134.run.job to the cluster
sbatch: NOTE: Your memory request of 131072M was likely submitted as 128G. Please note that Slurm interprets memory requests denominated in G as multiples of 1024M, not 1000M.
Submitted batch job 3291303
Submitting /home/ntamvada/projects/def-gcohenfr/ntamvada/simulations/runscripts/n400_cor_nonsparse/135.run.job to the cluster
sbatch: NOTE: Your memory request of 131072M was likely submitted as 128G. Please note that Slurm interprets memory requests denominated in G as multiples of 1024M, not 1000M.
Submitted batch job 3291338
Submitting /home/ntamvada/projects/def-gcohenfr/ntamvada/simulations/runscripts/n400_cor_nonsparse/136.run.job to the cluster
sbatch: NOTE: Your memory request of 131072M was likely submitted as 128G. Please note that Slurm interprets memory requests denominated in G as multiples of 1024M, not 1000M.
Submitted batch job 3291384
Submitting /home/ntamvada/projects/def-gcohenfr/ntamvada/simulations/runscripts/n400_cor_nonsparse/137.run.job to the cluster
sbatch: NOTE: Your memory request of 131072M was likely submitted as 128G. Please note that Slurm interprets memory requests denominated in G as multiples of 1024M, not 1000M.
Submitted batch job 3291405
Submitting /home/ntamvada/projects/def-gcohenfr/ntamvada/simulations/runscripts/n400_cor_nonsparse/138.run.job to the cluster
sbatch: NOTE: Your memory request of 131072M was likely submitted as 128G. Please note that Slurm interprets memory requests denominated in G as multiples of 1024M, not 1000M.
Submitted batch job 3291441
Submitting /home/ntamvada/projects/def-gcohenfr/ntamvada/simulations/runscripts/n400_cor_nonsparse/139.run.job to the cluster
sbatch: NOTE: Your memory request of 131072M was likely submitted as 128G. Please note that Slurm interprets memory requests denominated in G as multiples of 1024M, not 1000M.
Submitted batch job 3291474
Submitting /home/ntamvada/projects/def-gcohenfr/ntamvada/simulations/runscripts/n400_cor_nonsparse/140.run.job to the cluster
sbatch: NOTE: Your memory request of 131072M was likely submitted as 128G. Please note that Slurm interprets memory requests denominated in G as multiples of 1024M, not 1000M.
Submitted batch job 3291492
Submitting /home/ntamvada/projects/def-gcohenfr/ntamvada/simulations/runscripts/n400_cor_nonsparse/141.run.job to the cluster
sbatch: NOTE: Your memory request of 131072M was likely submitted as 128G. Please note that Slurm interprets memory requests denominated in G as multiples of 1024M, not 1000M.
Submitted batch job 3291507
Submitting /home/ntamvada/projects/def-gcohenfr/ntamvada/simulations/runscripts/n400_cor_nonsparse/142.run.job to the cluster
sbatch: NOTE: Your memory request of 131072M was likely submitted as 128G. Please note that Slurm interprets memory requests denominated in G as multiples of 1024M, not 1000M.
Submitted batch job 3291538
Submitting /home/ntamvada/projects/def-gcohenfr/ntamvada/simulations/runscripts/n400_cor_nonsparse/143.run.job to the cluster
sbatch: NOTE: Your memory request of 131072M was likely submitted as 128G. Please note that Slurm interprets memory requests denominated in G as multiples of 1024M, not 1000M.
Submitted batch job 3291562
Submitting /home/ntamvada/projects/def-gcohenfr/ntamvada/simulations/runscripts/n400_cor_nonsparse/144.run.job to the cluster
sbatch: NOTE: Your memory request of 131072M was likely submitted as 128G. Please note that Slurm interprets memory requests denominated in G as multiples of 1024M, not 1000M.
Submitted batch job 3291592
Submitting /home/ntamvada/projects/def-gcohenfr/ntamvada/simulations/runscripts/n400_cor_nonsparse/145.run.job to the cluster
sbatch: NOTE: Your memory request of 131072M was likely submitted as 128G. Please note that Slurm interprets memory requests denominated in G as multiples of 1024M, not 1000M.
Submitted batch job 3291611
Submitting /home/ntamvada/projects/def-gcohenfr/ntamvada/simulations/runscripts/n400_cor_nonsparse/146.run.job to the cluster
sbatch: NOTE: Your memory request of 131072M was likely submitted as 128G. Please note that Slurm interprets memory requests denominated in G as multiples of 1024M, not 1000M.
Submitted batch job 3291676
Submitting /home/ntamvada/projects/def-gcohenfr/ntamvada/simulations/runscripts/n400_cor_nonsparse/147.run.job to the cluster
sbatch: NOTE: Your memory request of 131072M was likely submitted as 128G. Please note that Slurm interprets memory requests denominated in G as multiples of 1024M, not 1000M.
Submitted batch job 3291713
Submitting /home/ntamvada/projects/def-gcohenfr/ntamvada/simulations/runscripts/n400_cor_nonsparse/148.run.job to the cluster
sbatch: NOTE: Your memory request of 131072M was likely submitted as 128G. Please note that Slurm interprets memory requests denominated in G as multiples of 1024M, not 1000M.
Submitted batch job 3291739
Submitting /home/ntamvada/projects/def-gcohenfr/ntamvada/simulations/runscripts/n400_cor_nonsparse/149.run.job to the cluster
sbatch: NOTE: Your memory request of 131072M was likely submitted as 128G. Please note that Slurm interprets memory requests denominated in G as multiples of 1024M, not 1000M.
Submitted batch job 3291780
Submitting /home/ntamvada/projects/def-gcohenfr/ntamvada/simulations/runscripts/n400_cor_nonsparse/150.run.job to the cluster
sbatch: NOTE: Your memory request of 131072M was likely submitted as 128G. Please note that Slurm interprets memory requests denominated in G as multiples of 1024M, not 1000M.
Submitted batch job 3291794
Submitting /home/ntamvada/projects/def-gcohenfr/ntamvada/simulations/runscripts/n400_cor_nonsparse/151.run.job to the cluster
sbatch: NOTE: Your memory request of 131072M was likely submitted as 128G. Please note that Slurm interprets memory requests denominated in G as multiples of 1024M, not 1000M.
Submitted batch job 3291825
Submitting /home/ntamvada/projects/def-gcohenfr/ntamvada/simulations/runscripts/n400_cor_nonsparse/152.run.job to the cluster
sbatch: NOTE: Your memory request of 131072M was likely submitted as 128G. Please note that Slurm interprets memory requests denominated in G as multiples of 1024M, not 1000M.
Submitted batch job 3291850
Submitting /home/ntamvada/projects/def-gcohenfr/ntamvada/simulations/runscripts/n400_cor_nonsparse/153.run.job to the cluster
sbatch: NOTE: Your memory request of 131072M was likely submitted as 128G. Please note that Slurm interprets memory requests denominated in G as multiples of 1024M, not 1000M.
Submitted batch job 3291860
Submitting /home/ntamvada/projects/def-gcohenfr/ntamvada/simulations/runscripts/n400_cor_nonsparse/154.run.job to the cluster
sbatch: NOTE: Your memory request of 131072M was likely submitted as 128G. Please note that Slurm interprets memory requests denominated in G as multiples of 1024M, not 1000M.
Submitted batch job 3291895
Submitting /home/ntamvada/projects/def-gcohenfr/ntamvada/simulations/runscripts/n400_cor_nonsparse/155.run.job to the cluster
sbatch: NOTE: Your memory request of 131072M was likely submitted as 128G. Please note that Slurm interprets memory requests denominated in G as multiples of 1024M, not 1000M.
Submitted batch job 3291917
Submitting /home/ntamvada/projects/def-gcohenfr/ntamvada/simulations/runscripts/n400_cor_nonsparse/156.run.job to the cluster
sbatch: NOTE: Your memory request of 131072M was likely submitted as 128G. Please note that Slurm interprets memory requests denominated in G as multiples of 1024M, not 1000M.
Submitted batch job 3291938
Submitting /home/ntamvada/projects/def-gcohenfr/ntamvada/simulations/runscripts/n400_cor_nonsparse/157.run.job to the cluster
sbatch: NOTE: Your memory request of 131072M was likely submitted as 128G. Please note that Slurm interprets memory requests denominated in G as multiples of 1024M, not 1000M.
Submitted batch job 3291961
Submitting /home/ntamvada/projects/def-gcohenfr/ntamvada/simulations/runscripts/n400_cor_nonsparse/158.run.job to the cluster
sbatch: NOTE: Your memory request of 131072M was likely submitted as 128G. Please note that Slurm interprets memory requests denominated in G as multiples of 1024M, not 1000M.
Submitted batch job 3291970
Submitting /home/ntamvada/projects/def-gcohenfr/ntamvada/simulations/runscripts/n400_cor_nonsparse/159.run.job to the cluster
sbatch: NOTE: Your memory request of 131072M was likely submitted as 128G. Please note that Slurm interprets memory requests denominated in G as multiples of 1024M, not 1000M.
Submitted batch job 3292002
Submitting /home/ntamvada/projects/def-gcohenfr/ntamvada/simulations/runscripts/n400_cor_nonsparse/160.run.job to the cluster
sbatch: NOTE: Your memory request of 131072M was likely submitted as 128G. Please note that Slurm interprets memory requests denominated in G as multiples of 1024M, not 1000M.
Submitted batch job 3292035
Submitting /home/ntamvada/projects/def-gcohenfr/ntamvada/simulations/runscripts/n400_cor_nonsparse/161.run.job to the cluster
sbatch: NOTE: Your memory request of 131072M was likely submitted as 128G. Please note that Slurm interprets memory requests denominated in G as multiples of 1024M, not 1000M.
Submitted batch job 3292057
Submitting /home/ntamvada/projects/def-gcohenfr/ntamvada/simulations/runscripts/n400_cor_nonsparse/162.run.job to the cluster
sbatch: NOTE: Your memory request of 131072M was likely submitted as 128G. Please note that Slurm interprets memory requests denominated in G as multiples of 1024M, not 1000M.
Submitted batch job 3292073
Submitting /home/ntamvada/projects/def-gcohenfr/ntamvada/simulations/runscripts/n400_cor_nonsparse/163.run.job to the cluster
sbatch: NOTE: Your memory request of 131072M was likely submitted as 128G. Please note that Slurm interprets memory requests denominated in G as multiples of 1024M, not 1000M.
Submitted batch job 3292117
Submitting /home/ntamvada/projects/def-gcohenfr/ntamvada/simulations/runscripts/n400_cor_nonsparse/164.run.job to the cluster
sbatch: NOTE: Your memory request of 131072M was likely submitted as 128G. Please note that Slurm interprets memory requests denominated in G as multiples of 1024M, not 1000M.
Submitted batch job 3292145
Submitting /home/ntamvada/projects/def-gcohenfr/ntamvada/simulations/runscripts/n400_cor_nonsparse/165.run.job to the cluster
sbatch: NOTE: Your memory request of 131072M was likely submitted as 128G. Please note that Slurm interprets memory requests denominated in G as multiples of 1024M, not 1000M.
Submitted batch job 3292160
Submitting /home/ntamvada/projects/def-gcohenfr/ntamvada/simulations/runscripts/n400_cor_nonsparse/166.run.job to the cluster
sbatch: NOTE: Your memory request of 131072M was likely submitted as 128G. Please note that Slurm interprets memory requests denominated in G as multiples of 1024M, not 1000M.
Submitted batch job 3292180
Submitting /home/ntamvada/projects/def-gcohenfr/ntamvada/simulations/runscripts/n400_cor_nonsparse/167.run.job to the cluster
sbatch: NOTE: Your memory request of 131072M was likely submitted as 128G. Please note that Slurm interprets memory requests denominated in G as multiples of 1024M, not 1000M.
Submitted batch job 3292209
Submitting /home/ntamvada/projects/def-gcohenfr/ntamvada/simulations/runscripts/n400_cor_nonsparse/168.run.job to the cluster
sbatch: NOTE: Your memory request of 131072M was likely submitted as 128G. Please note that Slurm interprets memory requests denominated in G as multiples of 1024M, not 1000M.
Submitted batch job 3292226
Submitting /home/ntamvada/projects/def-gcohenfr/ntamvada/simulations/runscripts/n400_cor_nonsparse/169.run.job to the cluster
sbatch: NOTE: Your memory request of 131072M was likely submitted as 128G. Please note that Slurm interprets memory requests denominated in G as multiples of 1024M, not 1000M.
Submitted batch job 3292243
Submitting /home/ntamvada/projects/def-gcohenfr/ntamvada/simulations/runscripts/n400_cor_nonsparse/170.run.job to the cluster
sbatch: NOTE: Your memory request of 131072M was likely submitted as 128G. Please note that Slurm interprets memory requests denominated in G as multiples of 1024M, not 1000M.
Submitted batch job 3292284
Submitting /home/ntamvada/projects/def-gcohenfr/ntamvada/simulations/runscripts/n400_cor_nonsparse/171.run.job to the cluster
sbatch: error: Batch job submission failed: Socket timed out on send/recv operation
Submitting /home/ntamvada/projects/def-gcohenfr/ntamvada/simulations/runscripts/n400_cor_nonsparse/172.run.job to the cluster
sbatch: NOTE: Your memory request of 131072M was likely submitted as 128G. Please note that Slurm interprets memory requests denominated in G as multiples of 1024M, not 1000M.
Submitted batch job 3292399
Submitting /home/ntamvada/projects/def-gcohenfr/ntamvada/simulations/runscripts/n400_cor_nonsparse/173.run.job to the cluster
sbatch: NOTE: Your memory request of 131072M was likely submitted as 128G. Please note that Slurm interprets memory requests denominated in G as multiples of 1024M, not 1000M.
Submitted batch job 3292438
Submitting /home/ntamvada/projects/def-gcohenfr/ntamvada/simulations/runscripts/n400_cor_nonsparse/174.run.job to the cluster
sbatch: NOTE: Your memory request of 131072M was likely submitted as 128G. Please note that Slurm interprets memory requests denominated in G as multiples of 1024M, not 1000M.
Submitted batch job 3292459
Submitting /home/ntamvada/projects/def-gcohenfr/ntamvada/simulations/runscripts/n400_cor_nonsparse/175.run.job to the cluster
sbatch: NOTE: Your memory request of 131072M was likely submitted as 128G. Please note that Slurm interprets memory requests denominated in G as multiples of 1024M, not 1000M.
Submitted batch job 3292509
Submitting /home/ntamvada/projects/def-gcohenfr/ntamvada/simulations/runscripts/n400_cor_nonsparse/176.run.job to the cluster
sbatch: NOTE: Your memory request of 131072M was likely submitted as 128G. Please note that Slurm interprets memory requests denominated in G as multiples of 1024M, not 1000M.
Submitted batch job 3292535
Submitting /home/ntamvada/projects/def-gcohenfr/ntamvada/simulations/runscripts/n400_cor_nonsparse/177.run.job to the cluster
sbatch: NOTE: Your memory request of 131072M was likely submitted as 128G. Please note that Slurm interprets memory requests denominated in G as multiples of 1024M, not 1000M.
Submitted batch job 3292568
Submitting /home/ntamvada/projects/def-gcohenfr/ntamvada/simulations/runscripts/n400_cor_nonsparse/178.run.job to the cluster
slurmstepd: error: *** JOB 3235623 ON cdr695 CANCELLED AT 2023-06-01T23:47:16 DUE TO TIME LIMIT ***
