Submitting /home/ntamvada/projects/def-gcohenfr/ntamvada/simulations/runscripts/n400_cor_nonsparse/1.run.job to the cluster
sbatch: NOTE: Your memory request of 131072M was likely submitted as 128G. Please note that Slurm interprets memory requests denominated in G as multiples of 1024M, not 1000M.
Submitted batch job 3286531
Submitting /home/ntamvada/projects/def-gcohenfr/ntamvada/simulations/runscripts/n400_cor_nonsparse/2.run.job to the cluster
sbatch: NOTE: Your memory request of 131072M was likely submitted as 128G. Please note that Slurm interprets memory requests denominated in G as multiples of 1024M, not 1000M.
Submitted batch job 3286553
Submitting /home/ntamvada/projects/def-gcohenfr/ntamvada/simulations/runscripts/n400_cor_nonsparse/3.run.job to the cluster
sbatch: error: Batch script is empty!
Submitting /home/ntamvada/projects/def-gcohenfr/ntamvada/simulations/runscripts/n400_cor_nonsparse/4.run.job to the cluster
sbatch: NOTE: Your memory request of 131072M was likely submitted as 128G. Please note that Slurm interprets memory requests denominated in G as multiples of 1024M, not 1000M.
Submitted batch job 3286575
Submitting /home/ntamvada/projects/def-gcohenfr/ntamvada/simulations/runscripts/n400_cor_nonsparse/5.run.job to the cluster
sbatch: NOTE: Your memory request of 131072M was likely submitted as 128G. Please note that Slurm interprets memory requests denominated in G as multiples of 1024M, not 1000M.
Submitted batch job 3286606
Submitting /home/ntamvada/projects/def-gcohenfr/ntamvada/simulations/runscripts/n400_cor_nonsparse/6.run.job to the cluster
sbatch: NOTE: Your memory request of 131072M was likely submitted as 128G. Please note that Slurm interprets memory requests denominated in G as multiples of 1024M, not 1000M.
Submitted batch job 3286662
Submitting /home/ntamvada/projects/def-gcohenfr/ntamvada/simulations/runscripts/n400_cor_nonsparse/7.run.job to the cluster
sbatch: NOTE: Your memory request of 131072M was likely submitted as 128G. Please note that Slurm interprets memory requests denominated in G as multiples of 1024M, not 1000M.
Submitted batch job 3286687
Submitting /home/ntamvada/projects/def-gcohenfr/ntamvada/simulations/runscripts/n400_cor_nonsparse/8.run.job to the cluster
sbatch: NOTE: Your memory request of 131072M was likely submitted as 128G. Please note that Slurm interprets memory requests denominated in G as multiples of 1024M, not 1000M.
Submitted batch job 3286706
Submitting /home/ntamvada/projects/def-gcohenfr/ntamvada/simulations/runscripts/n400_cor_nonsparse/9.run.job to the cluster
sbatch: NOTE: Your memory request of 131072M was likely submitted as 128G. Please note that Slurm interprets memory requests denominated in G as multiples of 1024M, not 1000M.
Submitted batch job 3286799
Submitting /home/ntamvada/projects/def-gcohenfr/ntamvada/simulations/runscripts/n400_cor_nonsparse/10.run.job to the cluster
sbatch: NOTE: Your memory request of 131072M was likely submitted as 128G. Please note that Slurm interprets memory requests denominated in G as multiples of 1024M, not 1000M.
Submitted batch job 3286861
Submitting /home/ntamvada/projects/def-gcohenfr/ntamvada/simulations/runscripts/n400_cor_nonsparse/11.run.job to the cluster
sbatch: NOTE: Your memory request of 131072M was likely submitted as 128G. Please note that Slurm interprets memory requests denominated in G as multiples of 1024M, not 1000M.
Submitted batch job 3286887
Submitting /home/ntamvada/projects/def-gcohenfr/ntamvada/simulations/runscripts/n400_cor_nonsparse/12.run.job to the cluster
sbatch: NOTE: Your memory request of 131072M was likely submitted as 128G. Please note that Slurm interprets memory requests denominated in G as multiples of 1024M, not 1000M.
Submitted batch job 3286907
Submitting /home/ntamvada/projects/def-gcohenfr/ntamvada/simulations/runscripts/n400_cor_nonsparse/13.run.job to the cluster
sbatch: NOTE: Your memory request of 131072M was likely submitted as 128G. Please note that Slurm interprets memory requests denominated in G as multiples of 1024M, not 1000M.
Submitted batch job 3286925
Submitting /home/ntamvada/projects/def-gcohenfr/ntamvada/simulations/runscripts/n400_cor_nonsparse/14.run.job to the cluster
sbatch: NOTE: Your memory request of 131072M was likely submitted as 128G. Please note that Slurm interprets memory requests denominated in G as multiples of 1024M, not 1000M.
Submitted batch job 3286953
Submitting /home/ntamvada/projects/def-gcohenfr/ntamvada/simulations/runscripts/n400_cor_nonsparse/15.run.job to the cluster
sbatch: NOTE: Your memory request of 131072M was likely submitted as 128G. Please note that Slurm interprets memory requests denominated in G as multiples of 1024M, not 1000M.
Submitted batch job 3286988
Submitting /home/ntamvada/projects/def-gcohenfr/ntamvada/simulations/runscripts/n400_cor_nonsparse/16.run.job to the cluster
sbatch: NOTE: Your memory request of 131072M was likely submitted as 128G. Please note that Slurm interprets memory requests denominated in G as multiples of 1024M, not 1000M.
Submitted batch job 3287013
Submitting /home/ntamvada/projects/def-gcohenfr/ntamvada/simulations/runscripts/n400_cor_nonsparse/17.run.job to the cluster
sbatch: NOTE: Your memory request of 131072M was likely submitted as 128G. Please note that Slurm interprets memory requests denominated in G as multiples of 1024M, not 1000M.
Submitted batch job 3287024
Submitting /home/ntamvada/projects/def-gcohenfr/ntamvada/simulations/runscripts/n400_cor_nonsparse/18.run.job to the cluster
sbatch: NOTE: Your memory request of 131072M was likely submitted as 128G. Please note that Slurm interprets memory requests denominated in G as multiples of 1024M, not 1000M.
Submitted batch job 3287056
Submitting /home/ntamvada/projects/def-gcohenfr/ntamvada/simulations/runscripts/n400_cor_nonsparse/19.run.job to the cluster
sbatch: NOTE: Your memory request of 131072M was likely submitted as 128G. Please note that Slurm interprets memory requests denominated in G as multiples of 1024M, not 1000M.
Submitted batch job 3287074
Submitting /home/ntamvada/projects/def-gcohenfr/ntamvada/simulations/runscripts/n400_cor_nonsparse/20.run.job to the cluster
sbatch: NOTE: Your memory request of 131072M was likely submitted as 128G. Please note that Slurm interprets memory requests denominated in G as multiples of 1024M, not 1000M.
Submitted batch job 3287094
Submitting /home/ntamvada/projects/def-gcohenfr/ntamvada/simulations/runscripts/n400_cor_nonsparse/21.run.job to the cluster
sbatch: NOTE: Your memory request of 131072M was likely submitted as 128G. Please note that Slurm interprets memory requests denominated in G as multiples of 1024M, not 1000M.
Submitted batch job 3287107
Submitting /home/ntamvada/projects/def-gcohenfr/ntamvada/simulations/runscripts/n400_cor_nonsparse/22.run.job to the cluster
sbatch: NOTE: Your memory request of 131072M was likely submitted as 128G. Please note that Slurm interprets memory requests denominated in G as multiples of 1024M, not 1000M.
Submitted batch job 3287133
Submitting /home/ntamvada/projects/def-gcohenfr/ntamvada/simulations/runscripts/n400_cor_nonsparse/23.run.job to the cluster
sbatch: NOTE: Your memory request of 131072M was likely submitted as 128G. Please note that Slurm interprets memory requests denominated in G as multiples of 1024M, not 1000M.
Submitted batch job 3287228
Submitting /home/ntamvada/projects/def-gcohenfr/ntamvada/simulations/runscripts/n400_cor_nonsparse/24.run.job to the cluster
sbatch: NOTE: Your memory request of 131072M was likely submitted as 128G. Please note that Slurm interprets memory requests denominated in G as multiples of 1024M, not 1000M.
Submitted batch job 3287266
Submitting /home/ntamvada/projects/def-gcohenfr/ntamvada/simulations/runscripts/n400_cor_nonsparse/25.run.job to the cluster
sbatch: NOTE: Your memory request of 131072M was likely submitted as 128G. Please note that Slurm interprets memory requests denominated in G as multiples of 1024M, not 1000M.
Submitted batch job 3287308
Submitting /home/ntamvada/projects/def-gcohenfr/ntamvada/simulations/runscripts/n400_cor_nonsparse/26.run.job to the cluster
sbatch: NOTE: Your memory request of 131072M was likely submitted as 128G. Please note that Slurm interprets memory requests denominated in G as multiples of 1024M, not 1000M.
Submitted batch job 3287346
Submitting /home/ntamvada/projects/def-gcohenfr/ntamvada/simulations/runscripts/n400_cor_nonsparse/27.run.job to the cluster
sbatch: NOTE: Your memory request of 131072M was likely submitted as 128G. Please note that Slurm interprets memory requests denominated in G as multiples of 1024M, not 1000M.
Submitted batch job 3287437
Submitting /home/ntamvada/projects/def-gcohenfr/ntamvada/simulations/runscripts/n400_cor_nonsparse/28.run.job to the cluster
sbatch: NOTE: Your memory request of 131072M was likely submitted as 128G. Please note that Slurm interprets memory requests denominated in G as multiples of 1024M, not 1000M.
Submitted batch job 3287465
Submitting /home/ntamvada/projects/def-gcohenfr/ntamvada/simulations/runscripts/n400_cor_nonsparse/29.run.job to the cluster
sbatch: NOTE: Your memory request of 131072M was likely submitted as 128G. Please note that Slurm interprets memory requests denominated in G as multiples of 1024M, not 1000M.
Submitted batch job 3287486
Submitting /home/ntamvada/projects/def-gcohenfr/ntamvada/simulations/runscripts/n400_cor_nonsparse/30.run.job to the cluster
sbatch: NOTE: Your memory request of 131072M was likely submitted as 128G. Please note that Slurm interprets memory requests denominated in G as multiples of 1024M, not 1000M.
Submitted batch job 3287525
Submitting /home/ntamvada/projects/def-gcohenfr/ntamvada/simulations/runscripts/n400_cor_nonsparse/31.run.job to the cluster
sbatch: NOTE: Your memory request of 131072M was likely submitted as 128G. Please note that Slurm interprets memory requests denominated in G as multiples of 1024M, not 1000M.
Submitted batch job 3287588
Submitting /home/ntamvada/projects/def-gcohenfr/ntamvada/simulations/runscripts/n400_cor_nonsparse/32.run.job to the cluster
sbatch: NOTE: Your memory request of 131072M was likely submitted as 128G. Please note that Slurm interprets memory requests denominated in G as multiples of 1024M, not 1000M.
Submitted batch job 3287616
Submitting /home/ntamvada/projects/def-gcohenfr/ntamvada/simulations/runscripts/n400_cor_nonsparse/33.run.job to the cluster
sbatch: NOTE: Your memory request of 131072M was likely submitted as 128G. Please note that Slurm interprets memory requests denominated in G as multiples of 1024M, not 1000M.
Submitted batch job 3287622
Submitting /home/ntamvada/projects/def-gcohenfr/ntamvada/simulations/runscripts/n400_cor_nonsparse/34.run.job to the cluster
sbatch: NOTE: Your memory request of 131072M was likely submitted as 128G. Please note that Slurm interprets memory requests denominated in G as multiples of 1024M, not 1000M.
Submitted batch job 3287679
Submitting /home/ntamvada/projects/def-gcohenfr/ntamvada/simulations/runscripts/n400_cor_nonsparse/35.run.job to the cluster
sbatch: NOTE: Your memory request of 131072M was likely submitted as 128G. Please note that Slurm interprets memory requests denominated in G as multiples of 1024M, not 1000M.
Submitted batch job 3287694
Submitting /home/ntamvada/projects/def-gcohenfr/ntamvada/simulations/runscripts/n400_cor_nonsparse/36.run.job to the cluster
sbatch: NOTE: Your memory request of 131072M was likely submitted as 128G. Please note that Slurm interprets memory requests denominated in G as multiples of 1024M, not 1000M.
Submitted batch job 3287725
Submitting /home/ntamvada/projects/def-gcohenfr/ntamvada/simulations/runscripts/n400_cor_nonsparse/37.run.job to the cluster
sbatch: NOTE: Your memory request of 131072M was likely submitted as 128G. Please note that Slurm interprets memory requests denominated in G as multiples of 1024M, not 1000M.
Submitted batch job 3287791
Submitting /home/ntamvada/projects/def-gcohenfr/ntamvada/simulations/runscripts/n400_cor_nonsparse/38.run.job to the cluster
sbatch: NOTE: Your memory request of 131072M was likely submitted as 128G. Please note that Slurm interprets memory requests denominated in G as multiples of 1024M, not 1000M.
Submitted batch job 3287812
Submitting /home/ntamvada/projects/def-gcohenfr/ntamvada/simulations/runscripts/n400_cor_nonsparse/39.run.job to the cluster
sbatch: NOTE: Your memory request of 131072M was likely submitted as 128G. Please note that Slurm interprets memory requests denominated in G as multiples of 1024M, not 1000M.
Submitted batch job 3287834
Submitting /home/ntamvada/projects/def-gcohenfr/ntamvada/simulations/runscripts/n400_cor_nonsparse/40.run.job to the cluster
sbatch: NOTE: Your memory request of 131072M was likely submitted as 128G. Please note that Slurm interprets memory requests denominated in G as multiples of 1024M, not 1000M.
Submitted batch job 3287846
Submitting /home/ntamvada/projects/def-gcohenfr/ntamvada/simulations/runscripts/n400_cor_nonsparse/41.run.job to the cluster
sbatch: NOTE: Your memory request of 131072M was likely submitted as 128G. Please note that Slurm interprets memory requests denominated in G as multiples of 1024M, not 1000M.
Submitted batch job 3287886
Submitting /home/ntamvada/projects/def-gcohenfr/ntamvada/simulations/runscripts/n400_cor_nonsparse/42.run.job to the cluster
sbatch: NOTE: Your memory request of 131072M was likely submitted as 128G. Please note that Slurm interprets memory requests denominated in G as multiples of 1024M, not 1000M.
Submitted batch job 3287918
Submitting /home/ntamvada/projects/def-gcohenfr/ntamvada/simulations/runscripts/n400_cor_nonsparse/43.run.job to the cluster
sbatch: NOTE: Your memory request of 131072M was likely submitted as 128G. Please note that Slurm interprets memory requests denominated in G as multiples of 1024M, not 1000M.
Submitted batch job 3287958
Submitting /home/ntamvada/projects/def-gcohenfr/ntamvada/simulations/runscripts/n400_cor_nonsparse/44.run.job to the cluster
sbatch: NOTE: Your memory request of 131072M was likely submitted as 128G. Please note that Slurm interprets memory requests denominated in G as multiples of 1024M, not 1000M.
Submitted batch job 3287977
Submitting /home/ntamvada/projects/def-gcohenfr/ntamvada/simulations/runscripts/n400_cor_nonsparse/45.run.job to the cluster
sbatch: NOTE: Your memory request of 131072M was likely submitted as 128G. Please note that Slurm interprets memory requests denominated in G as multiples of 1024M, not 1000M.
Submitted batch job 3288014
Submitting /home/ntamvada/projects/def-gcohenfr/ntamvada/simulations/runscripts/n400_cor_nonsparse/46.run.job to the cluster
sbatch: NOTE: Your memory request of 131072M was likely submitted as 128G. Please note that Slurm interprets memory requests denominated in G as multiples of 1024M, not 1000M.
Submitted batch job 3288057
Submitting /home/ntamvada/projects/def-gcohenfr/ntamvada/simulations/runscripts/n400_cor_nonsparse/47.run.job to the cluster
sbatch: NOTE: Your memory request of 131072M was likely submitted as 128G. Please note that Slurm interprets memory requests denominated in G as multiples of 1024M, not 1000M.
Submitted batch job 3288142
Submitting /home/ntamvada/projects/def-gcohenfr/ntamvada/simulations/runscripts/n400_cor_nonsparse/48.run.job to the cluster
sbatch: NOTE: Your memory request of 131072M was likely submitted as 128G. Please note that Slurm interprets memory requests denominated in G as multiples of 1024M, not 1000M.
Submitted batch job 3288260
Submitting /home/ntamvada/projects/def-gcohenfr/ntamvada/simulations/runscripts/n400_cor_nonsparse/49.run.job to the cluster
sbatch: NOTE: Your memory request of 131072M was likely submitted as 128G. Please note that Slurm interprets memory requests denominated in G as multiples of 1024M, not 1000M.
Submitted batch job 3288327
Submitting /home/ntamvada/projects/def-gcohenfr/ntamvada/simulations/runscripts/n400_cor_nonsparse/50.run.job to the cluster
sbatch: NOTE: Your memory request of 131072M was likely submitted as 128G. Please note that Slurm interprets memory requests denominated in G as multiples of 1024M, not 1000M.
Submitted batch job 3288344
Submitting /home/ntamvada/projects/def-gcohenfr/ntamvada/simulations/runscripts/n400_cor_nonsparse/51.run.job to the cluster
sbatch: NOTE: Your memory request of 131072M was likely submitted as 128G. Please note that Slurm interprets memory requests denominated in G as multiples of 1024M, not 1000M.
Submitted batch job 3288368
Submitting /home/ntamvada/projects/def-gcohenfr/ntamvada/simulations/runscripts/n400_cor_nonsparse/52.run.job to the cluster
sbatch: NOTE: Your memory request of 131072M was likely submitted as 128G. Please note that Slurm interprets memory requests denominated in G as multiples of 1024M, not 1000M.
Submitted batch job 3288394
Submitting /home/ntamvada/projects/def-gcohenfr/ntamvada/simulations/runscripts/n400_cor_nonsparse/53.run.job to the cluster
sbatch: NOTE: Your memory request of 131072M was likely submitted as 128G. Please note that Slurm interprets memory requests denominated in G as multiples of 1024M, not 1000M.
Submitted batch job 3288417
Submitting /home/ntamvada/projects/def-gcohenfr/ntamvada/simulations/runscripts/n400_cor_nonsparse/54.run.job to the cluster
sbatch: NOTE: Your memory request of 131072M was likely submitted as 128G. Please note that Slurm interprets memory requests denominated in G as multiples of 1024M, not 1000M.
Submitted batch job 3288452
Submitting /home/ntamvada/projects/def-gcohenfr/ntamvada/simulations/runscripts/n400_cor_nonsparse/55.run.job to the cluster
sbatch: NOTE: Your memory request of 131072M was likely submitted as 128G. Please note that Slurm interprets memory requests denominated in G as multiples of 1024M, not 1000M.
Submitted batch job 3288476
Submitting /home/ntamvada/projects/def-gcohenfr/ntamvada/simulations/runscripts/n400_cor_nonsparse/56.run.job to the cluster
sbatch: NOTE: Your memory request of 131072M was likely submitted as 128G. Please note that Slurm interprets memory requests denominated in G as multiples of 1024M, not 1000M.
Submitted batch job 3288525
Submitting /home/ntamvada/projects/def-gcohenfr/ntamvada/simulations/runscripts/n400_cor_nonsparse/57.run.job to the cluster
sbatch: NOTE: Your memory request of 131072M was likely submitted as 128G. Please note that Slurm interprets memory requests denominated in G as multiples of 1024M, not 1000M.
Submitted batch job 3288562
Submitting /home/ntamvada/projects/def-gcohenfr/ntamvada/simulations/runscripts/n400_cor_nonsparse/58.run.job to the cluster
sbatch: NOTE: Your memory request of 131072M was likely submitted as 128G. Please note that Slurm interprets memory requests denominated in G as multiples of 1024M, not 1000M.
Submitted batch job 3288589
Submitting /home/ntamvada/projects/def-gcohenfr/ntamvada/simulations/runscripts/n400_cor_nonsparse/59.run.job to the cluster
sbatch: NOTE: Your memory request of 131072M was likely submitted as 128G. Please note that Slurm interprets memory requests denominated in G as multiples of 1024M, not 1000M.
Submitted batch job 3288612
Submitting /home/ntamvada/projects/def-gcohenfr/ntamvada/simulations/runscripts/n400_cor_nonsparse/60.run.job to the cluster
sbatch: NOTE: Your memory request of 131072M was likely submitted as 128G. Please note that Slurm interprets memory requests denominated in G as multiples of 1024M, not 1000M.
Submitted batch job 3288648
Submitting /home/ntamvada/projects/def-gcohenfr/ntamvada/simulations/runscripts/n400_cor_nonsparse/61.run.job to the cluster
sbatch: NOTE: Your memory request of 131072M was likely submitted as 128G. Please note that Slurm interprets memory requests denominated in G as multiples of 1024M, not 1000M.
Submitted batch job 3288668
Submitting /home/ntamvada/projects/def-gcohenfr/ntamvada/simulations/runscripts/n400_cor_nonsparse/62.run.job to the cluster
sbatch: NOTE: Your memory request of 131072M was likely submitted as 128G. Please note that Slurm interprets memory requests denominated in G as multiples of 1024M, not 1000M.
Submitted batch job 3288705
Submitting /home/ntamvada/projects/def-gcohenfr/ntamvada/simulations/runscripts/n400_cor_nonsparse/63.run.job to the cluster
sbatch: NOTE: Your memory request of 131072M was likely submitted as 128G. Please note that Slurm interprets memory requests denominated in G as multiples of 1024M, not 1000M.
Submitted batch job 3288761
Submitting /home/ntamvada/projects/def-gcohenfr/ntamvada/simulations/runscripts/n400_cor_nonsparse/64.run.job to the cluster
sbatch: NOTE: Your memory request of 131072M was likely submitted as 128G. Please note that Slurm interprets memory requests denominated in G as multiples of 1024M, not 1000M.
Submitted batch job 3288764
Submitting /home/ntamvada/projects/def-gcohenfr/ntamvada/simulations/runscripts/n400_cor_nonsparse/65.run.job to the cluster
sbatch: NOTE: Your memory request of 131072M was likely submitted as 128G. Please note that Slurm interprets memory requests denominated in G as multiples of 1024M, not 1000M.
Submitted batch job 3288797
Submitting /home/ntamvada/projects/def-gcohenfr/ntamvada/simulations/runscripts/n400_cor_nonsparse/66.run.job to the cluster
sbatch: NOTE: Your memory request of 131072M was likely submitted as 128G. Please note that Slurm interprets memory requests denominated in G as multiples of 1024M, not 1000M.
Submitted batch job 3288811
Submitting /home/ntamvada/projects/def-gcohenfr/ntamvada/simulations/runscripts/n400_cor_nonsparse/67.run.job to the cluster
sbatch: NOTE: Your memory request of 131072M was likely submitted as 128G. Please note that Slurm interprets memory requests denominated in G as multiples of 1024M, not 1000M.
Submitted batch job 3288851
Submitting /home/ntamvada/projects/def-gcohenfr/ntamvada/simulations/runscripts/n400_cor_nonsparse/68.run.job to the cluster
sbatch: NOTE: Your memory request of 131072M was likely submitted as 128G. Please note that Slurm interprets memory requests denominated in G as multiples of 1024M, not 1000M.
Submitted batch job 3288880
Submitting /home/ntamvada/projects/def-gcohenfr/ntamvada/simulations/runscripts/n400_cor_nonsparse/69.run.job to the cluster
sbatch: NOTE: Your memory request of 131072M was likely submitted as 128G. Please note that Slurm interprets memory requests denominated in G as multiples of 1024M, not 1000M.
Submitted batch job 3288898
Submitting /home/ntamvada/projects/def-gcohenfr/ntamvada/simulations/runscripts/n400_cor_nonsparse/70.run.job to the cluster
sbatch: NOTE: Your memory request of 131072M was likely submitted as 128G. Please note that Slurm interprets memory requests denominated in G as multiples of 1024M, not 1000M.
Submitted batch job 3288931
Submitting /home/ntamvada/projects/def-gcohenfr/ntamvada/simulations/runscripts/n400_cor_nonsparse/71.run.job to the cluster
sbatch: NOTE: Your memory request of 131072M was likely submitted as 128G. Please note that Slurm interprets memory requests denominated in G as multiples of 1024M, not 1000M.
Submitted batch job 3288968
Submitting /home/ntamvada/projects/def-gcohenfr/ntamvada/simulations/runscripts/n400_cor_nonsparse/72.run.job to the cluster
sbatch: NOTE: Your memory request of 131072M was likely submitted as 128G. Please note that Slurm interprets memory requests denominated in G as multiples of 1024M, not 1000M.
Submitted batch job 3288973
Submitting /home/ntamvada/projects/def-gcohenfr/ntamvada/simulations/runscripts/n400_cor_nonsparse/73.run.job to the cluster
sbatch: NOTE: Your memory request of 131072M was likely submitted as 128G. Please note that Slurm interprets memory requests denominated in G as multiples of 1024M, not 1000M.
Submitted batch job 3289019
Submitting /home/ntamvada/projects/def-gcohenfr/ntamvada/simulations/runscripts/n400_cor_nonsparse/74.run.job to the cluster
sbatch: NOTE: Your memory request of 131072M was likely submitted as 128G. Please note that Slurm interprets memory requests denominated in G as multiples of 1024M, not 1000M.
Submitted batch job 3289030
Submitting /home/ntamvada/projects/def-gcohenfr/ntamvada/simulations/runscripts/n400_cor_nonsparse/75.run.job to the cluster
sbatch: NOTE: Your memory request of 131072M was likely submitted as 128G. Please note that Slurm interprets memory requests denominated in G as multiples of 1024M, not 1000M.
Submitted batch job 3289086
Submitting /home/ntamvada/projects/def-gcohenfr/ntamvada/simulations/runscripts/n400_cor_nonsparse/76.run.job to the cluster
sbatch: NOTE: Your memory request of 131072M was likely submitted as 128G. Please note that Slurm interprets memory requests denominated in G as multiples of 1024M, not 1000M.
Submitted batch job 3289135
Submitting /home/ntamvada/projects/def-gcohenfr/ntamvada/simulations/runscripts/n400_cor_nonsparse/77.run.job to the cluster
sbatch: NOTE: Your memory request of 131072M was likely submitted as 128G. Please note that Slurm interprets memory requests denominated in G as multiples of 1024M, not 1000M.
Submitted batch job 3289163
Submitting /home/ntamvada/projects/def-gcohenfr/ntamvada/simulations/runscripts/n400_cor_nonsparse/78.run.job to the cluster
sbatch: NOTE: Your memory request of 131072M was likely submitted as 128G. Please note that Slurm interprets memory requests denominated in G as multiples of 1024M, not 1000M.
Submitted batch job 3289197
Submitting /home/ntamvada/projects/def-gcohenfr/ntamvada/simulations/runscripts/n400_cor_nonsparse/79.run.job to the cluster
sbatch: NOTE: Your memory request of 131072M was likely submitted as 128G. Please note that Slurm interprets memory requests denominated in G as multiples of 1024M, not 1000M.
Submitted batch job 3289225
Submitting /home/ntamvada/projects/def-gcohenfr/ntamvada/simulations/runscripts/n400_cor_nonsparse/80.run.job to the cluster
sbatch: NOTE: Your memory request of 131072M was likely submitted as 128G. Please note that Slurm interprets memory requests denominated in G as multiples of 1024M, not 1000M.
Submitted batch job 3289267
Submitting /home/ntamvada/projects/def-gcohenfr/ntamvada/simulations/runscripts/n400_cor_nonsparse/81.run.job to the cluster
sbatch: NOTE: Your memory request of 131072M was likely submitted as 128G. Please note that Slurm interprets memory requests denominated in G as multiples of 1024M, not 1000M.
Submitted batch job 3289292
Submitting /home/ntamvada/projects/def-gcohenfr/ntamvada/simulations/runscripts/n400_cor_nonsparse/82.run.job to the cluster
sbatch: NOTE: Your memory request of 131072M was likely submitted as 128G. Please note that Slurm interprets memory requests denominated in G as multiples of 1024M, not 1000M.
Submitted batch job 3289316
Submitting /home/ntamvada/projects/def-gcohenfr/ntamvada/simulations/runscripts/n400_cor_nonsparse/83.run.job to the cluster
sbatch: NOTE: Your memory request of 131072M was likely submitted as 128G. Please note that Slurm interprets memory requests denominated in G as multiples of 1024M, not 1000M.
Submitted batch job 3289336
Submitting /home/ntamvada/projects/def-gcohenfr/ntamvada/simulations/runscripts/n400_cor_nonsparse/84.run.job to the cluster
sbatch: NOTE: Your memory request of 131072M was likely submitted as 128G. Please note that Slurm interprets memory requests denominated in G as multiples of 1024M, not 1000M.
Submitted batch job 3289379
Submitting /home/ntamvada/projects/def-gcohenfr/ntamvada/simulations/runscripts/n400_cor_nonsparse/85.run.job to the cluster
sbatch: NOTE: Your memory request of 131072M was likely submitted as 128G. Please note that Slurm interprets memory requests denominated in G as multiples of 1024M, not 1000M.
Submitted batch job 3289394
Submitting /home/ntamvada/projects/def-gcohenfr/ntamvada/simulations/runscripts/n400_cor_nonsparse/86.run.job to the cluster
sbatch: NOTE: Your memory request of 131072M was likely submitted as 128G. Please note that Slurm interprets memory requests denominated in G as multiples of 1024M, not 1000M.
Submitted batch job 3289518
Submitting /home/ntamvada/projects/def-gcohenfr/ntamvada/simulations/runscripts/n400_cor_nonsparse/87.run.job to the cluster
sbatch: NOTE: Your memory request of 131072M was likely submitted as 128G. Please note that Slurm interprets memory requests denominated in G as multiples of 1024M, not 1000M.
Submitted batch job 3289543
Submitting /home/ntamvada/projects/def-gcohenfr/ntamvada/simulations/runscripts/n400_cor_nonsparse/88.run.job to the cluster
sbatch: NOTE: Your memory request of 131072M was likely submitted as 128G. Please note that Slurm interprets memory requests denominated in G as multiples of 1024M, not 1000M.
Submitted batch job 3289578
Submitting /home/ntamvada/projects/def-gcohenfr/ntamvada/simulations/runscripts/n400_cor_nonsparse/89.run.job to the cluster
sbatch: NOTE: Your memory request of 131072M was likely submitted as 128G. Please note that Slurm interprets memory requests denominated in G as multiples of 1024M, not 1000M.
Submitted batch job 3289639
Submitting /home/ntamvada/projects/def-gcohenfr/ntamvada/simulations/runscripts/n400_cor_nonsparse/90.run.job to the cluster
sbatch: NOTE: Your memory request of 131072M was likely submitted as 128G. Please note that Slurm interprets memory requests denominated in G as multiples of 1024M, not 1000M.
Submitted batch job 3289659
Submitting /home/ntamvada/projects/def-gcohenfr/ntamvada/simulations/runscripts/n400_cor_nonsparse/91.run.job to the cluster
sbatch: NOTE: Your memory request of 131072M was likely submitted as 128G. Please note that Slurm interprets memory requests denominated in G as multiples of 1024M, not 1000M.
Submitted batch job 3289699
Submitting /home/ntamvada/projects/def-gcohenfr/ntamvada/simulations/runscripts/n400_cor_nonsparse/92.run.job to the cluster
sbatch: NOTE: Your memory request of 131072M was likely submitted as 128G. Please note that Slurm interprets memory requests denominated in G as multiples of 1024M, not 1000M.
Submitted batch job 3289707
Submitting /home/ntamvada/projects/def-gcohenfr/ntamvada/simulations/runscripts/n400_cor_nonsparse/93.run.job to the cluster
sbatch: NOTE: Your memory request of 131072M was likely submitted as 128G. Please note that Slurm interprets memory requests denominated in G as multiples of 1024M, not 1000M.
Submitted batch job 3289736
Submitting /home/ntamvada/projects/def-gcohenfr/ntamvada/simulations/runscripts/n400_cor_nonsparse/94.run.job to the cluster
sbatch: NOTE: Your memory request of 131072M was likely submitted as 128G. Please note that Slurm interprets memory requests denominated in G as multiples of 1024M, not 1000M.
Submitted batch job 3289767
Submitting /home/ntamvada/projects/def-gcohenfr/ntamvada/simulations/runscripts/n400_cor_nonsparse/95.run.job to the cluster
sbatch: NOTE: Your memory request of 131072M was likely submitted as 128G. Please note that Slurm interprets memory requests denominated in G as multiples of 1024M, not 1000M.
Submitted batch job 3289822
Submitting /home/ntamvada/projects/def-gcohenfr/ntamvada/simulations/runscripts/n400_cor_nonsparse/96.run.job to the cluster
sbatch: NOTE: Your memory request of 131072M was likely submitted as 128G. Please note that Slurm interprets memory requests denominated in G as multiples of 1024M, not 1000M.
Submitted batch job 3289890
Submitting /home/ntamvada/projects/def-gcohenfr/ntamvada/simulations/runscripts/n400_cor_nonsparse/97.run.job to the cluster
sbatch: NOTE: Your memory request of 131072M was likely submitted as 128G. Please note that Slurm interprets memory requests denominated in G as multiples of 1024M, not 1000M.
Submitted batch job 3289911
Submitting /home/ntamvada/projects/def-gcohenfr/ntamvada/simulations/runscripts/n400_cor_nonsparse/98.run.job to the cluster
sbatch: NOTE: Your memory request of 131072M was likely submitted as 128G. Please note that Slurm interprets memory requests denominated in G as multiples of 1024M, not 1000M.
Submitted batch job 3290058
Submitting /home/ntamvada/projects/def-gcohenfr/ntamvada/simulations/runscripts/n400_cor_nonsparse/99.run.job to the cluster
sbatch: NOTE: Your memory request of 131072M was likely submitted as 128G. Please note that Slurm interprets memory requests denominated in G as multiples of 1024M, not 1000M.
Submitted batch job 3290085
Submitting /home/ntamvada/projects/def-gcohenfr/ntamvada/simulations/runscripts/n400_cor_nonsparse/100.run.job to the cluster
sbatch: NOTE: Your memory request of 131072M was likely submitted as 128G. Please note that Slurm interprets memory requests denominated in G as multiples of 1024M, not 1000M.
Submitted batch job 3290127
Submitting /home/ntamvada/projects/def-gcohenfr/ntamvada/simulations/runscripts/n400_cor_nonsparse/101.run.job to the cluster
sbatch: NOTE: Your memory request of 131072M was likely submitted as 128G. Please note that Slurm interprets memory requests denominated in G as multiples of 1024M, not 1000M.
Submitted batch job 3290170
Submitting /home/ntamvada/projects/def-gcohenfr/ntamvada/simulations/runscripts/n400_cor_nonsparse/102.run.job to the cluster
sbatch: NOTE: Your memory request of 131072M was likely submitted as 128G. Please note that Slurm interprets memory requests denominated in G as multiples of 1024M, not 1000M.
Submitted batch job 3290194
Submitting /home/ntamvada/projects/def-gcohenfr/ntamvada/simulations/runscripts/n400_cor_nonsparse/103.run.job to the cluster
sbatch: NOTE: Your memory request of 131072M was likely submitted as 128G. Please note that Slurm interprets memory requests denominated in G as multiples of 1024M, not 1000M.
Submitted batch job 3290234
Submitting /home/ntamvada/projects/def-gcohenfr/ntamvada/simulations/runscripts/n400_cor_nonsparse/104.run.job to the cluster
sbatch: NOTE: Your memory request of 131072M was likely submitted as 128G. Please note that Slurm interprets memory requests denominated in G as multiples of 1024M, not 1000M.
Submitted batch job 3290274
Submitting /home/ntamvada/projects/def-gcohenfr/ntamvada/simulations/runscripts/n400_cor_nonsparse/105.run.job to the cluster
sbatch: NOTE: Your memory request of 131072M was likely submitted as 128G. Please note that Slurm interprets memory requests denominated in G as multiples of 1024M, not 1000M.
Submitted batch job 3290303
Submitting /home/ntamvada/projects/def-gcohenfr/ntamvada/simulations/runscripts/n400_cor_nonsparse/106.run.job to the cluster
sbatch: NOTE: Your memory request of 131072M was likely submitted as 128G. Please note that Slurm interprets memory requests denominated in G as multiples of 1024M, not 1000M.
Submitted batch job 3290353
Submitting /home/ntamvada/projects/def-gcohenfr/ntamvada/simulations/runscripts/n400_cor_nonsparse/107.run.job to the cluster
sbatch: NOTE: Your memory request of 131072M was likely submitted as 128G. Please note that Slurm interprets memory requests denominated in G as multiples of 1024M, not 1000M.
Submitted batch job 3290378
Submitting /home/ntamvada/projects/def-gcohenfr/ntamvada/simulations/runscripts/n400_cor_nonsparse/108.run.job to the cluster
sbatch: NOTE: Your memory request of 131072M was likely submitted as 128G. Please note that Slurm interprets memory requests denominated in G as multiples of 1024M, not 1000M.
Submitted batch job 3290404
Submitting /home/ntamvada/projects/def-gcohenfr/ntamvada/simulations/runscripts/n400_cor_nonsparse/109.run.job to the cluster
sbatch: NOTE: Your memory request of 131072M was likely submitted as 128G. Please note that Slurm interprets memory requests denominated in G as multiples of 1024M, not 1000M.
Submitted batch job 3290421
Submitting /home/ntamvada/projects/def-gcohenfr/ntamvada/simulations/runscripts/n400_cor_nonsparse/110.run.job to the cluster
sbatch: NOTE: Your memory request of 131072M was likely submitted as 128G. Please note that Slurm interprets memory requests denominated in G as multiples of 1024M, not 1000M.
Submitted batch job 3290434
Submitting /home/ntamvada/projects/def-gcohenfr/ntamvada/simulations/runscripts/n400_cor_nonsparse/111.run.job to the cluster
sbatch: NOTE: Your memory request of 131072M was likely submitted as 128G. Please note that Slurm interprets memory requests denominated in G as multiples of 1024M, not 1000M.
Submitted batch job 3290476
Submitting /home/ntamvada/projects/def-gcohenfr/ntamvada/simulations/runscripts/n400_cor_nonsparse/112.run.job to the cluster
sbatch: NOTE: Your memory request of 131072M was likely submitted as 128G. Please note that Slurm interprets memory requests denominated in G as multiples of 1024M, not 1000M.
Submitted batch job 3290541
Submitting /home/ntamvada/projects/def-gcohenfr/ntamvada/simulations/runscripts/n400_cor_nonsparse/113.run.job to the cluster
sbatch: NOTE: Your memory request of 131072M was likely submitted as 128G. Please note that Slurm interprets memory requests denominated in G as multiples of 1024M, not 1000M.
Submitted batch job 3290605
Submitting /home/ntamvada/projects/def-gcohenfr/ntamvada/simulations/runscripts/n400_cor_nonsparse/114.run.job to the cluster
sbatch: NOTE: Your memory request of 131072M was likely submitted as 128G. Please note that Slurm interprets memory requests denominated in G as multiples of 1024M, not 1000M.
Submitted batch job 3290644
Submitting /home/ntamvada/projects/def-gcohenfr/ntamvada/simulations/runscripts/n400_cor_nonsparse/115.run.job to the cluster
sbatch: NOTE: Your memory request of 131072M was likely submitted as 128G. Please note that Slurm interprets memory requests denominated in G as multiples of 1024M, not 1000M.
Submitted batch job 3290715
Submitting /home/ntamvada/projects/def-gcohenfr/ntamvada/simulations/runscripts/n400_cor_nonsparse/116.run.job to the cluster
sbatch: NOTE: Your memory request of 131072M was likely submitted as 128G. Please note that Slurm interprets memory requests denominated in G as multiples of 1024M, not 1000M.
Submitted batch job 3290748
Submitting /home/ntamvada/projects/def-gcohenfr/ntamvada/simulations/runscripts/n400_cor_nonsparse/117.run.job to the cluster
sbatch: NOTE: Your memory request of 131072M was likely submitted as 128G. Please note that Slurm interprets memory requests denominated in G as multiples of 1024M, not 1000M.
Submitted batch job 3290755
Submitting /home/ntamvada/projects/def-gcohenfr/ntamvada/simulations/runscripts/n400_cor_nonsparse/118.run.job to the cluster
sbatch: NOTE: Your memory request of 131072M was likely submitted as 128G. Please note that Slurm interprets memory requests denominated in G as multiples of 1024M, not 1000M.
Submitted batch job 3290805
Submitting /home/ntamvada/projects/def-gcohenfr/ntamvada/simulations/runscripts/n400_cor_nonsparse/119.run.job to the cluster
sbatch: NOTE: Your memory request of 131072M was likely submitted as 128G. Please note that Slurm interprets memory requests denominated in G as multiples of 1024M, not 1000M.
Submitted batch job 3290842
Submitting /home/ntamvada/projects/def-gcohenfr/ntamvada/simulations/runscripts/n400_cor_nonsparse/120.run.job to the cluster
sbatch: NOTE: Your memory request of 131072M was likely submitted as 128G. Please note that Slurm interprets memory requests denominated in G as multiples of 1024M, not 1000M.
Submitted batch job 3290866
Submitting /home/ntamvada/projects/def-gcohenfr/ntamvada/simulations/runscripts/n400_cor_nonsparse/121.run.job to the cluster
sbatch: NOTE: Your memory request of 131072M was likely submitted as 128G. Please note that Slurm interprets memory requests denominated in G as multiples of 1024M, not 1000M.
Submitted batch job 3290889
Submitting /home/ntamvada/projects/def-gcohenfr/ntamvada/simulations/runscripts/n400_cor_nonsparse/122.run.job to the cluster
sbatch: NOTE: Your memory request of 131072M was likely submitted as 128G. Please note that Slurm interprets memory requests denominated in G as multiples of 1024M, not 1000M.
Submitted batch job 3290914
Submitting /home/ntamvada/projects/def-gcohenfr/ntamvada/simulations/runscripts/n400_cor_nonsparse/123.run.job to the cluster
sbatch: NOTE: Your memory request of 131072M was likely submitted as 128G. Please note that Slurm interprets memory requests denominated in G as multiples of 1024M, not 1000M.
Submitted batch job 3290958
Submitting /home/ntamvada/projects/def-gcohenfr/ntamvada/simulations/runscripts/n400_cor_nonsparse/124.run.job to the cluster
sbatch: NOTE: Your memory request of 131072M was likely submitted as 128G. Please note that Slurm interprets memory requests denominated in G as multiples of 1024M, not 1000M.
Submitted batch job 3290977
Submitting /home/ntamvada/projects/def-gcohenfr/ntamvada/simulations/runscripts/n400_cor_nonsparse/125.run.job to the cluster
sbatch: NOTE: Your memory request of 131072M was likely submitted as 128G. Please note that Slurm interprets memory requests denominated in G as multiples of 1024M, not 1000M.
Submitted batch job 3291018
Submitting /home/ntamvada/projects/def-gcohenfr/ntamvada/simulations/runscripts/n400_cor_nonsparse/126.run.job to the cluster
sbatch: NOTE: Your memory request of 131072M was likely submitted as 128G. Please note that Slurm interprets memory requests denominated in G as multiples of 1024M, not 1000M.
Submitted batch job 3291055
Submitting /home/ntamvada/projects/def-gcohenfr/ntamvada/simulations/runscripts/n400_cor_nonsparse/127.run.job to the cluster
sbatch: NOTE: Your memory request of 131072M was likely submitted as 128G. Please note that Slurm interprets memory requests denominated in G as multiples of 1024M, not 1000M.
Submitted batch job 3291066
Submitting /home/ntamvada/projects/def-gcohenfr/ntamvada/simulations/runscripts/n400_cor_nonsparse/128.run.job to the cluster
sbatch: NOTE: Your memory request of 131072M was likely submitted as 128G. Please note that Slurm interprets memory requests denominated in G as multiples of 1024M, not 1000M.
Submitted batch job 3291107
Submitting /home/ntamvada/projects/def-gcohenfr/ntamvada/simulations/runscripts/n400_cor_nonsparse/129.run.job to the cluster
sbatch: NOTE: Your memory request of 131072M was likely submitted as 128G. Please note that Slurm interprets memory requests denominated in G as multiples of 1024M, not 1000M.
Submitted batch job 3291158
Submitting /home/ntamvada/projects/def-gcohenfr/ntamvada/simulations/runscripts/n400_cor_nonsparse/130.run.job to the cluster
sbatch: NOTE: Your memory request of 131072M was likely submitted as 128G. Please note that Slurm interprets memory requests denominated in G as multiples of 1024M, not 1000M.
Submitted batch job 3291175
Submitting /home/ntamvada/projects/def-gcohenfr/ntamvada/simulations/runscripts/n400_cor_nonsparse/131.run.job to the cluster
sbatch: NOTE: Your memory request of 131072M was likely submitted as 128G. Please note that Slurm interprets memory requests denominated in G as multiples of 1024M, not 1000M.
Submitted batch job 3291197
Submitting /home/ntamvada/projects/def-gcohenfr/ntamvada/simulations/runscripts/n400_cor_nonsparse/132.run.job to the cluster
sbatch: NOTE: Your memory request of 131072M was likely submitted as 128G. Please note that Slurm interprets memory requests denominated in G as multiples of 1024M, not 1000M.
Submitted batch job 3291238
Submitting /home/ntamvada/projects/def-gcohenfr/ntamvada/simulations/runscripts/n400_cor_nonsparse/133.run.job to the cluster
sbatch: NOTE: Your memory request of 131072M was likely submitted as 128G. Please note that Slurm interprets memory requests denominated in G as multiples of 1024M, not 1000M.
Submitted batch job 3291276
Submitting /home/ntamvada/projects/def-gcohenfr/ntamvada/simulations/runscripts/n400_cor_nonsparse/134.run.job to the cluster
sbatch: NOTE: Your memory request of 131072M was likely submitted as 128G. Please note that Slurm interprets memory requests denominated in G as multiples of 1024M, not 1000M.
Submitted batch job 3291295
Submitting /home/ntamvada/projects/def-gcohenfr/ntamvada/simulations/runscripts/n400_cor_nonsparse/135.run.job to the cluster
sbatch: NOTE: Your memory request of 131072M was likely submitted as 128G. Please note that Slurm interprets memory requests denominated in G as multiples of 1024M, not 1000M.
Submitted batch job 3291335
Submitting /home/ntamvada/projects/def-gcohenfr/ntamvada/simulations/runscripts/n400_cor_nonsparse/136.run.job to the cluster
sbatch: NOTE: Your memory request of 131072M was likely submitted as 128G. Please note that Slurm interprets memory requests denominated in G as multiples of 1024M, not 1000M.
Submitted batch job 3291370
Submitting /home/ntamvada/projects/def-gcohenfr/ntamvada/simulations/runscripts/n400_cor_nonsparse/137.run.job to the cluster
sbatch: NOTE: Your memory request of 131072M was likely submitted as 128G. Please note that Slurm interprets memory requests denominated in G as multiples of 1024M, not 1000M.
Submitted batch job 3291411
Submitting /home/ntamvada/projects/def-gcohenfr/ntamvada/simulations/runscripts/n400_cor_nonsparse/138.run.job to the cluster
sbatch: NOTE: Your memory request of 131072M was likely submitted as 128G. Please note that Slurm interprets memory requests denominated in G as multiples of 1024M, not 1000M.
Submitted batch job 3291433
Submitting /home/ntamvada/projects/def-gcohenfr/ntamvada/simulations/runscripts/n400_cor_nonsparse/139.run.job to the cluster
sbatch: NOTE: Your memory request of 131072M was likely submitted as 128G. Please note that Slurm interprets memory requests denominated in G as multiples of 1024M, not 1000M.
Submitted batch job 3291476
Submitting /home/ntamvada/projects/def-gcohenfr/ntamvada/simulations/runscripts/n400_cor_nonsparse/140.run.job to the cluster
sbatch: NOTE: Your memory request of 131072M was likely submitted as 128G. Please note that Slurm interprets memory requests denominated in G as multiples of 1024M, not 1000M.
Submitted batch job 3291491
Submitting /home/ntamvada/projects/def-gcohenfr/ntamvada/simulations/runscripts/n400_cor_nonsparse/141.run.job to the cluster
sbatch: NOTE: Your memory request of 131072M was likely submitted as 128G. Please note that Slurm interprets memory requests denominated in G as multiples of 1024M, not 1000M.
Submitted batch job 3291520
Submitting /home/ntamvada/projects/def-gcohenfr/ntamvada/simulations/runscripts/n400_cor_nonsparse/142.run.job to the cluster
sbatch: NOTE: Your memory request of 131072M was likely submitted as 128G. Please note that Slurm interprets memory requests denominated in G as multiples of 1024M, not 1000M.
Submitted batch job 3291537
Submitting /home/ntamvada/projects/def-gcohenfr/ntamvada/simulations/runscripts/n400_cor_nonsparse/143.run.job to the cluster
sbatch: NOTE: Your memory request of 131072M was likely submitted as 128G. Please note that Slurm interprets memory requests denominated in G as multiples of 1024M, not 1000M.
Submitted batch job 3291550
Submitting /home/ntamvada/projects/def-gcohenfr/ntamvada/simulations/runscripts/n400_cor_nonsparse/144.run.job to the cluster
sbatch: NOTE: Your memory request of 131072M was likely submitted as 128G. Please note that Slurm interprets memory requests denominated in G as multiples of 1024M, not 1000M.
Submitted batch job 3291572
Submitting /home/ntamvada/projects/def-gcohenfr/ntamvada/simulations/runscripts/n400_cor_nonsparse/145.run.job to the cluster
sbatch: NOTE: Your memory request of 131072M was likely submitted as 128G. Please note that Slurm interprets memory requests denominated in G as multiples of 1024M, not 1000M.
Submitted batch job 3291614
Submitting /home/ntamvada/projects/def-gcohenfr/ntamvada/simulations/runscripts/n400_cor_nonsparse/146.run.job to the cluster
sbatch: NOTE: Your memory request of 131072M was likely submitted as 128G. Please note that Slurm interprets memory requests denominated in G as multiples of 1024M, not 1000M.
Submitted batch job 3291658
Submitting /home/ntamvada/projects/def-gcohenfr/ntamvada/simulations/runscripts/n400_cor_nonsparse/147.run.job to the cluster
sbatch: error: Batch job submission failed: Socket timed out on send/recv operation
Submitting /home/ntamvada/projects/def-gcohenfr/ntamvada/simulations/runscripts/n400_cor_nonsparse/148.run.job to the cluster
sbatch: NOTE: Your memory request of 131072M was likely submitted as 128G. Please note that Slurm interprets memory requests denominated in G as multiples of 1024M, not 1000M.
Submitted batch job 3291729
Submitting /home/ntamvada/projects/def-gcohenfr/ntamvada/simulations/runscripts/n400_cor_nonsparse/149.run.job to the cluster
sbatch: NOTE: Your memory request of 131072M was likely submitted as 128G. Please note that Slurm interprets memory requests denominated in G as multiples of 1024M, not 1000M.
Submitted batch job 3291764
Submitting /home/ntamvada/projects/def-gcohenfr/ntamvada/simulations/runscripts/n400_cor_nonsparse/150.run.job to the cluster
sbatch: NOTE: Your memory request of 131072M was likely submitted as 128G. Please note that Slurm interprets memory requests denominated in G as multiples of 1024M, not 1000M.
Submitted batch job 3291799
Submitting /home/ntamvada/projects/def-gcohenfr/ntamvada/simulations/runscripts/n400_cor_nonsparse/151.run.job to the cluster
sbatch: NOTE: Your memory request of 131072M was likely submitted as 128G. Please note that Slurm interprets memory requests denominated in G as multiples of 1024M, not 1000M.
Submitted batch job 3291821
Submitting /home/ntamvada/projects/def-gcohenfr/ntamvada/simulations/runscripts/n400_cor_nonsparse/152.run.job to the cluster
sbatch: NOTE: Your memory request of 131072M was likely submitted as 128G. Please note that Slurm interprets memory requests denominated in G as multiples of 1024M, not 1000M.
Submitted batch job 3291843
Submitting /home/ntamvada/projects/def-gcohenfr/ntamvada/simulations/runscripts/n400_cor_nonsparse/153.run.job to the cluster
sbatch: NOTE: Your memory request of 131072M was likely submitted as 128G. Please note that Slurm interprets memory requests denominated in G as multiples of 1024M, not 1000M.
Submitted batch job 3291861
Submitting /home/ntamvada/projects/def-gcohenfr/ntamvada/simulations/runscripts/n400_cor_nonsparse/154.run.job to the cluster
sbatch: NOTE: Your memory request of 131072M was likely submitted as 128G. Please note that Slurm interprets memory requests denominated in G as multiples of 1024M, not 1000M.
Submitted batch job 3291887
Submitting /home/ntamvada/projects/def-gcohenfr/ntamvada/simulations/runscripts/n400_cor_nonsparse/155.run.job to the cluster
sbatch: NOTE: Your memory request of 131072M was likely submitted as 128G. Please note that Slurm interprets memory requests denominated in G as multiples of 1024M, not 1000M.
Submitted batch job 3291924
Submitting /home/ntamvada/projects/def-gcohenfr/ntamvada/simulations/runscripts/n400_cor_nonsparse/156.run.job to the cluster
sbatch: NOTE: Your memory request of 131072M was likely submitted as 128G. Please note that Slurm interprets memory requests denominated in G as multiples of 1024M, not 1000M.
Submitted batch job 3291950
Submitting /home/ntamvada/projects/def-gcohenfr/ntamvada/simulations/runscripts/n400_cor_nonsparse/157.run.job to the cluster
sbatch: NOTE: Your memory request of 131072M was likely submitted as 128G. Please note that Slurm interprets memory requests denominated in G as multiples of 1024M, not 1000M.
Submitted batch job 3291957
Submitting /home/ntamvada/projects/def-gcohenfr/ntamvada/simulations/runscripts/n400_cor_nonsparse/158.run.job to the cluster
sbatch: NOTE: Your memory request of 131072M was likely submitted as 128G. Please note that Slurm interprets memory requests denominated in G as multiples of 1024M, not 1000M.
Submitted batch job 3291980
Submitting /home/ntamvada/projects/def-gcohenfr/ntamvada/simulations/runscripts/n400_cor_nonsparse/159.run.job to the cluster
sbatch: NOTE: Your memory request of 131072M was likely submitted as 128G. Please note that Slurm interprets memory requests denominated in G as multiples of 1024M, not 1000M.
Submitted batch job 3292012
Submitting /home/ntamvada/projects/def-gcohenfr/ntamvada/simulations/runscripts/n400_cor_nonsparse/160.run.job to the cluster
sbatch: NOTE: Your memory request of 131072M was likely submitted as 128G. Please note that Slurm interprets memory requests denominated in G as multiples of 1024M, not 1000M.
Submitted batch job 3292037
Submitting /home/ntamvada/projects/def-gcohenfr/ntamvada/simulations/runscripts/n400_cor_nonsparse/161.run.job to the cluster
sbatch: NOTE: Your memory request of 131072M was likely submitted as 128G. Please note that Slurm interprets memory requests denominated in G as multiples of 1024M, not 1000M.
Submitted batch job 3292065
Submitting /home/ntamvada/projects/def-gcohenfr/ntamvada/simulations/runscripts/n400_cor_nonsparse/162.run.job to the cluster
sbatch: NOTE: Your memory request of 131072M was likely submitted as 128G. Please note that Slurm interprets memory requests denominated in G as multiples of 1024M, not 1000M.
Submitted batch job 3292090
Submitting /home/ntamvada/projects/def-gcohenfr/ntamvada/simulations/runscripts/n400_cor_nonsparse/163.run.job to the cluster
sbatch: NOTE: Your memory request of 131072M was likely submitted as 128G. Please note that Slurm interprets memory requests denominated in G as multiples of 1024M, not 1000M.
Submitted batch job 3292108
Submitting /home/ntamvada/projects/def-gcohenfr/ntamvada/simulations/runscripts/n400_cor_nonsparse/164.run.job to the cluster
sbatch: NOTE: Your memory request of 131072M was likely submitted as 128G. Please note that Slurm interprets memory requests denominated in G as multiples of 1024M, not 1000M.
Submitted batch job 3292137
Submitting /home/ntamvada/projects/def-gcohenfr/ntamvada/simulations/runscripts/n400_cor_nonsparse/165.run.job to the cluster
sbatch: NOTE: Your memory request of 131072M was likely submitted as 128G. Please note that Slurm interprets memory requests denominated in G as multiples of 1024M, not 1000M.
Submitted batch job 3292164
Submitting /home/ntamvada/projects/def-gcohenfr/ntamvada/simulations/runscripts/n400_cor_nonsparse/166.run.job to the cluster
sbatch: NOTE: Your memory request of 131072M was likely submitted as 128G. Please note that Slurm interprets memory requests denominated in G as multiples of 1024M, not 1000M.
Submitted batch job 3292192
Submitting /home/ntamvada/projects/def-gcohenfr/ntamvada/simulations/runscripts/n400_cor_nonsparse/167.run.job to the cluster
sbatch: NOTE: Your memory request of 131072M was likely submitted as 128G. Please note that Slurm interprets memory requests denominated in G as multiples of 1024M, not 1000M.
Submitted batch job 3292207
Submitting /home/ntamvada/projects/def-gcohenfr/ntamvada/simulations/runscripts/n400_cor_nonsparse/168.run.job to the cluster
sbatch: NOTE: Your memory request of 131072M was likely submitted as 128G. Please note that Slurm interprets memory requests denominated in G as multiples of 1024M, not 1000M.
Submitted batch job 3292233
Submitting /home/ntamvada/projects/def-gcohenfr/ntamvada/simulations/runscripts/n400_cor_nonsparse/169.run.job to the cluster
sbatch: NOTE: Your memory request of 131072M was likely submitted as 128G. Please note that Slurm interprets memory requests denominated in G as multiples of 1024M, not 1000M.
Submitted batch job 3292249
Submitting /home/ntamvada/projects/def-gcohenfr/ntamvada/simulations/runscripts/n400_cor_nonsparse/170.run.job to the cluster
sbatch: NOTE: Your memory request of 131072M was likely submitted as 128G. Please note that Slurm interprets memory requests denominated in G as multiples of 1024M, not 1000M.
Submitted batch job 3292279
Submitting /home/ntamvada/projects/def-gcohenfr/ntamvada/simulations/runscripts/n400_cor_nonsparse/171.run.job to the cluster
sbatch: NOTE: Your memory request of 131072M was likely submitted as 128G. Please note that Slurm interprets memory requests denominated in G as multiples of 1024M, not 1000M.
Submitted batch job 3292312
Submitting /home/ntamvada/projects/def-gcohenfr/ntamvada/simulations/runscripts/n400_cor_nonsparse/172.run.job to the cluster
sbatch: NOTE: Your memory request of 131072M was likely submitted as 128G. Please note that Slurm interprets memory requests denominated in G as multiples of 1024M, not 1000M.
Submitted batch job 3292318
Submitting /home/ntamvada/projects/def-gcohenfr/ntamvada/simulations/runscripts/n400_cor_nonsparse/173.run.job to the cluster
sbatch: NOTE: Your memory request of 131072M was likely submitted as 128G. Please note that Slurm interprets memory requests denominated in G as multiples of 1024M, not 1000M.
Submitted batch job 3292339
Submitting /home/ntamvada/projects/def-gcohenfr/ntamvada/simulations/runscripts/n400_cor_nonsparse/174.run.job to the cluster
sbatch: NOTE: Your memory request of 131072M was likely submitted as 128G. Please note that Slurm interprets memory requests denominated in G as multiples of 1024M, not 1000M.
Submitted batch job 3292371
Submitting /home/ntamvada/projects/def-gcohenfr/ntamvada/simulations/runscripts/n400_cor_nonsparse/175.run.job to the cluster
sbatch: NOTE: Your memory request of 131072M was likely submitted as 128G. Please note that Slurm interprets memory requests denominated in G as multiples of 1024M, not 1000M.
Submitted batch job 3292396
Submitting /home/ntamvada/projects/def-gcohenfr/ntamvada/simulations/runscripts/n400_cor_nonsparse/176.run.job to the cluster
sbatch: NOTE: Your memory request of 131072M was likely submitted as 128G. Please note that Slurm interprets memory requests denominated in G as multiples of 1024M, not 1000M.
Submitted batch job 3292414
Submitting /home/ntamvada/projects/def-gcohenfr/ntamvada/simulations/runscripts/n400_cor_nonsparse/177.run.job to the cluster
sbatch: NOTE: Your memory request of 131072M was likely submitted as 128G. Please note that Slurm interprets memory requests denominated in G as multiples of 1024M, not 1000M.
Submitted batch job 3292429
Submitting /home/ntamvada/projects/def-gcohenfr/ntamvada/simulations/runscripts/n400_cor_nonsparse/178.run.job to the cluster
sbatch: NOTE: Your memory request of 131072M was likely submitted as 128G. Please note that Slurm interprets memory requests denominated in G as multiples of 1024M, not 1000M.
Submitted batch job 3292452
Submitting /home/ntamvada/projects/def-gcohenfr/ntamvada/simulations/runscripts/n400_cor_nonsparse/179.run.job to the cluster
sbatch: NOTE: Your memory request of 131072M was likely submitted as 128G. Please note that Slurm interprets memory requests denominated in G as multiples of 1024M, not 1000M.
Submitted batch job 3292476
Submitting /home/ntamvada/projects/def-gcohenfr/ntamvada/simulations/runscripts/n400_cor_nonsparse/180.run.job to the cluster
sbatch: NOTE: Your memory request of 131072M was likely submitted as 128G. Please note that Slurm interprets memory requests denominated in G as multiples of 1024M, not 1000M.
Submitted batch job 3292503
Submitting /home/ntamvada/projects/def-gcohenfr/ntamvada/simulations/runscripts/n400_cor_nonsparse/181.run.job to the cluster
sbatch: NOTE: Your memory request of 131072M was likely submitted as 128G. Please note that Slurm interprets memory requests denominated in G as multiples of 1024M, not 1000M.
Submitted batch job 3292516
Submitting /home/ntamvada/projects/def-gcohenfr/ntamvada/simulations/runscripts/n400_cor_nonsparse/182.run.job to the cluster
sbatch: NOTE: Your memory request of 131072M was likely submitted as 128G. Please note that Slurm interprets memory requests denominated in G as multiples of 1024M, not 1000M.
Submitted batch job 3292561
Submitting /home/ntamvada/projects/def-gcohenfr/ntamvada/simulations/runscripts/n400_cor_nonsparse/183.run.job to the cluster
slurmstepd: error: *** JOB 3207107 ON cdr693 CANCELLED AT 2023-06-01T23:47:13 DUE TO TIME LIMIT ***
