Submitting /home/ntamvada/projects/def-gcohenfr/ntamvada/simulations/runscripts/n400_cor_nonsparse/1.run.job to the cluster
sbatch: NOTE: Your memory request of 131072M was likely submitted as 128G. Please note that Slurm interprets memory requests denominated in G as multiples of 1024M, not 1000M.
Submitted batch job 3286540
Submitting /home/ntamvada/projects/def-gcohenfr/ntamvada/simulations/runscripts/n400_cor_nonsparse/2.run.job to the cluster
sbatch: NOTE: Your memory request of 131072M was likely submitted as 128G. Please note that Slurm interprets memory requests denominated in G as multiples of 1024M, not 1000M.
Submitted batch job 3286570
Submitting /home/ntamvada/projects/def-gcohenfr/ntamvada/simulations/runscripts/n400_cor_nonsparse/3.run.job to the cluster
sbatch: NOTE: Your memory request of 131072M was likely submitted as 128G. Please note that Slurm interprets memory requests denominated in G as multiples of 1024M, not 1000M.
Submitted batch job 3286647
Submitting /home/ntamvada/projects/def-gcohenfr/ntamvada/simulations/runscripts/n400_cor_nonsparse/4.run.job to the cluster
sbatch: NOTE: Your memory request of 131072M was likely submitted as 128G. Please note that Slurm interprets memory requests denominated in G as multiples of 1024M, not 1000M.
Submitted batch job 3286673
Submitting /home/ntamvada/projects/def-gcohenfr/ntamvada/simulations/runscripts/n400_cor_nonsparse/5.run.job to the cluster
sbatch: NOTE: Your memory request of 131072M was likely submitted as 128G. Please note that Slurm interprets memory requests denominated in G as multiples of 1024M, not 1000M.
Submitted batch job 3286720
Submitting /home/ntamvada/projects/def-gcohenfr/ntamvada/simulations/runscripts/n400_cor_nonsparse/6.run.job to the cluster
sbatch: NOTE: Your memory request of 131072M was likely submitted as 128G. Please note that Slurm interprets memory requests denominated in G as multiples of 1024M, not 1000M.
Submitted batch job 3286805
Submitting /home/ntamvada/projects/def-gcohenfr/ntamvada/simulations/runscripts/n400_cor_nonsparse/7.run.job to the cluster
sbatch: NOTE: Your memory request of 131072M was likely submitted as 128G. Please note that Slurm interprets memory requests denominated in G as multiples of 1024M, not 1000M.
Submitted batch job 3286859
Submitting /home/ntamvada/projects/def-gcohenfr/ntamvada/simulations/runscripts/n400_cor_nonsparse/8.run.job to the cluster
sbatch: NOTE: Your memory request of 131072M was likely submitted as 128G. Please note that Slurm interprets memory requests denominated in G as multiples of 1024M, not 1000M.
Submitted batch job 3286879
Submitting /home/ntamvada/projects/def-gcohenfr/ntamvada/simulations/runscripts/n400_cor_nonsparse/9.run.job to the cluster
sbatch: NOTE: Your memory request of 131072M was likely submitted as 128G. Please note that Slurm interprets memory requests denominated in G as multiples of 1024M, not 1000M.
Submitted batch job 3286905
Submitting /home/ntamvada/projects/def-gcohenfr/ntamvada/simulations/runscripts/n400_cor_nonsparse/10.run.job to the cluster
sbatch: NOTE: Your memory request of 131072M was likely submitted as 128G. Please note that Slurm interprets memory requests denominated in G as multiples of 1024M, not 1000M.
Submitted batch job 3286938
Submitting /home/ntamvada/projects/def-gcohenfr/ntamvada/simulations/runscripts/n400_cor_nonsparse/11.run.job to the cluster
sbatch: NOTE: Your memory request of 131072M was likely submitted as 128G. Please note that Slurm interprets memory requests denominated in G as multiples of 1024M, not 1000M.
Submitted batch job 3286977
Submitting /home/ntamvada/projects/def-gcohenfr/ntamvada/simulations/runscripts/n400_cor_nonsparse/12.run.job to the cluster
sbatch: NOTE: Your memory request of 131072M was likely submitted as 128G. Please note that Slurm interprets memory requests denominated in G as multiples of 1024M, not 1000M.
Submitted batch job 3287015
Submitting /home/ntamvada/projects/def-gcohenfr/ntamvada/simulations/runscripts/n400_cor_nonsparse/13.run.job to the cluster
sbatch: NOTE: Your memory request of 131072M was likely submitted as 128G. Please note that Slurm interprets memory requests denominated in G as multiples of 1024M, not 1000M.
Submitted batch job 3287023
Submitting /home/ntamvada/projects/def-gcohenfr/ntamvada/simulations/runscripts/n400_cor_nonsparse/14.run.job to the cluster
sbatch: NOTE: Your memory request of 131072M was likely submitted as 128G. Please note that Slurm interprets memory requests denominated in G as multiples of 1024M, not 1000M.
Submitted batch job 3287054
Submitting /home/ntamvada/projects/def-gcohenfr/ntamvada/simulations/runscripts/n400_cor_nonsparse/15.run.job to the cluster
sbatch: NOTE: Your memory request of 131072M was likely submitted as 128G. Please note that Slurm interprets memory requests denominated in G as multiples of 1024M, not 1000M.
Submitted batch job 3287069
Submitting /home/ntamvada/projects/def-gcohenfr/ntamvada/simulations/runscripts/n400_cor_nonsparse/16.run.job to the cluster
sbatch: NOTE: Your memory request of 131072M was likely submitted as 128G. Please note that Slurm interprets memory requests denominated in G as multiples of 1024M, not 1000M.
Submitted batch job 3287082
Submitting /home/ntamvada/projects/def-gcohenfr/ntamvada/simulations/runscripts/n400_cor_nonsparse/17.run.job to the cluster
sbatch: NOTE: Your memory request of 131072M was likely submitted as 128G. Please note that Slurm interprets memory requests denominated in G as multiples of 1024M, not 1000M.
Submitted batch job 3287110
Submitting /home/ntamvada/projects/def-gcohenfr/ntamvada/simulations/runscripts/n400_cor_nonsparse/18.run.job to the cluster
sbatch: NOTE: Your memory request of 131072M was likely submitted as 128G. Please note that Slurm interprets memory requests denominated in G as multiples of 1024M, not 1000M.
Submitted batch job 3287120
Submitting /home/ntamvada/projects/def-gcohenfr/ntamvada/simulations/runscripts/n400_cor_nonsparse/19.run.job to the cluster
sbatch: NOTE: Your memory request of 131072M was likely submitted as 128G. Please note that Slurm interprets memory requests denominated in G as multiples of 1024M, not 1000M.
Submitted batch job 3287142
Submitting /home/ntamvada/projects/def-gcohenfr/ntamvada/simulations/runscripts/n400_cor_nonsparse/20.run.job to the cluster
sbatch: NOTE: Your memory request of 131072M was likely submitted as 128G. Please note that Slurm interprets memory requests denominated in G as multiples of 1024M, not 1000M.
Submitted batch job 3287241
Submitting /home/ntamvada/projects/def-gcohenfr/ntamvada/simulations/runscripts/n400_cor_nonsparse/21.run.job to the cluster
sbatch: NOTE: Your memory request of 131072M was likely submitted as 128G. Please note that Slurm interprets memory requests denominated in G as multiples of 1024M, not 1000M.
Submitted batch job 3287270
Submitting /home/ntamvada/projects/def-gcohenfr/ntamvada/simulations/runscripts/n400_cor_nonsparse/22.run.job to the cluster
sbatch: NOTE: Your memory request of 131072M was likely submitted as 128G. Please note that Slurm interprets memory requests denominated in G as multiples of 1024M, not 1000M.
Submitted batch job 3287322
Submitting /home/ntamvada/projects/def-gcohenfr/ntamvada/simulations/runscripts/n400_cor_nonsparse/23.run.job to the cluster
sbatch: NOTE: Your memory request of 131072M was likely submitted as 128G. Please note that Slurm interprets memory requests denominated in G as multiples of 1024M, not 1000M.
Submitted batch job 3287439
Submitting /home/ntamvada/projects/def-gcohenfr/ntamvada/simulations/runscripts/n400_cor_nonsparse/24.run.job to the cluster
sbatch: NOTE: Your memory request of 131072M was likely submitted as 128G. Please note that Slurm interprets memory requests denominated in G as multiples of 1024M, not 1000M.
Submitted batch job 3287476
Submitting /home/ntamvada/projects/def-gcohenfr/ntamvada/simulations/runscripts/n400_cor_nonsparse/25.run.job to the cluster
sbatch: NOTE: Your memory request of 131072M was likely submitted as 128G. Please note that Slurm interprets memory requests denominated in G as multiples of 1024M, not 1000M.
Submitted batch job 3287489
Submitting /home/ntamvada/projects/def-gcohenfr/ntamvada/simulations/runscripts/n400_cor_nonsparse/26.run.job to the cluster
sbatch: NOTE: Your memory request of 131072M was likely submitted as 128G. Please note that Slurm interprets memory requests denominated in G as multiples of 1024M, not 1000M.
Submitted batch job 3287545
Submitting /home/ntamvada/projects/def-gcohenfr/ntamvada/simulations/runscripts/n400_cor_nonsparse/27.run.job to the cluster
sbatch: NOTE: Your memory request of 131072M was likely submitted as 128G. Please note that Slurm interprets memory requests denominated in G as multiples of 1024M, not 1000M.
Submitted batch job 3287590
Submitting /home/ntamvada/projects/def-gcohenfr/ntamvada/simulations/runscripts/n400_cor_nonsparse/28.run.job to the cluster
sbatch: NOTE: Your memory request of 131072M was likely submitted as 128G. Please note that Slurm interprets memory requests denominated in G as multiples of 1024M, not 1000M.
Submitted batch job 3287619
Submitting /home/ntamvada/projects/def-gcohenfr/ntamvada/simulations/runscripts/n400_cor_nonsparse/29.run.job to the cluster
sbatch: NOTE: Your memory request of 131072M was likely submitted as 128G. Please note that Slurm interprets memory requests denominated in G as multiples of 1024M, not 1000M.
Submitted batch job 3287675
Submitting /home/ntamvada/projects/def-gcohenfr/ntamvada/simulations/runscripts/n400_cor_nonsparse/30.run.job to the cluster
sbatch: NOTE: Your memory request of 131072M was likely submitted as 128G. Please note that Slurm interprets memory requests denominated in G as multiples of 1024M, not 1000M.
Submitted batch job 3287683
Submitting /home/ntamvada/projects/def-gcohenfr/ntamvada/simulations/runscripts/n400_cor_nonsparse/31.run.job to the cluster
sbatch: NOTE: Your memory request of 131072M was likely submitted as 128G. Please note that Slurm interprets memory requests denominated in G as multiples of 1024M, not 1000M.
Submitted batch job 3287701
Submitting /home/ntamvada/projects/def-gcohenfr/ntamvada/simulations/runscripts/n400_cor_nonsparse/32.run.job to the cluster
sbatch: NOTE: Your memory request of 131072M was likely submitted as 128G. Please note that Slurm interprets memory requests denominated in G as multiples of 1024M, not 1000M.
Submitted batch job 3287710
Submitting /home/ntamvada/projects/def-gcohenfr/ntamvada/simulations/runscripts/n400_cor_nonsparse/33.run.job to the cluster
sbatch: NOTE: Your memory request of 131072M was likely submitted as 128G. Please note that Slurm interprets memory requests denominated in G as multiples of 1024M, not 1000M.
Submitted batch job 3287718
Submitting /home/ntamvada/projects/def-gcohenfr/ntamvada/simulations/runscripts/n400_cor_nonsparse/34.run.job to the cluster
sbatch: NOTE: Your memory request of 131072M was likely submitted as 128G. Please note that Slurm interprets memory requests denominated in G as multiples of 1024M, not 1000M.
Submitted batch job 3287761
Submitting /home/ntamvada/projects/def-gcohenfr/ntamvada/simulations/runscripts/n400_cor_nonsparse/35.run.job to the cluster
sbatch: NOTE: Your memory request of 131072M was likely submitted as 128G. Please note that Slurm interprets memory requests denominated in G as multiples of 1024M, not 1000M.
Submitted batch job 3287774
Submitting /home/ntamvada/projects/def-gcohenfr/ntamvada/simulations/runscripts/n400_cor_nonsparse/36.run.job to the cluster
sbatch: NOTE: Your memory request of 131072M was likely submitted as 128G. Please note that Slurm interprets memory requests denominated in G as multiples of 1024M, not 1000M.
Submitted batch job 3287804
Submitting /home/ntamvada/projects/def-gcohenfr/ntamvada/simulations/runscripts/n400_cor_nonsparse/37.run.job to the cluster
sbatch: NOTE: Your memory request of 131072M was likely submitted as 128G. Please note that Slurm interprets memory requests denominated in G as multiples of 1024M, not 1000M.
Submitted batch job 3287826
Submitting /home/ntamvada/projects/def-gcohenfr/ntamvada/simulations/runscripts/n400_cor_nonsparse/38.run.job to the cluster
sbatch: NOTE: Your memory request of 131072M was likely submitted as 128G. Please note that Slurm interprets memory requests denominated in G as multiples of 1024M, not 1000M.
Submitted batch job 3287858
Submitting /home/ntamvada/projects/def-gcohenfr/ntamvada/simulations/runscripts/n400_cor_nonsparse/39.run.job to the cluster
sbatch: NOTE: Your memory request of 131072M was likely submitted as 128G. Please note that Slurm interprets memory requests denominated in G as multiples of 1024M, not 1000M.
Submitted batch job 3287883
Submitting /home/ntamvada/projects/def-gcohenfr/ntamvada/simulations/runscripts/n400_cor_nonsparse/40.run.job to the cluster
sbatch: NOTE: Your memory request of 131072M was likely submitted as 128G. Please note that Slurm interprets memory requests denominated in G as multiples of 1024M, not 1000M.
Submitted batch job 3287923
Submitting /home/ntamvada/projects/def-gcohenfr/ntamvada/simulations/runscripts/n400_cor_nonsparse/41.run.job to the cluster
sbatch: NOTE: Your memory request of 131072M was likely submitted as 128G. Please note that Slurm interprets memory requests denominated in G as multiples of 1024M, not 1000M.
Submitted batch job 3287944
Submitting /home/ntamvada/projects/def-gcohenfr/ntamvada/simulations/runscripts/n400_cor_nonsparse/42.run.job to the cluster
sbatch: NOTE: Your memory request of 131072M was likely submitted as 128G. Please note that Slurm interprets memory requests denominated in G as multiples of 1024M, not 1000M.
Submitted batch job 3287966
Submitting /home/ntamvada/projects/def-gcohenfr/ntamvada/simulations/runscripts/n400_cor_nonsparse/43.run.job to the cluster
sbatch: NOTE: Your memory request of 131072M was likely submitted as 128G. Please note that Slurm interprets memory requests denominated in G as multiples of 1024M, not 1000M.
Submitted batch job 3287988
Submitting /home/ntamvada/projects/def-gcohenfr/ntamvada/simulations/runscripts/n400_cor_nonsparse/44.run.job to the cluster
sbatch: NOTE: Your memory request of 131072M was likely submitted as 128G. Please note that Slurm interprets memory requests denominated in G as multiples of 1024M, not 1000M.
Submitted batch job 3288029
Submitting /home/ntamvada/projects/def-gcohenfr/ntamvada/simulations/runscripts/n400_cor_nonsparse/45.run.job to the cluster
sbatch: NOTE: Your memory request of 131072M was likely submitted as 128G. Please note that Slurm interprets memory requests denominated in G as multiples of 1024M, not 1000M.
Submitted batch job 3288129
Submitting /home/ntamvada/projects/def-gcohenfr/ntamvada/simulations/runscripts/n400_cor_nonsparse/46.run.job to the cluster
sbatch: NOTE: Your memory request of 131072M was likely submitted as 128G. Please note that Slurm interprets memory requests denominated in G as multiples of 1024M, not 1000M.
Submitted batch job 3288227
Submitting /home/ntamvada/projects/def-gcohenfr/ntamvada/simulations/runscripts/n400_cor_nonsparse/47.run.job to the cluster
sbatch: NOTE: Your memory request of 131072M was likely submitted as 128G. Please note that Slurm interprets memory requests denominated in G as multiples of 1024M, not 1000M.
Submitted batch job 3288278
Submitting /home/ntamvada/projects/def-gcohenfr/ntamvada/simulations/runscripts/n400_cor_nonsparse/48.run.job to the cluster
sbatch: NOTE: Your memory request of 131072M was likely submitted as 128G. Please note that Slurm interprets memory requests denominated in G as multiples of 1024M, not 1000M.
Submitted batch job 3288323
Submitting /home/ntamvada/projects/def-gcohenfr/ntamvada/simulations/runscripts/n400_cor_nonsparse/49.run.job to the cluster
sbatch: NOTE: Your memory request of 131072M was likely submitted as 128G. Please note that Slurm interprets memory requests denominated in G as multiples of 1024M, not 1000M.
Submitted batch job 3288333
Submitting /home/ntamvada/projects/def-gcohenfr/ntamvada/simulations/runscripts/n400_cor_nonsparse/50.run.job to the cluster
sbatch: NOTE: Your memory request of 131072M was likely submitted as 128G. Please note that Slurm interprets memory requests denominated in G as multiples of 1024M, not 1000M.
Submitted batch job 3288384
Submitting /home/ntamvada/projects/def-gcohenfr/ntamvada/simulations/runscripts/n400_cor_nonsparse/51.run.job to the cluster
sbatch: NOTE: Your memory request of 131072M was likely submitted as 128G. Please note that Slurm interprets memory requests denominated in G as multiples of 1024M, not 1000M.
Submitted batch job 3288400
Submitting /home/ntamvada/projects/def-gcohenfr/ntamvada/simulations/runscripts/n400_cor_nonsparse/52.run.job to the cluster
sbatch: NOTE: Your memory request of 131072M was likely submitted as 128G. Please note that Slurm interprets memory requests denominated in G as multiples of 1024M, not 1000M.
Submitted batch job 3288459
Submitting /home/ntamvada/projects/def-gcohenfr/ntamvada/simulations/runscripts/n400_cor_nonsparse/53.run.job to the cluster
sbatch: NOTE: Your memory request of 131072M was likely submitted as 128G. Please note that Slurm interprets memory requests denominated in G as multiples of 1024M, not 1000M.
Submitted batch job 3288484
Submitting /home/ntamvada/projects/def-gcohenfr/ntamvada/simulations/runscripts/n400_cor_nonsparse/54.run.job to the cluster
sbatch: NOTE: Your memory request of 131072M was likely submitted as 128G. Please note that Slurm interprets memory requests denominated in G as multiples of 1024M, not 1000M.
Submitted batch job 3288495
Submitting /home/ntamvada/projects/def-gcohenfr/ntamvada/simulations/runscripts/n400_cor_nonsparse/55.run.job to the cluster
sbatch: NOTE: Your memory request of 131072M was likely submitted as 128G. Please note that Slurm interprets memory requests denominated in G as multiples of 1024M, not 1000M.
Submitted batch job 3288512
Submitting /home/ntamvada/projects/def-gcohenfr/ntamvada/simulations/runscripts/n400_cor_nonsparse/56.run.job to the cluster
sbatch: NOTE: Your memory request of 131072M was likely submitted as 128G. Please note that Slurm interprets memory requests denominated in G as multiples of 1024M, not 1000M.
Submitted batch job 3288573
Submitting /home/ntamvada/projects/def-gcohenfr/ntamvada/simulations/runscripts/n400_cor_nonsparse/57.run.job to the cluster
sbatch: NOTE: Your memory request of 131072M was likely submitted as 128G. Please note that Slurm interprets memory requests denominated in G as multiples of 1024M, not 1000M.
Submitted batch job 3288594
Submitting /home/ntamvada/projects/def-gcohenfr/ntamvada/simulations/runscripts/n400_cor_nonsparse/58.run.job to the cluster
sbatch: NOTE: Your memory request of 131072M was likely submitted as 128G. Please note that Slurm interprets memory requests denominated in G as multiples of 1024M, not 1000M.
Submitted batch job 3288622
Submitting /home/ntamvada/projects/def-gcohenfr/ntamvada/simulations/runscripts/n400_cor_nonsparse/59.run.job to the cluster
sbatch: NOTE: Your memory request of 131072M was likely submitted as 128G. Please note that Slurm interprets memory requests denominated in G as multiples of 1024M, not 1000M.
Submitted batch job 3288649
Submitting /home/ntamvada/projects/def-gcohenfr/ntamvada/simulations/runscripts/n400_cor_nonsparse/60.run.job to the cluster
sbatch: error: Batch job submission failed: Socket timed out on send/recv operation
Submitting /home/ntamvada/projects/def-gcohenfr/ntamvada/simulations/runscripts/n400_cor_nonsparse/61.run.job to the cluster
sbatch: NOTE: Your memory request of 131072M was likely submitted as 128G. Please note that Slurm interprets memory requests denominated in G as multiples of 1024M, not 1000M.
Submitted batch job 3288778
Submitting /home/ntamvada/projects/def-gcohenfr/ntamvada/simulations/runscripts/n400_cor_nonsparse/62.run.job to the cluster
sbatch: NOTE: Your memory request of 131072M was likely submitted as 128G. Please note that Slurm interprets memory requests denominated in G as multiples of 1024M, not 1000M.
Submitted batch job 3288817
Submitting /home/ntamvada/projects/def-gcohenfr/ntamvada/simulations/runscripts/n400_cor_nonsparse/63.run.job to the cluster
sbatch: NOTE: Your memory request of 131072M was likely submitted as 128G. Please note that Slurm interprets memory requests denominated in G as multiples of 1024M, not 1000M.
Submitted batch job 3288852
Submitting /home/ntamvada/projects/def-gcohenfr/ntamvada/simulations/runscripts/n400_cor_nonsparse/64.run.job to the cluster
sbatch: NOTE: Your memory request of 131072M was likely submitted as 128G. Please note that Slurm interprets memory requests denominated in G as multiples of 1024M, not 1000M.
Submitted batch job 3288873
Submitting /home/ntamvada/projects/def-gcohenfr/ntamvada/simulations/runscripts/n400_cor_nonsparse/65.run.job to the cluster
sbatch: NOTE: Your memory request of 131072M was likely submitted as 128G. Please note that Slurm interprets memory requests denominated in G as multiples of 1024M, not 1000M.
Submitted batch job 3288905
Submitting /home/ntamvada/projects/def-gcohenfr/ntamvada/simulations/runscripts/n400_cor_nonsparse/66.run.job to the cluster
sbatch: NOTE: Your memory request of 131072M was likely submitted as 128G. Please note that Slurm interprets memory requests denominated in G as multiples of 1024M, not 1000M.
Submitted batch job 3288925
Submitting /home/ntamvada/projects/def-gcohenfr/ntamvada/simulations/runscripts/n400_cor_nonsparse/67.run.job to the cluster
sbatch: NOTE: Your memory request of 131072M was likely submitted as 128G. Please note that Slurm interprets memory requests denominated in G as multiples of 1024M, not 1000M.
Submitted batch job 3288949
Submitting /home/ntamvada/projects/def-gcohenfr/ntamvada/simulations/runscripts/n400_cor_nonsparse/68.run.job to the cluster
sbatch: NOTE: Your memory request of 131072M was likely submitted as 128G. Please note that Slurm interprets memory requests denominated in G as multiples of 1024M, not 1000M.
Submitted batch job 3288974
Submitting /home/ntamvada/projects/def-gcohenfr/ntamvada/simulations/runscripts/n400_cor_nonsparse/69.run.job to the cluster
sbatch: NOTE: Your memory request of 131072M was likely submitted as 128G. Please note that Slurm interprets memory requests denominated in G as multiples of 1024M, not 1000M.
Submitted batch job 3289002
Submitting /home/ntamvada/projects/def-gcohenfr/ntamvada/simulations/runscripts/n400_cor_nonsparse/70.run.job to the cluster
sbatch: NOTE: Your memory request of 131072M was likely submitted as 128G. Please note that Slurm interprets memory requests denominated in G as multiples of 1024M, not 1000M.
Submitted batch job 3289043
Submitting /home/ntamvada/projects/def-gcohenfr/ntamvada/simulations/runscripts/n400_cor_nonsparse/71.run.job to the cluster
sbatch: NOTE: Your memory request of 131072M was likely submitted as 128G. Please note that Slurm interprets memory requests denominated in G as multiples of 1024M, not 1000M.
Submitted batch job 3289082
Submitting /home/ntamvada/projects/def-gcohenfr/ntamvada/simulations/runscripts/n400_cor_nonsparse/72.run.job to the cluster
sbatch: NOTE: Your memory request of 131072M was likely submitted as 128G. Please note that Slurm interprets memory requests denominated in G as multiples of 1024M, not 1000M.
Submitted batch job 3289103
Submitting /home/ntamvada/projects/def-gcohenfr/ntamvada/simulations/runscripts/n400_cor_nonsparse/73.run.job to the cluster
sbatch: NOTE: Your memory request of 131072M was likely submitted as 128G. Please note that Slurm interprets memory requests denominated in G as multiples of 1024M, not 1000M.
Submitted batch job 3289130
Submitting /home/ntamvada/projects/def-gcohenfr/ntamvada/simulations/runscripts/n400_cor_nonsparse/74.run.job to the cluster
sbatch: NOTE: Your memory request of 131072M was likely submitted as 128G. Please note that Slurm interprets memory requests denominated in G as multiples of 1024M, not 1000M.
Submitted batch job 3289172
Submitting /home/ntamvada/projects/def-gcohenfr/ntamvada/simulations/runscripts/n400_cor_nonsparse/75.run.job to the cluster
sbatch: NOTE: Your memory request of 131072M was likely submitted as 128G. Please note that Slurm interprets memory requests denominated in G as multiples of 1024M, not 1000M.
Submitted batch job 3289217
Submitting /home/ntamvada/projects/def-gcohenfr/ntamvada/simulations/runscripts/n400_cor_nonsparse/76.run.job to the cluster
sbatch: NOTE: Your memory request of 131072M was likely submitted as 128G. Please note that Slurm interprets memory requests denominated in G as multiples of 1024M, not 1000M.
Submitted batch job 3289258
Submitting /home/ntamvada/projects/def-gcohenfr/ntamvada/simulations/runscripts/n400_cor_nonsparse/77.run.job to the cluster
sbatch: NOTE: Your memory request of 131072M was likely submitted as 128G. Please note that Slurm interprets memory requests denominated in G as multiples of 1024M, not 1000M.
Submitted batch job 3289299
Submitting /home/ntamvada/projects/def-gcohenfr/ntamvada/simulations/runscripts/n400_cor_nonsparse/78.run.job to the cluster
sbatch: NOTE: Your memory request of 131072M was likely submitted as 128G. Please note that Slurm interprets memory requests denominated in G as multiples of 1024M, not 1000M.
Submitted batch job 3289313
Submitting /home/ntamvada/projects/def-gcohenfr/ntamvada/simulations/runscripts/n400_cor_nonsparse/79.run.job to the cluster
sbatch: NOTE: Your memory request of 131072M was likely submitted as 128G. Please note that Slurm interprets memory requests denominated in G as multiples of 1024M, not 1000M.
Submitted batch job 3289358
Submitting /home/ntamvada/projects/def-gcohenfr/ntamvada/simulations/runscripts/n400_cor_nonsparse/80.run.job to the cluster
sbatch: NOTE: Your memory request of 131072M was likely submitted as 128G. Please note that Slurm interprets memory requests denominated in G as multiples of 1024M, not 1000M.
Submitted batch job 3289391
Submitting /home/ntamvada/projects/def-gcohenfr/ntamvada/simulations/runscripts/n400_cor_nonsparse/81.run.job to the cluster
sbatch: NOTE: Your memory request of 131072M was likely submitted as 128G. Please note that Slurm interprets memory requests denominated in G as multiples of 1024M, not 1000M.
Submitted batch job 3289401
Submitting /home/ntamvada/projects/def-gcohenfr/ntamvada/simulations/runscripts/n400_cor_nonsparse/82.run.job to the cluster
sbatch: NOTE: Your memory request of 131072M was likely submitted as 128G. Please note that Slurm interprets memory requests denominated in G as multiples of 1024M, not 1000M.
Submitted batch job 3289411
Submitting /home/ntamvada/projects/def-gcohenfr/ntamvada/simulations/runscripts/n400_cor_nonsparse/83.run.job to the cluster
sbatch: NOTE: Your memory request of 131072M was likely submitted as 128G. Please note that Slurm interprets memory requests denominated in G as multiples of 1024M, not 1000M.
Submitted batch job 3289511
Submitting /home/ntamvada/projects/def-gcohenfr/ntamvada/simulations/runscripts/n400_cor_nonsparse/84.run.job to the cluster
sbatch: NOTE: Your memory request of 131072M was likely submitted as 128G. Please note that Slurm interprets memory requests denominated in G as multiples of 1024M, not 1000M.
Submitted batch job 3289525
Submitting /home/ntamvada/projects/def-gcohenfr/ntamvada/simulations/runscripts/n400_cor_nonsparse/85.run.job to the cluster
sbatch: NOTE: Your memory request of 131072M was likely submitted as 128G. Please note that Slurm interprets memory requests denominated in G as multiples of 1024M, not 1000M.
Submitted batch job 3289548
Submitting /home/ntamvada/projects/def-gcohenfr/ntamvada/simulations/runscripts/n400_cor_nonsparse/86.run.job to the cluster
sbatch: NOTE: Your memory request of 131072M was likely submitted as 128G. Please note that Slurm interprets memory requests denominated in G as multiples of 1024M, not 1000M.
Submitted batch job 3289601
Submitting /home/ntamvada/projects/def-gcohenfr/ntamvada/simulations/runscripts/n400_cor_nonsparse/87.run.job to the cluster
sbatch: NOTE: Your memory request of 131072M was likely submitted as 128G. Please note that Slurm interprets memory requests denominated in G as multiples of 1024M, not 1000M.
Submitted batch job 3289617
Submitting /home/ntamvada/projects/def-gcohenfr/ntamvada/simulations/runscripts/n400_cor_nonsparse/88.run.job to the cluster
sbatch: NOTE: Your memory request of 131072M was likely submitted as 128G. Please note that Slurm interprets memory requests denominated in G as multiples of 1024M, not 1000M.
Submitted batch job 3289641
Submitting /home/ntamvada/projects/def-gcohenfr/ntamvada/simulations/runscripts/n400_cor_nonsparse/89.run.job to the cluster
sbatch: NOTE: Your memory request of 131072M was likely submitted as 128G. Please note that Slurm interprets memory requests denominated in G as multiples of 1024M, not 1000M.
Submitted batch job 3289665
Submitting /home/ntamvada/projects/def-gcohenfr/ntamvada/simulations/runscripts/n400_cor_nonsparse/90.run.job to the cluster
sbatch: NOTE: Your memory request of 131072M was likely submitted as 128G. Please note that Slurm interprets memory requests denominated in G as multiples of 1024M, not 1000M.
Submitted batch job 3289693
Submitting /home/ntamvada/projects/def-gcohenfr/ntamvada/simulations/runscripts/n400_cor_nonsparse/91.run.job to the cluster
sbatch: NOTE: Your memory request of 131072M was likely submitted as 128G. Please note that Slurm interprets memory requests denominated in G as multiples of 1024M, not 1000M.
Submitted batch job 3289708
Submitting /home/ntamvada/projects/def-gcohenfr/ntamvada/simulations/runscripts/n400_cor_nonsparse/92.run.job to the cluster
sbatch: NOTE: Your memory request of 131072M was likely submitted as 128G. Please note that Slurm interprets memory requests denominated in G as multiples of 1024M, not 1000M.
Submitted batch job 3289731
Submitting /home/ntamvada/projects/def-gcohenfr/ntamvada/simulations/runscripts/n400_cor_nonsparse/93.run.job to the cluster
sbatch: NOTE: Your memory request of 131072M was likely submitted as 128G. Please note that Slurm interprets memory requests denominated in G as multiples of 1024M, not 1000M.
Submitted batch job 3289757
Submitting /home/ntamvada/projects/def-gcohenfr/ntamvada/simulations/runscripts/n400_cor_nonsparse/94.run.job to the cluster
sbatch: NOTE: Your memory request of 131072M was likely submitted as 128G. Please note that Slurm interprets memory requests denominated in G as multiples of 1024M, not 1000M.
Submitted batch job 3289786
Submitting /home/ntamvada/projects/def-gcohenfr/ntamvada/simulations/runscripts/n400_cor_nonsparse/95.run.job to the cluster
sbatch: NOTE: Your memory request of 131072M was likely submitted as 128G. Please note that Slurm interprets memory requests denominated in G as multiples of 1024M, not 1000M.
Submitted batch job 3289823
Submitting /home/ntamvada/projects/def-gcohenfr/ntamvada/simulations/runscripts/n400_cor_nonsparse/96.run.job to the cluster
sbatch: error: Batch job submission failed: Socket timed out on send/recv operation
Submitting /home/ntamvada/projects/def-gcohenfr/ntamvada/simulations/runscripts/n400_cor_nonsparse/97.run.job to the cluster
sbatch: NOTE: Your memory request of 131072M was likely submitted as 128G. Please note that Slurm interprets memory requests denominated in G as multiples of 1024M, not 1000M.
Submitted batch job 3290076
Submitting /home/ntamvada/projects/def-gcohenfr/ntamvada/simulations/runscripts/n400_cor_nonsparse/98.run.job to the cluster
sbatch: NOTE: Your memory request of 131072M was likely submitted as 128G. Please note that Slurm interprets memory requests denominated in G as multiples of 1024M, not 1000M.
Submitted batch job 3290103
Submitting /home/ntamvada/projects/def-gcohenfr/ntamvada/simulations/runscripts/n400_cor_nonsparse/99.run.job to the cluster
sbatch: NOTE: Your memory request of 131072M was likely submitted as 128G. Please note that Slurm interprets memory requests denominated in G as multiples of 1024M, not 1000M.
Submitted batch job 3290158
Submitting /home/ntamvada/projects/def-gcohenfr/ntamvada/simulations/runscripts/n400_cor_nonsparse/100.run.job to the cluster
sbatch: NOTE: Your memory request of 131072M was likely submitted as 128G. Please note that Slurm interprets memory requests denominated in G as multiples of 1024M, not 1000M.
Submitted batch job 3290204
Submitting /home/ntamvada/projects/def-gcohenfr/ntamvada/simulations/runscripts/n400_cor_nonsparse/101.run.job to the cluster
sbatch: NOTE: Your memory request of 131072M was likely submitted as 128G. Please note that Slurm interprets memory requests denominated in G as multiples of 1024M, not 1000M.
Submitted batch job 3290219
Submitting /home/ntamvada/projects/def-gcohenfr/ntamvada/simulations/runscripts/n400_cor_nonsparse/102.run.job to the cluster
sbatch: NOTE: Your memory request of 131072M was likely submitted as 128G. Please note that Slurm interprets memory requests denominated in G as multiples of 1024M, not 1000M.
Submitted batch job 3290244
Submitting /home/ntamvada/projects/def-gcohenfr/ntamvada/simulations/runscripts/n400_cor_nonsparse/103.run.job to the cluster
sbatch: NOTE: Your memory request of 131072M was likely submitted as 128G. Please note that Slurm interprets memory requests denominated in G as multiples of 1024M, not 1000M.
Submitted batch job 3290268
Submitting /home/ntamvada/projects/def-gcohenfr/ntamvada/simulations/runscripts/n400_cor_nonsparse/104.run.job to the cluster
sbatch: NOTE: Your memory request of 131072M was likely submitted as 128G. Please note that Slurm interprets memory requests denominated in G as multiples of 1024M, not 1000M.
Submitted batch job 3290292
Submitting /home/ntamvada/projects/def-gcohenfr/ntamvada/simulations/runscripts/n400_cor_nonsparse/105.run.job to the cluster
sbatch: NOTE: Your memory request of 131072M was likely submitted as 128G. Please note that Slurm interprets memory requests denominated in G as multiples of 1024M, not 1000M.
Submitted batch job 3290318
Submitting /home/ntamvada/projects/def-gcohenfr/ntamvada/simulations/runscripts/n400_cor_nonsparse/106.run.job to the cluster
sbatch: NOTE: Your memory request of 131072M was likely submitted as 128G. Please note that Slurm interprets memory requests denominated in G as multiples of 1024M, not 1000M.
Submitted batch job 3290335
Submitting /home/ntamvada/projects/def-gcohenfr/ntamvada/simulations/runscripts/n400_cor_nonsparse/107.run.job to the cluster
sbatch: NOTE: Your memory request of 131072M was likely submitted as 128G. Please note that Slurm interprets memory requests denominated in G as multiples of 1024M, not 1000M.
Submitted batch job 3290360
Submitting /home/ntamvada/projects/def-gcohenfr/ntamvada/simulations/runscripts/n400_cor_nonsparse/108.run.job to the cluster
sbatch: NOTE: Your memory request of 131072M was likely submitted as 128G. Please note that Slurm interprets memory requests denominated in G as multiples of 1024M, not 1000M.
Submitted batch job 3290383
Submitting /home/ntamvada/projects/def-gcohenfr/ntamvada/simulations/runscripts/n400_cor_nonsparse/109.run.job to the cluster
sbatch: NOTE: Your memory request of 131072M was likely submitted as 128G. Please note that Slurm interprets memory requests denominated in G as multiples of 1024M, not 1000M.
Submitted batch job 3290394
Submitting /home/ntamvada/projects/def-gcohenfr/ntamvada/simulations/runscripts/n400_cor_nonsparse/110.run.job to the cluster
sbatch: NOTE: Your memory request of 131072M was likely submitted as 128G. Please note that Slurm interprets memory requests denominated in G as multiples of 1024M, not 1000M.
Submitted batch job 3290439
Submitting /home/ntamvada/projects/def-gcohenfr/ntamvada/simulations/runscripts/n400_cor_nonsparse/111.run.job to the cluster
sbatch: NOTE: Your memory request of 131072M was likely submitted as 128G. Please note that Slurm interprets memory requests denominated in G as multiples of 1024M, not 1000M.
Submitted batch job 3290488
Submitting /home/ntamvada/projects/def-gcohenfr/ntamvada/simulations/runscripts/n400_cor_nonsparse/112.run.job to the cluster
sbatch: NOTE: Your memory request of 131072M was likely submitted as 128G. Please note that Slurm interprets memory requests denominated in G as multiples of 1024M, not 1000M.
Submitted batch job 3290538
Submitting /home/ntamvada/projects/def-gcohenfr/ntamvada/simulations/runscripts/n400_cor_nonsparse/113.run.job to the cluster
sbatch: NOTE: Your memory request of 131072M was likely submitted as 128G. Please note that Slurm interprets memory requests denominated in G as multiples of 1024M, not 1000M.
Submitted batch job 3290570
Submitting /home/ntamvada/projects/def-gcohenfr/ntamvada/simulations/runscripts/n400_cor_nonsparse/114.run.job to the cluster
sbatch: NOTE: Your memory request of 131072M was likely submitted as 128G. Please note that Slurm interprets memory requests denominated in G as multiples of 1024M, not 1000M.
Submitted batch job 3290675
Submitting /home/ntamvada/projects/def-gcohenfr/ntamvada/simulations/runscripts/n400_cor_nonsparse/115.run.job to the cluster
sbatch: NOTE: Your memory request of 131072M was likely submitted as 128G. Please note that Slurm interprets memory requests denominated in G as multiples of 1024M, not 1000M.
Submitted batch job 3290699
Submitting /home/ntamvada/projects/def-gcohenfr/ntamvada/simulations/runscripts/n400_cor_nonsparse/116.run.job to the cluster
sbatch: NOTE: Your memory request of 131072M was likely submitted as 128G. Please note that Slurm interprets memory requests denominated in G as multiples of 1024M, not 1000M.
Submitted batch job 3290737
Submitting /home/ntamvada/projects/def-gcohenfr/ntamvada/simulations/runscripts/n400_cor_nonsparse/117.run.job to the cluster
sbatch: NOTE: Your memory request of 131072M was likely submitted as 128G. Please note that Slurm interprets memory requests denominated in G as multiples of 1024M, not 1000M.
Submitted batch job 3290787
Submitting /home/ntamvada/projects/def-gcohenfr/ntamvada/simulations/runscripts/n400_cor_nonsparse/118.run.job to the cluster
sbatch: NOTE: Your memory request of 131072M was likely submitted as 128G. Please note that Slurm interprets memory requests denominated in G as multiples of 1024M, not 1000M.
Submitted batch job 3290800
Submitting /home/ntamvada/projects/def-gcohenfr/ntamvada/simulations/runscripts/n400_cor_nonsparse/119.run.job to the cluster
sbatch: NOTE: Your memory request of 131072M was likely submitted as 128G. Please note that Slurm interprets memory requests denominated in G as multiples of 1024M, not 1000M.
Submitted batch job 3290840
Submitting /home/ntamvada/projects/def-gcohenfr/ntamvada/simulations/runscripts/n400_cor_nonsparse/120.run.job to the cluster
sbatch: NOTE: Your memory request of 131072M was likely submitted as 128G. Please note that Slurm interprets memory requests denominated in G as multiples of 1024M, not 1000M.
Submitted batch job 3290853
Submitting /home/ntamvada/projects/def-gcohenfr/ntamvada/simulations/runscripts/n400_cor_nonsparse/121.run.job to the cluster
sbatch: NOTE: Your memory request of 131072M was likely submitted as 128G. Please note that Slurm interprets memory requests denominated in G as multiples of 1024M, not 1000M.
Submitted batch job 3290882
Submitting /home/ntamvada/projects/def-gcohenfr/ntamvada/simulations/runscripts/n400_cor_nonsparse/122.run.job to the cluster
sbatch: NOTE: Your memory request of 131072M was likely submitted as 128G. Please note that Slurm interprets memory requests denominated in G as multiples of 1024M, not 1000M.
Submitted batch job 3290921
Submitting /home/ntamvada/projects/def-gcohenfr/ntamvada/simulations/runscripts/n400_cor_nonsparse/123.run.job to the cluster
sbatch: NOTE: Your memory request of 131072M was likely submitted as 128G. Please note that Slurm interprets memory requests denominated in G as multiples of 1024M, not 1000M.
Submitted batch job 3290962
Submitting /home/ntamvada/projects/def-gcohenfr/ntamvada/simulations/runscripts/n400_cor_nonsparse/124.run.job to the cluster
sbatch: NOTE: Your memory request of 131072M was likely submitted as 128G. Please note that Slurm interprets memory requests denominated in G as multiples of 1024M, not 1000M.
Submitted batch job 3290981
Submitting /home/ntamvada/projects/def-gcohenfr/ntamvada/simulations/runscripts/n400_cor_nonsparse/125.run.job to the cluster
sbatch: NOTE: Your memory request of 131072M was likely submitted as 128G. Please note that Slurm interprets memory requests denominated in G as multiples of 1024M, not 1000M.
Submitted batch job 3291019
Submitting /home/ntamvada/projects/def-gcohenfr/ntamvada/simulations/runscripts/n400_cor_nonsparse/126.run.job to the cluster
sbatch: NOTE: Your memory request of 131072M was likely submitted as 128G. Please note that Slurm interprets memory requests denominated in G as multiples of 1024M, not 1000M.
Submitted batch job 3291031
Submitting /home/ntamvada/projects/def-gcohenfr/ntamvada/simulations/runscripts/n400_cor_nonsparse/127.run.job to the cluster
sbatch: NOTE: Your memory request of 131072M was likely submitted as 128G. Please note that Slurm interprets memory requests denominated in G as multiples of 1024M, not 1000M.
Submitted batch job 3291063
Submitting /home/ntamvada/projects/def-gcohenfr/ntamvada/simulations/runscripts/n400_cor_nonsparse/128.run.job to the cluster
sbatch: NOTE: Your memory request of 131072M was likely submitted as 128G. Please note that Slurm interprets memory requests denominated in G as multiples of 1024M, not 1000M.
Submitted batch job 3291080
Submitting /home/ntamvada/projects/def-gcohenfr/ntamvada/simulations/runscripts/n400_cor_nonsparse/129.run.job to the cluster
sbatch: NOTE: Your memory request of 131072M was likely submitted as 128G. Please note that Slurm interprets memory requests denominated in G as multiples of 1024M, not 1000M.
Submitted batch job 3291089
Submitting /home/ntamvada/projects/def-gcohenfr/ntamvada/simulations/runscripts/n400_cor_nonsparse/130.run.job to the cluster
sbatch: NOTE: Your memory request of 131072M was likely submitted as 128G. Please note that Slurm interprets memory requests denominated in G as multiples of 1024M, not 1000M.
Submitted batch job 3291125
Submitting /home/ntamvada/projects/def-gcohenfr/ntamvada/simulations/runscripts/n400_cor_nonsparse/131.run.job to the cluster
sbatch: NOTE: Your memory request of 131072M was likely submitted as 128G. Please note that Slurm interprets memory requests denominated in G as multiples of 1024M, not 1000M.
Submitted batch job 3291145
Submitting /home/ntamvada/projects/def-gcohenfr/ntamvada/simulations/runscripts/n400_cor_nonsparse/132.run.job to the cluster
sbatch: NOTE: Your memory request of 131072M was likely submitted as 128G. Please note that Slurm interprets memory requests denominated in G as multiples of 1024M, not 1000M.
Submitted batch job 3291164
Submitting /home/ntamvada/projects/def-gcohenfr/ntamvada/simulations/runscripts/n400_cor_nonsparse/133.run.job to the cluster
sbatch: NOTE: Your memory request of 131072M was likely submitted as 128G. Please note that Slurm interprets memory requests denominated in G as multiples of 1024M, not 1000M.
Submitted batch job 3291201
Submitting /home/ntamvada/projects/def-gcohenfr/ntamvada/simulations/runscripts/n400_cor_nonsparse/134.run.job to the cluster
sbatch: NOTE: Your memory request of 131072M was likely submitted as 128G. Please note that Slurm interprets memory requests denominated in G as multiples of 1024M, not 1000M.
Submitted batch job 3291253
Submitting /home/ntamvada/projects/def-gcohenfr/ntamvada/simulations/runscripts/n400_cor_nonsparse/135.run.job to the cluster
sbatch: NOTE: Your memory request of 131072M was likely submitted as 128G. Please note that Slurm interprets memory requests denominated in G as multiples of 1024M, not 1000M.
Submitted batch job 3291265
Submitting /home/ntamvada/projects/def-gcohenfr/ntamvada/simulations/runscripts/n400_cor_nonsparse/136.run.job to the cluster
sbatch: NOTE: Your memory request of 131072M was likely submitted as 128G. Please note that Slurm interprets memory requests denominated in G as multiples of 1024M, not 1000M.
Submitted batch job 3291281
Submitting /home/ntamvada/projects/def-gcohenfr/ntamvada/simulations/runscripts/n400_cor_nonsparse/137.run.job to the cluster
sbatch: NOTE: Your memory request of 131072M was likely submitted as 128G. Please note that Slurm interprets memory requests denominated in G as multiples of 1024M, not 1000M.
Submitted batch job 3291310
Submitting /home/ntamvada/projects/def-gcohenfr/ntamvada/simulations/runscripts/n400_cor_nonsparse/138.run.job to the cluster
sbatch: NOTE: Your memory request of 131072M was likely submitted as 128G. Please note that Slurm interprets memory requests denominated in G as multiples of 1024M, not 1000M.
Submitted batch job 3291325
Submitting /home/ntamvada/projects/def-gcohenfr/ntamvada/simulations/runscripts/n400_cor_nonsparse/139.run.job to the cluster
sbatch: NOTE: Your memory request of 131072M was likely submitted as 128G. Please note that Slurm interprets memory requests denominated in G as multiples of 1024M, not 1000M.
Submitted batch job 3291358
Submitting /home/ntamvada/projects/def-gcohenfr/ntamvada/simulations/runscripts/n400_cor_nonsparse/140.run.job to the cluster
sbatch: NOTE: Your memory request of 131072M was likely submitted as 128G. Please note that Slurm interprets memory requests denominated in G as multiples of 1024M, not 1000M.
Submitted batch job 3291378
Submitting /home/ntamvada/projects/def-gcohenfr/ntamvada/simulations/runscripts/n400_cor_nonsparse/141.run.job to the cluster
sbatch: NOTE: Your memory request of 131072M was likely submitted as 128G. Please note that Slurm interprets memory requests denominated in G as multiples of 1024M, not 1000M.
Submitted batch job 3291397
Submitting /home/ntamvada/projects/def-gcohenfr/ntamvada/simulations/runscripts/n400_cor_nonsparse/142.run.job to the cluster
sbatch: NOTE: Your memory request of 131072M was likely submitted as 128G. Please note that Slurm interprets memory requests denominated in G as multiples of 1024M, not 1000M.
Submitted batch job 3291421
Submitting /home/ntamvada/projects/def-gcohenfr/ntamvada/simulations/runscripts/n400_cor_nonsparse/143.run.job to the cluster
sbatch: NOTE: Your memory request of 131072M was likely submitted as 128G. Please note that Slurm interprets memory requests denominated in G as multiples of 1024M, not 1000M.
Submitted batch job 3291444
Submitting /home/ntamvada/projects/def-gcohenfr/ntamvada/simulations/runscripts/n400_cor_nonsparse/144.run.job to the cluster
sbatch: NOTE: Your memory request of 131072M was likely submitted as 128G. Please note that Slurm interprets memory requests denominated in G as multiples of 1024M, not 1000M.
Submitted batch job 3291467
Submitting /home/ntamvada/projects/def-gcohenfr/ntamvada/simulations/runscripts/n400_cor_nonsparse/145.run.job to the cluster
sbatch: NOTE: Your memory request of 131072M was likely submitted as 128G. Please note that Slurm interprets memory requests denominated in G as multiples of 1024M, not 1000M.
Submitted batch job 3291496
Submitting /home/ntamvada/projects/def-gcohenfr/ntamvada/simulations/runscripts/n400_cor_nonsparse/146.run.job to the cluster
sbatch: NOTE: Your memory request of 131072M was likely submitted as 128G. Please note that Slurm interprets memory requests denominated in G as multiples of 1024M, not 1000M.
Submitted batch job 3291516
Submitting /home/ntamvada/projects/def-gcohenfr/ntamvada/simulations/runscripts/n400_cor_nonsparse/147.run.job to the cluster
sbatch: NOTE: Your memory request of 131072M was likely submitted as 128G. Please note that Slurm interprets memory requests denominated in G as multiples of 1024M, not 1000M.
Submitted batch job 3291524
Submitting /home/ntamvada/projects/def-gcohenfr/ntamvada/simulations/runscripts/n400_cor_nonsparse/148.run.job to the cluster
sbatch: NOTE: Your memory request of 131072M was likely submitted as 128G. Please note that Slurm interprets memory requests denominated in G as multiples of 1024M, not 1000M.
Submitted batch job 3291570
Submitting /home/ntamvada/projects/def-gcohenfr/ntamvada/simulations/runscripts/n400_cor_nonsparse/149.run.job to the cluster
sbatch: NOTE: Your memory request of 131072M was likely submitted as 128G. Please note that Slurm interprets memory requests denominated in G as multiples of 1024M, not 1000M.
Submitted batch job 3291582
Submitting /home/ntamvada/projects/def-gcohenfr/ntamvada/simulations/runscripts/n400_cor_nonsparse/150.run.job to the cluster
sbatch: NOTE: Your memory request of 131072M was likely submitted as 128G. Please note that Slurm interprets memory requests denominated in G as multiples of 1024M, not 1000M.
Submitted batch job 3291601
Submitting /home/ntamvada/projects/def-gcohenfr/ntamvada/simulations/runscripts/n400_cor_nonsparse/151.run.job to the cluster
sbatch: NOTE: Your memory request of 131072M was likely submitted as 128G. Please note that Slurm interprets memory requests denominated in G as multiples of 1024M, not 1000M.
Submitted batch job 3291622
Submitting /home/ntamvada/projects/def-gcohenfr/ntamvada/simulations/runscripts/n400_cor_nonsparse/152.run.job to the cluster
sbatch: NOTE: Your memory request of 131072M was likely submitted as 128G. Please note that Slurm interprets memory requests denominated in G as multiples of 1024M, not 1000M.
Submitted batch job 3291668
Submitting /home/ntamvada/projects/def-gcohenfr/ntamvada/simulations/runscripts/n400_cor_nonsparse/153.run.job to the cluster
sbatch: NOTE: Your memory request of 131072M was likely submitted as 128G. Please note that Slurm interprets memory requests denominated in G as multiples of 1024M, not 1000M.
Submitted batch job 3291701
Submitting /home/ntamvada/projects/def-gcohenfr/ntamvada/simulations/runscripts/n400_cor_nonsparse/154.run.job to the cluster
sbatch: NOTE: Your memory request of 131072M was likely submitted as 128G. Please note that Slurm interprets memory requests denominated in G as multiples of 1024M, not 1000M.
Submitted batch job 3291732
Submitting /home/ntamvada/projects/def-gcohenfr/ntamvada/simulations/runscripts/n400_cor_nonsparse/155.run.job to the cluster
sbatch: NOTE: Your memory request of 131072M was likely submitted as 128G. Please note that Slurm interprets memory requests denominated in G as multiples of 1024M, not 1000M.
Submitted batch job 3291756
Submitting /home/ntamvada/projects/def-gcohenfr/ntamvada/simulations/runscripts/n400_cor_nonsparse/156.run.job to the cluster
sbatch: NOTE: Your memory request of 131072M was likely submitted as 128G. Please note that Slurm interprets memory requests denominated in G as multiples of 1024M, not 1000M.
Submitted batch job 3291798
Submitting /home/ntamvada/projects/def-gcohenfr/ntamvada/simulations/runscripts/n400_cor_nonsparse/157.run.job to the cluster
sbatch: NOTE: Your memory request of 131072M was likely submitted as 128G. Please note that Slurm interprets memory requests denominated in G as multiples of 1024M, not 1000M.
Submitted batch job 3291829
Submitting /home/ntamvada/projects/def-gcohenfr/ntamvada/simulations/runscripts/n400_cor_nonsparse/158.run.job to the cluster
sbatch: NOTE: Your memory request of 131072M was likely submitted as 128G. Please note that Slurm interprets memory requests denominated in G as multiples of 1024M, not 1000M.
Submitted batch job 3291838
Submitting /home/ntamvada/projects/def-gcohenfr/ntamvada/simulations/runscripts/n400_cor_nonsparse/159.run.job to the cluster
sbatch: NOTE: Your memory request of 131072M was likely submitted as 128G. Please note that Slurm interprets memory requests denominated in G as multiples of 1024M, not 1000M.
Submitted batch job 3291862
Submitting /home/ntamvada/projects/def-gcohenfr/ntamvada/simulations/runscripts/n400_cor_nonsparse/160.run.job to the cluster
sbatch: NOTE: Your memory request of 131072M was likely submitted as 128G. Please note that Slurm interprets memory requests denominated in G as multiples of 1024M, not 1000M.
Submitted batch job 3291886
Submitting /home/ntamvada/projects/def-gcohenfr/ntamvada/simulations/runscripts/n400_cor_nonsparse/161.run.job to the cluster
sbatch: NOTE: Your memory request of 131072M was likely submitted as 128G. Please note that Slurm interprets memory requests denominated in G as multiples of 1024M, not 1000M.
Submitted batch job 3291903
Submitting /home/ntamvada/projects/def-gcohenfr/ntamvada/simulations/runscripts/n400_cor_nonsparse/162.run.job to the cluster
sbatch: NOTE: Your memory request of 131072M was likely submitted as 128G. Please note that Slurm interprets memory requests denominated in G as multiples of 1024M, not 1000M.
Submitted batch job 3291977
Submitting /home/ntamvada/projects/def-gcohenfr/ntamvada/simulations/runscripts/n400_cor_nonsparse/163.run.job to the cluster
sbatch: NOTE: Your memory request of 131072M was likely submitted as 128G. Please note that Slurm interprets memory requests denominated in G as multiples of 1024M, not 1000M.
Submitted batch job 3291990
Submitting /home/ntamvada/projects/def-gcohenfr/ntamvada/simulations/runscripts/n400_cor_nonsparse/164.run.job to the cluster
sbatch: NOTE: Your memory request of 131072M was likely submitted as 128G. Please note that Slurm interprets memory requests denominated in G as multiples of 1024M, not 1000M.
Submitted batch job 3292022
Submitting /home/ntamvada/projects/def-gcohenfr/ntamvada/simulations/runscripts/n400_cor_nonsparse/165.run.job to the cluster
sbatch: NOTE: Your memory request of 131072M was likely submitted as 128G. Please note that Slurm interprets memory requests denominated in G as multiples of 1024M, not 1000M.
Submitted batch job 3292041
Submitting /home/ntamvada/projects/def-gcohenfr/ntamvada/simulations/runscripts/n400_cor_nonsparse/166.run.job to the cluster
sbatch: NOTE: Your memory request of 131072M was likely submitted as 128G. Please note that Slurm interprets memory requests denominated in G as multiples of 1024M, not 1000M.
Submitted batch job 3292061
Submitting /home/ntamvada/projects/def-gcohenfr/ntamvada/simulations/runscripts/n400_cor_nonsparse/167.run.job to the cluster
sbatch: NOTE: Your memory request of 131072M was likely submitted as 128G. Please note that Slurm interprets memory requests denominated in G as multiples of 1024M, not 1000M.
Submitted batch job 3292069
Submitting /home/ntamvada/projects/def-gcohenfr/ntamvada/simulations/runscripts/n400_cor_nonsparse/168.run.job to the cluster
sbatch: NOTE: Your memory request of 131072M was likely submitted as 128G. Please note that Slurm interprets memory requests denominated in G as multiples of 1024M, not 1000M.
Submitted batch job 3292092
Submitting /home/ntamvada/projects/def-gcohenfr/ntamvada/simulations/runscripts/n400_cor_nonsparse/169.run.job to the cluster
sbatch: NOTE: Your memory request of 131072M was likely submitted as 128G. Please note that Slurm interprets memory requests denominated in G as multiples of 1024M, not 1000M.
Submitted batch job 3292116
Submitting /home/ntamvada/projects/def-gcohenfr/ntamvada/simulations/runscripts/n400_cor_nonsparse/170.run.job to the cluster
sbatch: NOTE: Your memory request of 131072M was likely submitted as 128G. Please note that Slurm interprets memory requests denominated in G as multiples of 1024M, not 1000M.
Submitted batch job 3292127
Submitting /home/ntamvada/projects/def-gcohenfr/ntamvada/simulations/runscripts/n400_cor_nonsparse/171.run.job to the cluster
sbatch: NOTE: Your memory request of 131072M was likely submitted as 128G. Please note that Slurm interprets memory requests denominated in G as multiples of 1024M, not 1000M.
Submitted batch job 3292150
Submitting /home/ntamvada/projects/def-gcohenfr/ntamvada/simulations/runscripts/n400_cor_nonsparse/172.run.job to the cluster
sbatch: NOTE: Your memory request of 131072M was likely submitted as 128G. Please note that Slurm interprets memory requests denominated in G as multiples of 1024M, not 1000M.
Submitted batch job 3292182
Submitting /home/ntamvada/projects/def-gcohenfr/ntamvada/simulations/runscripts/n400_cor_nonsparse/173.run.job to the cluster
sbatch: NOTE: Your memory request of 131072M was likely submitted as 128G. Please note that Slurm interprets memory requests denominated in G as multiples of 1024M, not 1000M.
Submitted batch job 3292199
Submitting /home/ntamvada/projects/def-gcohenfr/ntamvada/simulations/runscripts/n400_cor_nonsparse/174.run.job to the cluster
sbatch: NOTE: Your memory request of 131072M was likely submitted as 128G. Please note that Slurm interprets memory requests denominated in G as multiples of 1024M, not 1000M.
Submitted batch job 3292247
Submitting /home/ntamvada/projects/def-gcohenfr/ntamvada/simulations/runscripts/n400_cor_nonsparse/175.run.job to the cluster
sbatch: NOTE: Your memory request of 131072M was likely submitted as 128G. Please note that Slurm interprets memory requests denominated in G as multiples of 1024M, not 1000M.
Submitted batch job 3292283
Submitting /home/ntamvada/projects/def-gcohenfr/ntamvada/simulations/runscripts/n400_cor_nonsparse/176.run.job to the cluster
sbatch: NOTE: Your memory request of 131072M was likely submitted as 128G. Please note that Slurm interprets memory requests denominated in G as multiples of 1024M, not 1000M.
Submitted batch job 3292305
Submitting /home/ntamvada/projects/def-gcohenfr/ntamvada/simulations/runscripts/n400_cor_nonsparse/177.run.job to the cluster
sbatch: NOTE: Your memory request of 131072M was likely submitted as 128G. Please note that Slurm interprets memory requests denominated in G as multiples of 1024M, not 1000M.
Submitted batch job 3292365
Submitting /home/ntamvada/projects/def-gcohenfr/ntamvada/simulations/runscripts/n400_cor_nonsparse/178.run.job to the cluster
sbatch: error: Batch job submission failed: Socket timed out on send/recv operation
Submitting /home/ntamvada/projects/def-gcohenfr/ntamvada/simulations/runscripts/n400_cor_nonsparse/179.run.job to the cluster
sbatch: NOTE: Your memory request of 131072M was likely submitted as 128G. Please note that Slurm interprets memory requests denominated in G as multiples of 1024M, not 1000M.
Submitted batch job 3292481
Submitting /home/ntamvada/projects/def-gcohenfr/ntamvada/simulations/runscripts/n400_cor_nonsparse/180.run.job to the cluster
sbatch: NOTE: Your memory request of 131072M was likely submitted as 128G. Please note that Slurm interprets memory requests denominated in G as multiples of 1024M, not 1000M.
Submitted batch job 3292512
Submitting /home/ntamvada/projects/def-gcohenfr/ntamvada/simulations/runscripts/n400_cor_nonsparse/181.run.job to the cluster
sbatch: NOTE: Your memory request of 131072M was likely submitted as 128G. Please note that Slurm interprets memory requests denominated in G as multiples of 1024M, not 1000M.
Submitted batch job 3292566
Submitting /home/ntamvada/projects/def-gcohenfr/ntamvada/simulations/runscripts/n400_cor_nonsparse/182.run.job to the cluster
sbatch: NOTE: Your memory request of 131072M was likely submitted as 128G. Please note that Slurm interprets memory requests denominated in G as multiples of 1024M, not 1000M.
Submitted batch job 3292574
Submitting /home/ntamvada/projects/def-gcohenfr/ntamvada/simulations/runscripts/n400_cor_nonsparse/183.run.job to the cluster
sbatch: NOTE: Your memory request of 131072M was likely submitted as 128G. Please note that Slurm interprets memory requests denominated in G as multiples of 1024M, not 1000M.
Submitted batch job 3292587
Submitting /home/ntamvada/projects/def-gcohenfr/ntamvada/simulations/runscripts/n400_cor_nonsparse/184.run.job to the cluster
slurmstepd: error: *** JOB 3221453 ON cdr693 CANCELLED AT 2023-06-01T23:47:16 DUE TO TIME LIMIT ***
